14:42:23 INFO  : Registering command handlers for SDK TCF services
14:42:24 INFO  : Launching XSCT server: xsct.bat -interactive C:\Users\Robert\xilinx_projects\ILA_ClockDivider\temp_xsdb_launch_script.tcl
14:42:26 INFO  : XSCT server has started successfully.
14:42:26 INFO  : Successfully done setting XSCT server connection channel  
14:42:26 INFO  : Successfully done setting SDK workspace  
14:43:47 INFO  : Registering command handlers for SDK TCF services
14:43:47 INFO  : Launching XSCT server: xsct.bat -interactive C:\Users\Robert\xilinx_projects\ILA_ClockDivider\temp_xsdb_launch_script.tcl
14:43:49 INFO  : XSCT server has started successfully.
14:43:49 INFO  : Successfully done setting XSCT server connection channel  
14:43:50 INFO  : Successfully done setting SDK workspace  
14:50:09 INFO  : 'targets -set -filter {jtag_cable_name =~ "Digilent Zybo 210279772227A" && level==0} -index 1' command is executed.
14:50:09 INFO  : 'fpga -state' command is executed.
14:50:09 INFO  : Connected to target on host '127.0.0.1' and port '3121'.
14:50:10 INFO  : Jtag cable 'Digilent Zybo 210279772227A' is selected.
14:50:10 INFO  : 'jtag frequency' command is executed.
14:50:10 INFO  : Sourcing of 'C:/Users/Robert/xilinx_projects/ILA_ClockDivider/ILA_ClockDivider.sdk/ILA_ClockDivider_wrapper_hw_platform_0/ps7_init.tcl' is done.
14:50:10 INFO  : Context for 'APU' is selected.
14:50:10 INFO  : Hardware design information is loaded from 'C:/Users/Robert/xilinx_projects/ILA_ClockDivider/ILA_ClockDivider.sdk/ILA_ClockDivider_wrapper_hw_platform_0/system.hdf'.
14:50:10 INFO  : 'configparams force-mem-access 1' command is executed.
14:50:10 INFO  : Context for 'APU' is selected.
14:50:10 INFO  : 'stop' command is executed.
14:50:10 INFO  : 'ps7_init' command is executed.
14:50:10 INFO  : 'ps7_post_config' command is executed.
14:50:10 INFO  : Context for processor 'ps7_cortexa9_0' is selected.
14:50:10 INFO  : Processor reset is completed for 'ps7_cortexa9_0'.
14:50:10 INFO  : Context for processor 'ps7_cortexa9_0' is selected.
14:50:10 INFO  : The application 'C:/Users/Robert/xilinx_projects/ILA_ClockDivider/ILA_ClockDivider.sdk/ILA_ClockDivider/Debug/ILA_ClockDivider.elf' is downloaded to processor 'ps7_cortexa9_0'.
14:50:10 INFO  : 'configparams force-mem-access 0' command is executed.
14:50:10 INFO  : ----------------XSDB Script----------------
connect -url tcp:127.0.0.1:3121
source C:/Users/Robert/xilinx_projects/ILA_ClockDivider/ILA_ClockDivider.sdk/ILA_ClockDivider_wrapper_hw_platform_0/ps7_init.tcl
targets -set -nocase -filter {name =~"APU*" && jtag_cable_name =~ "Digilent Zybo 210279772227A"} -index 0
loadhw -hw C:/Users/Robert/xilinx_projects/ILA_ClockDivider/ILA_ClockDivider.sdk/ILA_ClockDivider_wrapper_hw_platform_0/system.hdf -mem-ranges [list {0x40000000 0xbfffffff}]
configparams force-mem-access 1
targets -set -nocase -filter {name =~"APU*" && jtag_cable_name =~ "Digilent Zybo 210279772227A"} -index 0
stop
ps7_init
ps7_post_config
targets -set -nocase -filter {name =~ "ARM*#0" && jtag_cable_name =~ "Digilent Zybo 210279772227A"} -index 0
rst -processor
targets -set -nocase -filter {name =~ "ARM*#0" && jtag_cable_name =~ "Digilent Zybo 210279772227A"} -index 0
dow C:/Users/Robert/xilinx_projects/ILA_ClockDivider/ILA_ClockDivider.sdk/ILA_ClockDivider/Debug/ILA_ClockDivider.elf
configparams force-mem-access 0
----------------End of Script----------------

14:51:23 INFO  : Disconnected from the channel tcfchan#1.
15:04:49 INFO  : 'targets -set -filter {jtag_cable_name =~ "Digilent Zybo 210279772227A" && level==0} -index 1' command is executed.
15:04:49 INFO  : 'fpga -state' command is executed.
15:04:49 INFO  : Connected to target on host '127.0.0.1' and port '3121'.
15:04:49 INFO  : Jtag cable 'Digilent Zybo 210279772227A' is selected.
15:04:49 INFO  : 'jtag frequency' command is executed.
15:04:49 INFO  : Sourcing of 'C:/Users/Robert/xilinx_projects/ILA_ClockDivider/ILA_ClockDivider.sdk/ILA_ClockDivider_wrapper_hw_platform_0/ps7_init.tcl' is done.
15:04:49 INFO  : Context for 'APU' is selected.
15:04:49 INFO  : Hardware design information is loaded from 'C:/Users/Robert/xilinx_projects/ILA_ClockDivider/ILA_ClockDivider.sdk/ILA_ClockDivider_wrapper_hw_platform_0/system.hdf'.
15:04:49 INFO  : 'configparams force-mem-access 1' command is executed.
15:04:49 INFO  : Context for 'APU' is selected.
15:04:49 INFO  : 'stop' command is executed.
15:04:49 INFO  : 'ps7_init' command is executed.
15:04:49 INFO  : 'ps7_post_config' command is executed.
15:04:50 INFO  : Context for processor 'ps7_cortexa9_0' is selected.
15:04:50 INFO  : Processor reset is completed for 'ps7_cortexa9_0'.
15:04:50 INFO  : Context for processor 'ps7_cortexa9_0' is selected.
15:04:50 INFO  : The application 'C:/Users/Robert/xilinx_projects/ILA_ClockDivider/ILA_ClockDivider.sdk/ILA_ClockDivider/Debug/ILA_ClockDivider.elf' is downloaded to processor 'ps7_cortexa9_0'.
15:04:50 INFO  : 'configparams force-mem-access 0' command is executed.
15:04:50 INFO  : ----------------XSDB Script----------------
connect -url tcp:127.0.0.1:3121
source C:/Users/Robert/xilinx_projects/ILA_ClockDivider/ILA_ClockDivider.sdk/ILA_ClockDivider_wrapper_hw_platform_0/ps7_init.tcl
targets -set -nocase -filter {name =~"APU*" && jtag_cable_name =~ "Digilent Zybo 210279772227A"} -index 0
loadhw -hw C:/Users/Robert/xilinx_projects/ILA_ClockDivider/ILA_ClockDivider.sdk/ILA_ClockDivider_wrapper_hw_platform_0/system.hdf -mem-ranges [list {0x40000000 0xbfffffff}]
configparams force-mem-access 1
targets -set -nocase -filter {name =~"APU*" && jtag_cable_name =~ "Digilent Zybo 210279772227A"} -index 0
stop
ps7_init
ps7_post_config
targets -set -nocase -filter {name =~ "ARM*#0" && jtag_cable_name =~ "Digilent Zybo 210279772227A"} -index 0
rst -processor
targets -set -nocase -filter {name =~ "ARM*#0" && jtag_cable_name =~ "Digilent Zybo 210279772227A"} -index 0
dow C:/Users/Robert/xilinx_projects/ILA_ClockDivider/ILA_ClockDivider.sdk/ILA_ClockDivider/Debug/ILA_ClockDivider.elf
configparams force-mem-access 0
----------------End of Script----------------

15:10:56 INFO  : Disconnected from the channel tcfchan#2.
15:11:20 INFO  : 'targets -set -filter {jtag_cable_name =~ "Digilent Zybo 210279772227A" && level==0} -index 1' command is executed.
15:11:20 INFO  : 'fpga -state' command is executed.
15:11:20 INFO  : Connected to target on host '127.0.0.1' and port '3121'.
15:11:20 INFO  : Jtag cable 'Digilent Zybo 210279772227A' is selected.
15:11:20 INFO  : 'jtag frequency' command is executed.
15:11:20 INFO  : Sourcing of 'C:/Users/Robert/xilinx_projects/ILA_ClockDivider/ILA_ClockDivider.sdk/ILA_ClockDivider_wrapper_hw_platform_0/ps7_init.tcl' is done.
15:11:20 INFO  : Context for 'APU' is selected.
15:11:20 INFO  : Hardware design information is loaded from 'C:/Users/Robert/xilinx_projects/ILA_ClockDivider/ILA_ClockDivider.sdk/ILA_ClockDivider_wrapper_hw_platform_0/system.hdf'.
15:11:20 INFO  : 'configparams force-mem-access 1' command is executed.
15:11:20 INFO  : Context for 'APU' is selected.
15:11:20 INFO  : 'stop' command is executed.
15:11:21 INFO  : 'ps7_init' command is executed.
15:11:21 INFO  : 'ps7_post_config' command is executed.
15:11:21 INFO  : Context for processor 'ps7_cortexa9_0' is selected.
15:11:21 INFO  : Processor reset is completed for 'ps7_cortexa9_0'.
15:11:21 INFO  : Context for processor 'ps7_cortexa9_0' is selected.
15:11:21 INFO  : The application 'C:/Users/Robert/xilinx_projects/ILA_ClockDivider/ILA_ClockDivider.sdk/ILA_ClockDivider/Debug/ILA_ClockDivider.elf' is downloaded to processor 'ps7_cortexa9_0'.
15:11:21 INFO  : 'configparams force-mem-access 0' command is executed.
15:11:21 INFO  : ----------------XSDB Script----------------
connect -url tcp:127.0.0.1:3121
source C:/Users/Robert/xilinx_projects/ILA_ClockDivider/ILA_ClockDivider.sdk/ILA_ClockDivider_wrapper_hw_platform_0/ps7_init.tcl
targets -set -nocase -filter {name =~"APU*" && jtag_cable_name =~ "Digilent Zybo 210279772227A"} -index 0
loadhw -hw C:/Users/Robert/xilinx_projects/ILA_ClockDivider/ILA_ClockDivider.sdk/ILA_ClockDivider_wrapper_hw_platform_0/system.hdf -mem-ranges [list {0x40000000 0xbfffffff}]
configparams force-mem-access 1
targets -set -nocase -filter {name =~"APU*" && jtag_cable_name =~ "Digilent Zybo 210279772227A"} -index 0
stop
ps7_init
ps7_post_config
targets -set -nocase -filter {name =~ "ARM*#0" && jtag_cable_name =~ "Digilent Zybo 210279772227A"} -index 0
rst -processor
targets -set -nocase -filter {name =~ "ARM*#0" && jtag_cable_name =~ "Digilent Zybo 210279772227A"} -index 0
dow C:/Users/Robert/xilinx_projects/ILA_ClockDivider/ILA_ClockDivider.sdk/ILA_ClockDivider/Debug/ILA_ClockDivider.elf
configparams force-mem-access 0
----------------End of Script----------------

15:22:12 INFO  : Disconnected from the channel tcfchan#3.
