INFO: [VRFC 10-163] Analyzing VHDL file "D:/SeaGateTransferTemp/Injector_Characterization/Injector_Characterization.srcs/sources_1/bd/Injector_Characterization/ipshared/0beb/hdl/TestMultiReg_v1_0_S00_AXI.vhd" into library xil_defaultlib
INFO: [VRFC 10-307] analyzing entity TestMultiReg_v1_0_S00_AXI
INFO: [VRFC 10-163] Analyzing VHDL file "D:/SeaGateTransferTemp/Injector_Characterization/Injector_Characterization.srcs/sources_1/bd/Injector_Characterization/ipshared/0beb/src/fifo_injector.vhd" into library xil_defaultlib
INFO: [VRFC 10-307] analyzing entity fifo_injector
INFO: [VRFC 10-163] Analyzing VHDL file "D:/SeaGateTransferTemp/Injector_Characterization/Injector_Characterization.srcs/sources_1/bd/Injector_Characterization/ipshared/0beb/hdl/TestMultiReg_v1_0.vhd" into library xil_defaultlib
INFO: [VRFC 10-307] analyzing entity TestMultiReg_v1_0
INFO: [VRFC 10-163] Analyzing VHDL file "D:/SeaGateTransferTemp/Injector_Characterization/Injector_Characterization.srcs/sources_1/bd/Injector_Characterization/ip/Injector_Characterization_AXI_Injector_0_1/sim/Injector_Characterization_AXI_Injector_0_1.vhd" into library xil_defaultlib
INFO: [VRFC 10-307] analyzing entity Injector_Characterization_AXI_Injector_0_1
INFO: [VRFC 10-163] Analyzing VHDL file "D:/SeaGateTransferTemp/Injector_Characterization/Injector_Characterization.srcs/sources_1/bd/Injector_Characterization/ipshared/ef1e/hdl/lib_cdc_v1_0_rfs.vhd" into library lib_cdc_v1_0_2
INFO: [VRFC 10-307] analyzing entity cdc_sync
INFO: [VRFC 10-163] Analyzing VHDL file "D:/SeaGateTransferTemp/Injector_Characterization/Injector_Characterization.srcs/sources_1/bd/Injector_Characterization/ipshared/f86a/hdl/proc_sys_reset_v5_0_vh_rfs.vhd" into library proc_sys_reset_v5_0_12
INFO: [VRFC 10-307] analyzing entity upcnt_n
INFO: [VRFC 10-307] analyzing entity sequence_psr
INFO: [VRFC 10-307] analyzing entity lpf
INFO: [VRFC 10-307] analyzing entity proc_sys_reset
INFO: [VRFC 10-163] Analyzing VHDL file "D:/SeaGateTransferTemp/Injector_Characterization/Injector_Characterization.srcs/sources_1/bd/Injector_Characterization/ip/Injector_Characterization_rst_ps7_0_100M_0/sim/Injector_Characterization_rst_ps7_0_100M_0.vhd" into library xil_defaultlib
INFO: [VRFC 10-307] analyzing entity Injector_Characterization_rst_ps7_0_100M_0
INFO: [VRFC 10-163] Analyzing VHDL file "D:/SeaGateTransferTemp/Injector_Characterization/Injector_Characterization.srcs/sources_1/bd/Injector_Characterization/ipshared/e5f1/hdl/InterruptMultiReg_v1_0_S_AXI_INTR.vhd" into library xil_defaultlib
INFO: [VRFC 10-307] analyzing entity InterruptMultiReg_v1_0_S_AXI_INTR
INFO: [VRFC 10-163] Analyzing VHDL file "D:/SeaGateTransferTemp/Injector_Characterization/Injector_Characterization.srcs/sources_1/bd/Injector_Characterization/ipshared/e5f1/hdl/InterruptMultiReg_v1_0.vhd" into library xil_defaultlib
INFO: [VRFC 10-307] analyzing entity InterruptMultiReg_v1_0
INFO: [VRFC 10-163] Analyzing VHDL file "D:/SeaGateTransferTemp/Injector_Characterization/Injector_Characterization.srcs/sources_1/bd/Injector_Characterization/ip/Injector_Characterization_InterruptGenerator_0_0/sim/Injector_Characterization_InterruptGenerator_0_0.vhd" into library xil_defaultlib
INFO: [VRFC 10-307] analyzing entity Injector_Characterization_InterruptGenerator_0_0
INFO: [VRFC 10-163] Analyzing VHDL file "D:/SeaGateTransferTemp/Injector_Characterization/Injector_Characterization.srcs/sources_1/bd/Injector_Characterization/sim/Injector_Characterization.vhd" into library xil_defaultlib
INFO: [VRFC 10-307] analyzing entity m00_couplers_imp_12C6T0W
INFO: [VRFC 10-307] analyzing entity m01_couplers_imp_JC6YEW
INFO: [VRFC 10-307] analyzing entity s00_couplers_imp_ZN390Z
INFO: [VRFC 10-307] analyzing entity Injector_Characterization_axi_interconnect_0_0
INFO: [VRFC 10-307] analyzing entity Injector_Characterization
INFO: [VRFC 10-163] Analyzing VHDL file "D:/SeaGateTransferTemp/Injector_Characterization/Injector_Characterization.srcs/sources_1/bd/Injector_Characterization/hdl/Injector_Characterization_wrapper.vhd" into library xil_defaultlib
INFO: [VRFC 10-307] analyzing entity Injector_Characterization_wrapper
