INFO: [VRFC 10-2263] Analyzing Verilog file "D:/SeaGateTransferTemp/Injector_Characterization/Injector_Characterization.srcs/sources_1/bd/Injector_Characterization/ipshared/ec67/hdl/axi_infrastructure_v1_1_vl_rfs.v" into library axi_infrastructure_v1_1_0
INFO: [VRFC 10-311] analyzing module axi_infrastructure_v1_1_0_axi2vector
INFO: [VRFC 10-311] analyzing module axi_infrastructure_v1_1_0_axic_srl_fifo
INFO: [VRFC 10-311] analyzing module axi_infrastructure_v1_1_0_vector2axi
INFO: [VRFC 10-2263] Analyzing SystemVerilog file "D:/SeaGateTransferTemp/Injector_Characterization/Injector_Characterization.srcs/sources_1/bd/Injector_Characterization/ipshared/5bb9/hdl/sc_util_v1_0_vl_rfs.sv" into library smartconnect_v1_0
INFO: [VRFC 10-311] analyzing module sc_util_v1_0_3_mux
INFO: [VRFC 10-311] analyzing module sc_util_v1_0_3_standard_mux16
INFO: [VRFC 10-311] analyzing module sc_util_v1_0_3_pipeline
INFO: [VRFC 10-311] analyzing module sc_util_v1_0_3_onehot_to_binary
INFO: [VRFC 10-311] analyzing module sc_util_v1_0_3_counter
INFO: [VRFC 10-311] analyzing module sc_util_v1_0_3_sample_cycle_ratio
INFO: [VRFC 10-311] analyzing module sc_util_v1_0_3_fifo_output_reg
INFO: [VRFC 10-311] analyzing module sc_util_v1_0_3_xpm_memory_fifo
WARNING: [VRFC 10-2821] generate block is allowed only inside loop and conditional generate in SystemVerilog mode [D:/SeaGateTransferTemp/Injector_Characterization/Injector_Characterization.srcs/sources_1/bd/Injector_Characterization/ipshared/5bb9/hdl/sc_util_v1_0_vl_rfs.sv:1718]
WARNING: [VRFC 10-2821] generate block is allowed only inside loop and conditional generate in SystemVerilog mode [D:/SeaGateTransferTemp/Injector_Characterization/Injector_Characterization.srcs/sources_1/bd/Injector_Characterization/ipshared/5bb9/hdl/sc_util_v1_0_vl_rfs.sv:1788]
INFO: [VRFC 10-311] analyzing module sc_util_v1_0_3_xpm_fifo_wrapper
INFO: [VRFC 10-311] analyzing module sc_util_v1_0_3_axic_fifo
INFO: [VRFC 10-311] analyzing module sc_util_v1_0_3_axi_splitter
INFO: [VRFC 10-311] analyzing module sc_util_v1_0_3_axi2vector
INFO: [VRFC 10-311] analyzing module sc_util_v1_0_3_vector2axi
INFO: [VRFC 10-311] analyzing module sc_util_v1_0_3_axi_reg_stall
INFO: [VRFC 10-311] analyzing module sc_util_v1_0_3_srl_rtl
INFO: [VRFC 10-311] analyzing module sc_util_v1_0_3_axic_reg_srl_fifo
INFO: [VRFC 10-311] analyzing module sc_util_v1_0_3_axic_register_slice
INFO: [VRFC 10-2263] Analyzing SystemVerilog file "D:/SeaGateTransferTemp/Injector_Characterization/Injector_Characterization.srcs/sources_1/bd/Injector_Characterization/ipshared/03a9/hdl/axi_protocol_checker_v2_0_vl_rfs.sv" into library axi_protocol_checker_v2_0_3
INFO: [VRFC 10-311] analyzing module axi_protocol_checker_v2_0_3_axi4litepc_asr_inline
INFO: [VRFC 10-311] analyzing module axi_protocol_checker_v2_0_3_axi4pc_asr_inline
INFO: [VRFC 10-311] analyzing module axi_protocol_checker_v2_0_3_core
INFO: [VRFC 10-311] analyzing module axi_protocol_checker_v2_0_3_syn_fifo
INFO: [VRFC 10-311] analyzing module axi_protocol_checker_v2_0_3_reporter
INFO: [VRFC 10-311] analyzing module axi_protocol_checker_v2_0_3_threadcam
INFO: [VRFC 10-311] analyzing module axi_protocol_checker_v2_0_3_top
INFO: [VRFC 10-2263] Analyzing SystemVerilog file "D:/SeaGateTransferTemp/Injector_Characterization/Injector_Characterization.srcs/sources_1/bd/Injector_Characterization/ipshared/b9a8/hdl/axi_vip_v1_1_vl_rfs.sv" into library axi_vip_v1_1_3
INFO: [VRFC 10-311] analyzing module axi_vip_v1_1_3_top
INFO: [VRFC 10-2263] Analyzing SystemVerilog file "D:/SeaGateTransferTemp/Injector_Characterization/Injector_Characterization.srcs/sources_1/bd/Injector_Characterization/ipshared/70fd/hdl/processing_system7_vip_v1_0_vl_rfs.sv" into library processing_system7_vip_v1_0_5
INFO: [VRFC 10-311] analyzing module processing_system7_vip_v1_0_5_arb_wr
INFO: [VRFC 10-311] analyzing module processing_system7_vip_v1_0_5_arb_rd
INFO: [VRFC 10-311] analyzing module processing_system7_vip_v1_0_5_arb_wr_4
INFO: [VRFC 10-311] analyzing module processing_system7_vip_v1_0_5_arb_rd_4
INFO: [VRFC 10-311] analyzing module processing_system7_vip_v1_0_5_arb_hp2_3
INFO: [VRFC 10-311] analyzing module processing_system7_vip_v1_0_5_arb_hp0_1
INFO: [VRFC 10-311] analyzing module processing_system7_vip_v1_0_5_ssw_hp
INFO: [VRFC 10-311] analyzing module processing_system7_vip_v1_0_5_sparse_mem
INFO: [VRFC 10-311] analyzing module processing_system7_vip_v1_0_5_reg_map
INFO: [VRFC 10-311] analyzing module processing_system7_vip_v1_0_5_ocm_mem
INFO: [VRFC 10-311] analyzing module processing_system7_vip_v1_0_5_intr_wr_mem
INFO: [VRFC 10-311] analyzing module processing_system7_vip_v1_0_5_intr_rd_mem
INFO: [VRFC 10-311] analyzing module processing_system7_vip_v1_0_5_fmsw_gp
INFO: [VRFC 10-311] analyzing module processing_system7_vip_v1_0_5_regc
INFO: [VRFC 10-311] analyzing module processing_system7_vip_v1_0_5_ocmc
INFO: [VRFC 10-311] analyzing module processing_system7_vip_v1_0_5_interconnect_model
INFO: [VRFC 10-311] analyzing module processing_system7_vip_v1_0_5_gen_reset
INFO: [VRFC 10-311] analyzing module processing_system7_vip_v1_0_5_gen_clock
INFO: [VRFC 10-311] analyzing module processing_system7_vip_v1_0_5_ddrc
INFO: [VRFC 10-311] analyzing module processing_system7_vip_v1_0_5_axi_slave
INFO: [VRFC 10-311] analyzing module processing_system7_vip_v1_0_5_axi_master
INFO: [VRFC 10-311] analyzing module processing_system7_vip_v1_0_5_afi_slave
INFO: [VRFC 10-2458] undeclared symbol bresp_fifo_full, assumed default net type wire [D:/SeaGateTransferTemp/Injector_Characterization/Injector_Characterization.srcs/sources_1/bd/Injector_Characterization/ipshared/70fd/hdl/processing_system7_vip_v1_0_vl_rfs.sv:8858]
INFO: [VRFC 10-311] analyzing module processing_system7_vip_v1_0_5
INFO: [VRFC 10-2458] undeclared symbol DMA0_RSTN, assumed default net type wire [../../../../Injector_Characterization.srcs/sources_1/bd/Injector_Characterization/ipshared/70fd/hdl/processing_system7_vip_v1_0_5_unused_ports.v:284]
INFO: [VRFC 10-2458] undeclared symbol DMA1_RSTN, assumed default net type wire [../../../../Injector_Characterization.srcs/sources_1/bd/Injector_Characterization/ipshared/70fd/hdl/processing_system7_vip_v1_0_5_unused_ports.v:294]
INFO: [VRFC 10-2458] undeclared symbol DMA2_RSTN, assumed default net type wire [../../../../Injector_Characterization.srcs/sources_1/bd/Injector_Characterization/ipshared/70fd/hdl/processing_system7_vip_v1_0_5_unused_ports.v:304]
INFO: [VRFC 10-2458] undeclared symbol DMA3_RSTN, assumed default net type wire [../../../../Injector_Characterization.srcs/sources_1/bd/Injector_Characterization/ipshared/70fd/hdl/processing_system7_vip_v1_0_5_unused_ports.v:314]
INFO: [VRFC 10-2263] Analyzing Verilog file "D:/SeaGateTransferTemp/Injector_Characterization/Injector_Characterization.srcs/sources_1/bd/Injector_Characterization/ip/Injector_Characterization_processing_system7_0_0/sim/Injector_Characterization_processing_system7_0_0.v" into library xil_defaultlib
INFO: [VRFC 10-311] analyzing module Injector_Characterization_processing_system7_0_0
INFO: [VRFC 10-2263] Analyzing Verilog file "D:/SeaGateTransferTemp/Injector_Characterization/Injector_Characterization.srcs/sources_1/bd/Injector_Characterization/ip/Injector_Characterization_xbar_0/sim/Injector_Characterization_xbar_0.v" into library xil_defaultlib
INFO: [VRFC 10-311] analyzing module Injector_Characterization_xbar_0
INFO: [VRFC 10-2263] Analyzing Verilog file "D:/SeaGateTransferTemp/Injector_Characterization/Injector_Characterization.srcs/sources_1/bd/Injector_Characterization/ip/Injector_Characterization_util_reduced_logic_0_0/sim/Injector_Characterization_util_reduced_logic_0_0.v" into library xil_defaultlib
INFO: [VRFC 10-311] analyzing module Injector_Characterization_util_reduced_logic_0_0
INFO: [VRFC 10-2263] Analyzing Verilog file "D:/SeaGateTransferTemp/Injector_Characterization/Injector_Characterization.srcs/sources_1/bd/Injector_Characterization/ip/Injector_Characterization_clk_wiz_0_0/Injector_Characterization_clk_wiz_0_0_clk_wiz.v" into library xil_defaultlib
INFO: [VRFC 10-311] analyzing module Injector_Characterization_clk_wiz_0_0_clk_wiz
INFO: [VRFC 10-2263] Analyzing Verilog file "D:/SeaGateTransferTemp/Injector_Characterization/Injector_Characterization.srcs/sources_1/bd/Injector_Characterization/ip/Injector_Characterization_clk_wiz_0_0/Injector_Characterization_clk_wiz_0_0.v" into library xil_defaultlib
INFO: [VRFC 10-311] analyzing module Injector_Characterization_clk_wiz_0_0
INFO: [VRFC 10-2263] Analyzing Verilog file "D:/SeaGateTransferTemp/Injector_Characterization/Injector_Characterization.srcs/sources_1/bd/Injector_Characterization/ip/Injector_Characterization_auto_pc_0/sim/Injector_Characterization_auto_pc_0.v" into library xil_defaultlib
INFO: [VRFC 10-311] analyzing module Injector_Characterization_auto_pc_0
INFO: [VRFC 10-2263] Analyzing Verilog file "D:/SeaGateTransferTemp/Injector_Characterization/Injector_Characterization.srcs/sources_1/bd/Injector_Characterization/ip/Injector_Characterization_auto_pc_1/sim/Injector_Characterization_auto_pc_1.v" into library xil_defaultlib
INFO: [VRFC 10-311] analyzing module Injector_Characterization_auto_pc_1
INFO: [VRFC 10-2263] Analyzing Verilog file "D:/SeaGateTransferTemp/Injector_Characterization/Injector_Characterization.sim/sim_1/behav/xsim/glbl.v" into library xil_defaultlib
INFO: [VRFC 10-311] analyzing module glbl
