Copyright 1986-2018 Xilinx, Inc. All Rights Reserved.
------------------------------------------------------------------------------------
| Tool Version : Vivado v.2018.2 (win64) Build 2258646 Thu Jun 14 20:03:12 MDT 2018
| Date         : Wed May 26 20:45:19 2021
| Host         : DESKTOP-JGEC92R running 64-bit major release  (build 9200)
| Command      : upgrade_ip
| Device       : xc7z010clg400-1
------------------------------------------------------------------------------------

Upgrade Log for IP 'Injector_Characterization_rst_ps7_0_100M_0'

1. Summary
----------

SUCCESS in the conversion of Injector_Characterization_rst_ps7_0_100M_0 (xilinx.com:ip:proc_sys_reset:5.0 (Rev. 12)) to Vivado generation flows.






Copyright 1986-2018 Xilinx, Inc. All Rights Reserved.
------------------------------------------------------------------------------------
| Tool Version : Vivado v.2018.2 (win64) Build 2258646 Thu Jun 14 20:03:12 MDT 2018
| Date         : Wed May 26 20:45:19 2021
| Host         : DESKTOP-JGEC92R running 64-bit major release  (build 9200)
| Command      : upgrade_ip
| Device       : xc7z010clg400-1
------------------------------------------------------------------------------------

Upgrade Log for IP 'Injector_Characterization_processing_system7_0_0'

1. Summary
----------

SUCCESS in the conversion of Injector_Characterization_processing_system7_0_0 (xilinx.com:ip:processing_system7:5.5 (Rev. 6)) to Vivado generation flows.

2. Upgrade messages
-------------------

WARNING: upgrade cannot add parameter PCW_TRACE_INTERNAL_WIDTH with default value 32 : a parameter called PCW_TRACE_INTERNAL_WIDTH already exists in processing_system7_v5_5
WARNING: upgrade cannot add parameter PCW_USE_AXI_NONSECURE with default value 0 : a parameter called PCW_USE_AXI_NONSECURE already exists in processing_system7_v5_5
WARNING: upgrade cannot add parameter PCW_EN_PTP_ENET0 with default value 1 : a parameter called PCW_EN_PTP_ENET0 already exists in processing_system7_v5_5
WARNING: upgrade cannot add parameter PCW_EN_PTP_ENET0 with default value 1 : a parameter called PCW_EN_PTP_ENET0 already exists in processing_system7_v5_5
WARNING: upgrade cannot add parameter PCW_GP0_NUM_WRITE_THREADS with default value 4 : a parameter called PCW_GP0_NUM_WRITE_THREADS already exists in processing_system7_v5_5
WARNING: upgrade cannot add parameter PCW_GP0_NUM_READ_THREADS with default value 4 : a parameter called PCW_GP0_NUM_READ_THREADS already exists in processing_system7_v5_5
WARNING: upgrade cannot add parameter PCW_GP1_NUM_WRITE_THREADS with default value 4 : a parameter called PCW_GP1_NUM_WRITE_THREADS already exists in processing_system7_v5_5
WARNING: upgrade cannot add parameter PCW_GP1_NUM_READ_THREADS with default value 4 : a parameter called PCW_GP1_NUM_READ_THREADS already exists in processing_system7_v5_5
WARNING: upgrade cannot add parameter PCW_GP0_EN_MODIFIABLE_TXN with default value 0 : a parameter called PCW_GP0_EN_MODIFIABLE_TXN already exists in processing_system7_v5_5
WARNING: upgrade cannot add parameter PCW_GP1_EN_MODIFIABLE_TXN with default value 0 : a parameter called PCW_GP1_EN_MODIFIABLE_TXN already exists in processing_system7_v5_5






Copyright 1986-2018 Xilinx, Inc. All Rights Reserved.
------------------------------------------------------------------------------------
| Tool Version : Vivado v.2018.2 (win64) Build 2258646 Thu Jun 14 20:03:12 MDT 2018
| Date         : Wed May 26 20:45:19 2021
| Host         : DESKTOP-JGEC92R running 64-bit major release  (build 9200)
| Command      : upgrade_ip
| Device       : xc7z010clg400-1
------------------------------------------------------------------------------------

Upgrade Log for IP 'Injector_Characterization_clk_wiz_0_0'

1. Summary
----------

SUCCESS in the conversion of Injector_Characterization_clk_wiz_0_0 (xilinx.com:ip:clk_wiz:6.0 (Rev. 1)) to Vivado generation flows.






Copyright 1986-2018 Xilinx, Inc. All Rights Reserved.
------------------------------------------------------------------------------------
| Tool Version : Vivado v.2018.2 (win64) Build 2258646 Thu Jun 14 20:03:12 MDT 2018
| Date         : Wed May 26 20:45:19 2021
| Host         : DESKTOP-JGEC92R running 64-bit major release  (build 9200)
| Command      : upgrade_ip
| Device       : xc7z010clg400-1
------------------------------------------------------------------------------------

Upgrade Log for IP 'Injector_Characterization_AXI_Injector_0_1'

1. Summary
----------

SUCCESS in the upgrade of Injector_Characterization_AXI_Injector_0_1 (xilinx.com:user:AXI_Injector:1.0) from (Rev. 17) to (Rev. 19)






Copyright 1986-2018 Xilinx, Inc. All Rights Reserved.
------------------------------------------------------------------------------------
| Tool Version : Vivado v.2018.2 (win64) Build 2258646 Thu Jun 14 20:03:12 MDT 2018
| Date         : Sat Mar 16 21:55:35 2019
| Host         : Robert-PC running 64-bit major release  (build 9200)
| Command      : upgrade_ip
| Device       : xc7z010clg400-1
------------------------------------------------------------------------------------

Upgrade Log for IP 'Injector_Characterization_AXI_Injector_0_1'

1. Summary
----------

SUCCESS in the upgrade of Injector_Characterization_AXI_Injector_0_1 (xilinx.com:user:AXI_Injector:1.0) from (Rev. 16) to (Rev. 17)






Copyright 1986-2018 Xilinx, Inc. All Rights Reserved.
------------------------------------------------------------------------------------
| Tool Version : Vivado v.2018.2 (win64) Build 2258646 Thu Jun 14 20:03:12 MDT 2018
| Date         : Sat Mar 16 21:47:45 2019
| Host         : Robert-PC running 64-bit major release  (build 9200)
| Command      : upgrade_ip
| Device       : xc7z010clg400-1
------------------------------------------------------------------------------------

Upgrade Log for IP 'Injector_Characterization_AXI_Injector_0_1'

1. Summary
----------

CAUTION (success, with warnings) in the upgrade of Injector_Characterization_AXI_Injector_0_1 (xilinx.com:user:AXI_Injector:1.0) from (Rev. 15) to (Rev. 16)

After upgrade, an IP may have parameter differences compared to the original customization. Please review the parameters within the IP customization GUI to ensure proper functionality.

2. Customization warnings
-------------------------

Parameter 'C_SOO_FIFO_DEPTH' is no longer present on the upgraded IP 'Injector_Characterization_AXI_Injector_0_1', and cannot be set to '2048'


3. Debug Commands
-----------------

  The following debug information can be passed to Vivado as Tcl commands,
in order to validate or debug the output of the upgrade flow.
  You may consult any warnings from within this upgrade, and alter or remove
the configuration parameter(s) which caused the warning; then execute the Tcl
commands, and use the IP Customization GUI to verify the IP configuration.

create_ip -vlnv xilinx.com:user:AXI_Injector:1.0 -user_name Injector_Characterization_AXI_Injector_0_1
set_property -dict "\
  CONFIG.C_S00_AXI_ADDR_WIDTH {6} \
  CONFIG.C_S00_AXI_ARUSER_WIDTH {0} \
  CONFIG.C_S00_AXI_AWUSER_WIDTH {0} \
  CONFIG.C_S00_AXI_BASEADDR {0xFFFFFFFF} \
  CONFIG.C_S00_AXI_BUSER_WIDTH {0} \
  CONFIG.C_S00_AXI_DATA_WIDTH {32} \
  CONFIG.C_S00_AXI_HIGHADDR {0x00000000} \
  CONFIG.C_S00_AXI_ID_WIDTH {12} \
  CONFIG.C_S00_AXI_RUSER_WIDTH {0} \
  CONFIG.C_S00_AXI_WUSER_WIDTH {0} \
  CONFIG.C_S00_FIFO_EMPTY_THRESH {100} \
  CONFIG.C_S00_FIFO_FULL_THRESH {1948} \
  CONFIG.Component_Name {Injector_Characterization_AXI_Injector_0_1} \
  CONFIG.S00_AXI.ADDR_WIDTH {6} \
  CONFIG.S00_AXI.ARUSER_WIDTH {0} \
  CONFIG.S00_AXI.AWUSER_WIDTH {0} \
  CONFIG.S00_AXI.BUSER_WIDTH {0} \
  CONFIG.S00_AXI.CLK_DOMAIN {Injector_Characterization_processing_system7_0_0_FCLK_CLK0} \
  CONFIG.S00_AXI.DATA_WIDTH {32} \
  CONFIG.S00_AXI.FREQ_HZ {100000000} \
  CONFIG.S00_AXI.HAS_BRESP {1} \
  CONFIG.S00_AXI.HAS_BURST {1} \
  CONFIG.S00_AXI.HAS_CACHE {1} \
  CONFIG.S00_AXI.HAS_LOCK {1} \
  CONFIG.S00_AXI.HAS_PROT {1} \
  CONFIG.S00_AXI.HAS_QOS {1} \
  CONFIG.S00_AXI.HAS_REGION {1} \
  CONFIG.S00_AXI.HAS_RRESP {1} \
  CONFIG.S00_AXI.HAS_WSTRB {1} \
  CONFIG.S00_AXI.ID_WIDTH {12} \
  CONFIG.S00_AXI.MAX_BURST_LENGTH {16} \
  CONFIG.S00_AXI.NUM_READ_OUTSTANDING {8} \
  CONFIG.S00_AXI.NUM_READ_THREADS {1} \
  CONFIG.S00_AXI.NUM_WRITE_OUTSTANDING {8} \
  CONFIG.S00_AXI.NUM_WRITE_THREADS {1} \
  CONFIG.S00_AXI.PHASE {0.000} \
  CONFIG.S00_AXI.PROTOCOL {AXI4} \
  CONFIG.S00_AXI.READ_WRITE_MODE {READ_WRITE} \
  CONFIG.S00_AXI.RUSER_BITS_PER_BYTE {0} \
  CONFIG.S00_AXI.RUSER_WIDTH {0} \
  CONFIG.S00_AXI.SUPPORTS_NARROW_BURST {0} \
  CONFIG.S00_AXI.WIZ_DATA_WIDTH {32} \
  CONFIG.S00_AXI.WIZ_MEMORY_SIZE {64} \
  CONFIG.S00_AXI.WUSER_BITS_PER_BYTE {0} \
  CONFIG.S00_AXI.WUSER_WIDTH {0} \
  CONFIG.S00_AXI_CLK.ASSOCIATED_BUSIF {S00_AXI} \
  CONFIG.S00_AXI_CLK.ASSOCIATED_RESET {s00_axi_aresetn} \
  CONFIG.S00_AXI_CLK.CLK_DOMAIN {Injector_Characterization_processing_system7_0_0_FCLK_CLK0} \
  CONFIG.S00_AXI_CLK.FREQ_HZ {100000000} \
  CONFIG.S00_AXI_CLK.PHASE {0.000} \
  CONFIG.S00_AXI_RST.POLARITY {ACTIVE_LOW} \
  CONFIG.rd_clk.ASSOCIATED_BUSIF {} \
  CONFIG.rd_clk.ASSOCIATED_RESET {} \
  CONFIG.rd_clk.CLK_DOMAIN {/clk_wiz_0_clk_out1} \
  CONFIG.rd_clk.FREQ_HZ {100000000} \
  CONFIG.rd_clk.PHASE {0.0} " [get_ips Injector_Characterization_AXI_Injector_0_1]







Copyright 1986-2018 Xilinx, Inc. All Rights Reserved.
------------------------------------------------------------------------------------
| Tool Version : Vivado v.2018.2 (win64) Build 2258646 Thu Jun 14 20:03:12 MDT 2018
| Date         : Sat Mar 16 21:39:19 2019
| Host         : Robert-PC running 64-bit major release  (build 9200)
| Command      : upgrade_ip
| Device       : xc7z010clg400-1
------------------------------------------------------------------------------------

Upgrade Log for IP 'Injector_Characterization_AXI_Injector_0_1'

1. Summary
----------

CAUTION (success, with warnings) in the upgrade of Injector_Characterization_AXI_Injector_0_1 (xilinx.com:user:AXI_Injector:1.0) from (Rev. 14) to (Rev. 15)

After upgrade, an IP may have parameter and port differences compared to the original customization. Please review the parameters within the IP customization GUI to ensure proper functionality. Also, please review the updated IP instantiation template to ensure proper connectivity, and update your design if required.

2. Connection Warnings
----------------------

Detected external port differences while upgrading 'Injector_Characterization_AXI_Injector_0_1'. These changes may impact your design.


-Upgrade has removed port 'sync_out'

-Upgrade has added port 'trigger_out'


