Copyright 1986-2018 Xilinx, Inc. All Rights Reserved.
------------------------------------------------------------------------------------------------------------------------------------------------------------------------------------------------------------------------------------
| Tool Version : Vivado v.2018.2 (win64) Build 2258646 Thu Jun 14 20:03:12 MDT 2018
| Date         : Sat Jun 19 12:49:57 2021
| Host         : DESKTOP-JGEC92R running 64-bit major release  (build 9200)
| Command      : report_bus_skew -warn_on_violation -file Injector_Characterization_wrapper_bus_skew_routed.rpt -pb Injector_Characterization_wrapper_bus_skew_routed.pb -rpx Injector_Characterization_wrapper_bus_skew_routed.rpx
| Design       : Injector_Characterization_wrapper
| Device       : 7z010-clg400
| Speed File   : -1  PRODUCTION 1.11 2014-09-11
------------------------------------------------------------------------------------------------------------------------------------------------------------------------------------------------------------------------------------

Bus Skew Report

Table of Contents
-----------------
1. Bus Skew Report Summary
2. Bus Skew Report Per Constraint

1. Bus Skew Report Summary
--------------------------

Id  Position  From                            To                              Corner  Requirement(ns)  Actual(ns)  Slack(ns)
--  --------  ------------------------------  ------------------------------  ------  ---------------  ----------  ---------
1   7         [get_cells [list {Injector_Characterization_i/AXI_Injector_0/U0/TestMultiReg_v1_0_S00_AXI_inst/fifo_inst/xpm_fifo_async_inst/gnuram_async_fifo.xpm_fifo_base_inst/gen_cdc_pntr.rd_pntr_cdc_inst/src_gray_ff_reg[0]} \
          {Injector_Characterization_i/AXI_Injector_0/U0/TestMultiReg_v1_0_S00_AXI_inst/fifo_inst/xpm_fifo_async_inst/gnuram_async_fifo.xpm_fifo_base_inst/gen_cdc_pntr.rd_pntr_cdc_inst/src_gray_ff_reg[10]} \
          {Injector_Characterization_i/AXI_Injector_0/U0/TestMultiReg_v1_0_S00_AXI_inst/fifo_inst/xpm_fifo_async_inst/gnuram_async_fifo.xpm_fifo_base_inst/gen_cdc_pntr.rd_pntr_cdc_inst/src_gray_ff_reg[11]} \
          {Injector_Characterization_i/AXI_Injector_0/U0/TestMultiReg_v1_0_S00_AXI_inst/fifo_inst/xpm_fifo_async_inst/gnuram_async_fifo.xpm_fifo_base_inst/gen_cdc_pntr.rd_pntr_cdc_inst/src_gray_ff_reg[12]} \
          {Injector_Characterization_i/AXI_Injector_0/U0/TestMultiReg_v1_0_S00_AXI_inst/fifo_inst/xpm_fifo_async_inst/gnuram_async_fifo.xpm_fifo_base_inst/gen_cdc_pntr.rd_pntr_cdc_inst/src_gray_ff_reg[13]} \
          {Injector_Characterization_i/AXI_Injector_0/U0/TestMultiReg_v1_0_S00_AXI_inst/fifo_inst/xpm_fifo_async_inst/gnuram_async_fifo.xpm_fifo_base_inst/gen_cdc_pntr.rd_pntr_cdc_inst/src_gray_ff_reg[14]} \
          {Injector_Characterization_i/AXI_Injector_0/U0/TestMultiReg_v1_0_S00_AXI_inst/fifo_inst/xpm_fifo_async_inst/gnuram_async_fifo.xpm_fifo_base_inst/gen_cdc_pntr.rd_pntr_cdc_inst/src_gray_ff_reg[1]} \
          {Injector_Characterization_i/AXI_Injector_0/U0/TestMultiReg_v1_0_S00_AXI_inst/fifo_inst/xpm_fifo_async_inst/gnuram_async_fifo.xpm_fifo_base_inst/gen_cdc_pntr.rd_pntr_cdc_inst/src_gray_ff_reg[2]} \
          {Injector_Characterization_i/AXI_Injector_0/U0/TestMultiReg_v1_0_S00_AXI_inst/fifo_inst/xpm_fifo_async_inst/gnuram_async_fifo.xpm_fifo_base_inst/gen_cdc_pntr.rd_pntr_cdc_inst/src_gray_ff_reg[3]} \
          {Injector_Characterization_i/AXI_Injector_0/U0/TestMultiReg_v1_0_S00_AXI_inst/fifo_inst/xpm_fifo_async_inst/gnuram_async_fifo.xpm_fifo_base_inst/gen_cdc_pntr.rd_pntr_cdc_inst/src_gray_ff_reg[4]} \
          {Injector_Characterization_i/AXI_Injector_0/U0/TestMultiReg_v1_0_S00_AXI_inst/fifo_inst/xpm_fifo_async_inst/gnuram_async_fifo.xpm_fifo_base_inst/gen_cdc_pntr.rd_pntr_cdc_inst/src_gray_ff_reg[5]} \
          {Injector_Characterization_i/AXI_Injector_0/U0/TestMultiReg_v1_0_S00_AXI_inst/fifo_inst/xpm_fifo_async_inst/gnuram_async_fifo.xpm_fifo_base_inst/gen_cdc_pntr.rd_pntr_cdc_inst/src_gray_ff_reg[6]} \
          {Injector_Characterization_i/AXI_Injector_0/U0/TestMultiReg_v1_0_S00_AXI_inst/fifo_inst/xpm_fifo_async_inst/gnuram_async_fifo.xpm_fifo_base_inst/gen_cdc_pntr.rd_pntr_cdc_inst/src_gray_ff_reg[7]} \
          {Injector_Characterization_i/AXI_Injector_0/U0/TestMultiReg_v1_0_S00_AXI_inst/fifo_inst/xpm_fifo_async_inst/gnuram_async_fifo.xpm_fifo_base_inst/gen_cdc_pntr.rd_pntr_cdc_inst/src_gray_ff_reg[8]} \
          {Injector_Characterization_i/AXI_Injector_0/U0/TestMultiReg_v1_0_S00_AXI_inst/fifo_inst/xpm_fifo_async_inst/gnuram_async_fifo.xpm_fifo_base_inst/gen_cdc_pntr.rd_pntr_cdc_inst/src_gray_ff_reg[9]}]]
                                              [get_cells [list {Injector_Characterization_i/AXI_Injector_0/U0/TestMultiReg_v1_0_S00_AXI_inst/fifo_inst/xpm_fifo_async_inst/gnuram_async_fifo.xpm_fifo_base_inst/gen_cdc_pntr.rd_pntr_cdc_inst/dest_graysync_ff_reg[0][0]} \
          {Injector_Characterization_i/AXI_Injector_0/U0/TestMultiReg_v1_0_S00_AXI_inst/fifo_inst/xpm_fifo_async_inst/gnuram_async_fifo.xpm_fifo_base_inst/gen_cdc_pntr.rd_pntr_cdc_inst/dest_graysync_ff_reg[0][10]} \
          {Injector_Characterization_i/AXI_Injector_0/U0/TestMultiReg_v1_0_S00_AXI_inst/fifo_inst/xpm_fifo_async_inst/gnuram_async_fifo.xpm_fifo_base_inst/gen_cdc_pntr.rd_pntr_cdc_inst/dest_graysync_ff_reg[0][11]} \
          {Injector_Characterization_i/AXI_Injector_0/U0/TestMultiReg_v1_0_S00_AXI_inst/fifo_inst/xpm_fifo_async_inst/gnuram_async_fifo.xpm_fifo_base_inst/gen_cdc_pntr.rd_pntr_cdc_inst/dest_graysync_ff_reg[0][12]} \
          {Injector_Characterization_i/AXI_Injector_0/U0/TestMultiReg_v1_0_S00_AXI_inst/fifo_inst/xpm_fifo_async_inst/gnuram_async_fifo.xpm_fifo_base_inst/gen_cdc_pntr.rd_pntr_cdc_inst/dest_graysync_ff_reg[0][13]} \
          {Injector_Characterization_i/AXI_Injector_0/U0/TestMultiReg_v1_0_S00_AXI_inst/fifo_inst/xpm_fifo_async_inst/gnuram_async_fifo.xpm_fifo_base_inst/gen_cdc_pntr.rd_pntr_cdc_inst/dest_graysync_ff_reg[0][14]} \
          {Injector_Characterization_i/AXI_Injector_0/U0/TestMultiReg_v1_0_S00_AXI_inst/fifo_inst/xpm_fifo_async_inst/gnuram_async_fifo.xpm_fifo_base_inst/gen_cdc_pntr.rd_pntr_cdc_inst/dest_graysync_ff_reg[0][1]} \
          {Injector_Characterization_i/AXI_Injector_0/U0/TestMultiReg_v1_0_S00_AXI_inst/fifo_inst/xpm_fifo_async_inst/gnuram_async_fifo.xpm_fifo_base_inst/gen_cdc_pntr.rd_pntr_cdc_inst/dest_graysync_ff_reg[0][2]} \
          {Injector_Characterization_i/AXI_Injector_0/U0/TestMultiReg_v1_0_S00_AXI_inst/fifo_inst/xpm_fifo_async_inst/gnuram_async_fifo.xpm_fifo_base_inst/gen_cdc_pntr.rd_pntr_cdc_inst/dest_graysync_ff_reg[0][3]} \
          {Injector_Characterization_i/AXI_Injector_0/U0/TestMultiReg_v1_0_S00_AXI_inst/fifo_inst/xpm_fifo_async_inst/gnuram_async_fifo.xpm_fifo_base_inst/gen_cdc_pntr.rd_pntr_cdc_inst/dest_graysync_ff_reg[0][4]} \
          {Injector_Characterization_i/AXI_Injector_0/U0/TestMultiReg_v1_0_S00_AXI_inst/fifo_inst/xpm_fifo_async_inst/gnuram_async_fifo.xpm_fifo_base_inst/gen_cdc_pntr.rd_pntr_cdc_inst/dest_graysync_ff_reg[0][5]} \
          {Injector_Characterization_i/AXI_Injector_0/U0/TestMultiReg_v1_0_S00_AXI_inst/fifo_inst/xpm_fifo_async_inst/gnuram_async_fifo.xpm_fifo_base_inst/gen_cdc_pntr.rd_pntr_cdc_inst/dest_graysync_ff_reg[0][6]} \
          {Injector_Characterization_i/AXI_Injector_0/U0/TestMultiReg_v1_0_S00_AXI_inst/fifo_inst/xpm_fifo_async_inst/gnuram_async_fifo.xpm_fifo_base_inst/gen_cdc_pntr.rd_pntr_cdc_inst/dest_graysync_ff_reg[0][7]} \
          {Injector_Characterization_i/AXI_Injector_0/U0/TestMultiReg_v1_0_S00_AXI_inst/fifo_inst/xpm_fifo_async_inst/gnuram_async_fifo.xpm_fifo_base_inst/gen_cdc_pntr.rd_pntr_cdc_inst/dest_graysync_ff_reg[0][8]} \
          {Injector_Characterization_i/AXI_Injector_0/U0/TestMultiReg_v1_0_S00_AXI_inst/fifo_inst/xpm_fifo_async_inst/gnuram_async_fifo.xpm_fifo_base_inst/gen_cdc_pntr.rd_pntr_cdc_inst/dest_graysync_ff_reg[0][9]}]]
                                                                              Slow             10.000       1.334      8.666
2   9         [get_cells [list {Injector_Characterization_i/AXI_Injector_0/U0/TestMultiReg_v1_0_S00_AXI_inst/fifo_inst/xpm_fifo_async_inst/gnuram_async_fifo.xpm_fifo_base_inst/gen_cdc_pntr.wr_pntr_cdc_inst/src_gray_ff_reg[0]} \
          {Injector_Characterization_i/AXI_Injector_0/U0/TestMultiReg_v1_0_S00_AXI_inst/fifo_inst/xpm_fifo_async_inst/gnuram_async_fifo.xpm_fifo_base_inst/gen_cdc_pntr.wr_pntr_cdc_inst/src_gray_ff_reg[10]} \
          {Injector_Characterization_i/AXI_Injector_0/U0/TestMultiReg_v1_0_S00_AXI_inst/fifo_inst/xpm_fifo_async_inst/gnuram_async_fifo.xpm_fifo_base_inst/gen_cdc_pntr.wr_pntr_cdc_inst/src_gray_ff_reg[11]} \
          {Injector_Characterization_i/AXI_Injector_0/U0/TestMultiReg_v1_0_S00_AXI_inst/fifo_inst/xpm_fifo_async_inst/gnuram_async_fifo.xpm_fifo_base_inst/gen_cdc_pntr.wr_pntr_cdc_inst/src_gray_ff_reg[12]} \
          {Injector_Characterization_i/AXI_Injector_0/U0/TestMultiReg_v1_0_S00_AXI_inst/fifo_inst/xpm_fifo_async_inst/gnuram_async_fifo.xpm_fifo_base_inst/gen_cdc_pntr.wr_pntr_cdc_inst/src_gray_ff_reg[13]} \
          {Injector_Characterization_i/AXI_Injector_0/U0/TestMultiReg_v1_0_S00_AXI_inst/fifo_inst/xpm_fifo_async_inst/gnuram_async_fifo.xpm_fifo_base_inst/gen_cdc_pntr.wr_pntr_cdc_inst/src_gray_ff_reg[14]} \
          {Injector_Characterization_i/AXI_Injector_0/U0/TestMultiReg_v1_0_S00_AXI_inst/fifo_inst/xpm_fifo_async_inst/gnuram_async_fifo.xpm_fifo_base_inst/gen_cdc_pntr.wr_pntr_cdc_inst/src_gray_ff_reg[1]} \
          {Injector_Characterization_i/AXI_Injector_0/U0/TestMultiReg_v1_0_S00_AXI_inst/fifo_inst/xpm_fifo_async_inst/gnuram_async_fifo.xpm_fifo_base_inst/gen_cdc_pntr.wr_pntr_cdc_inst/src_gray_ff_reg[2]} \
          {Injector_Characterization_i/AXI_Injector_0/U0/TestMultiReg_v1_0_S00_AXI_inst/fifo_inst/xpm_fifo_async_inst/gnuram_async_fifo.xpm_fifo_base_inst/gen_cdc_pntr.wr_pntr_cdc_inst/src_gray_ff_reg[3]} \
          {Injector_Characterization_i/AXI_Injector_0/U0/TestMultiReg_v1_0_S00_AXI_inst/fifo_inst/xpm_fifo_async_inst/gnuram_async_fifo.xpm_fifo_base_inst/gen_cdc_pntr.wr_pntr_cdc_inst/src_gray_ff_reg[4]} \
          {Injector_Characterization_i/AXI_Injector_0/U0/TestMultiReg_v1_0_S00_AXI_inst/fifo_inst/xpm_fifo_async_inst/gnuram_async_fifo.xpm_fifo_base_inst/gen_cdc_pntr.wr_pntr_cdc_inst/src_gray_ff_reg[5]} \
          {Injector_Characterization_i/AXI_Injector_0/U0/TestMultiReg_v1_0_S00_AXI_inst/fifo_inst/xpm_fifo_async_inst/gnuram_async_fifo.xpm_fifo_base_inst/gen_cdc_pntr.wr_pntr_cdc_inst/src_gray_ff_reg[6]} \
          {Injector_Characterization_i/AXI_Injector_0/U0/TestMultiReg_v1_0_S00_AXI_inst/fifo_inst/xpm_fifo_async_inst/gnuram_async_fifo.xpm_fifo_base_inst/gen_cdc_pntr.wr_pntr_cdc_inst/src_gray_ff_reg[7]} \
          {Injector_Characterization_i/AXI_Injector_0/U0/TestMultiReg_v1_0_S00_AXI_inst/fifo_inst/xpm_fifo_async_inst/gnuram_async_fifo.xpm_fifo_base_inst/gen_cdc_pntr.wr_pntr_cdc_inst/src_gray_ff_reg[8]} \
          {Injector_Characterization_i/AXI_Injector_0/U0/TestMultiReg_v1_0_S00_AXI_inst/fifo_inst/xpm_fifo_async_inst/gnuram_async_fifo.xpm_fifo_base_inst/gen_cdc_pntr.wr_pntr_cdc_inst/src_gray_ff_reg[9]}]]
                                              [get_cells [list {Injector_Characterization_i/AXI_Injector_0/U0/TestMultiReg_v1_0_S00_AXI_inst/fifo_inst/xpm_fifo_async_inst/gnuram_async_fifo.xpm_fifo_base_inst/gen_cdc_pntr.wr_pntr_cdc_inst/dest_graysync_ff_reg[0][0]} \
          {Injector_Characterization_i/AXI_Injector_0/U0/TestMultiReg_v1_0_S00_AXI_inst/fifo_inst/xpm_fifo_async_inst/gnuram_async_fifo.xpm_fifo_base_inst/gen_cdc_pntr.wr_pntr_cdc_inst/dest_graysync_ff_reg[0][10]} \
          {Injector_Characterization_i/AXI_Injector_0/U0/TestMultiReg_v1_0_S00_AXI_inst/fifo_inst/xpm_fifo_async_inst/gnuram_async_fifo.xpm_fifo_base_inst/gen_cdc_pntr.wr_pntr_cdc_inst/dest_graysync_ff_reg[0][11]} \
          {Injector_Characterization_i/AXI_Injector_0/U0/TestMultiReg_v1_0_S00_AXI_inst/fifo_inst/xpm_fifo_async_inst/gnuram_async_fifo.xpm_fifo_base_inst/gen_cdc_pntr.wr_pntr_cdc_inst/dest_graysync_ff_reg[0][12]} \
          {Injector_Characterization_i/AXI_Injector_0/U0/TestMultiReg_v1_0_S00_AXI_inst/fifo_inst/xpm_fifo_async_inst/gnuram_async_fifo.xpm_fifo_base_inst/gen_cdc_pntr.wr_pntr_cdc_inst/dest_graysync_ff_reg[0][13]} \
          {Injector_Characterization_i/AXI_Injector_0/U0/TestMultiReg_v1_0_S00_AXI_inst/fifo_inst/xpm_fifo_async_inst/gnuram_async_fifo.xpm_fifo_base_inst/gen_cdc_pntr.wr_pntr_cdc_inst/dest_graysync_ff_reg[0][14]} \
          {Injector_Characterization_i/AXI_Injector_0/U0/TestMultiReg_v1_0_S00_AXI_inst/fifo_inst/xpm_fifo_async_inst/gnuram_async_fifo.xpm_fifo_base_inst/gen_cdc_pntr.wr_pntr_cdc_inst/dest_graysync_ff_reg[0][1]} \
          {Injector_Characterization_i/AXI_Injector_0/U0/TestMultiReg_v1_0_S00_AXI_inst/fifo_inst/xpm_fifo_async_inst/gnuram_async_fifo.xpm_fifo_base_inst/gen_cdc_pntr.wr_pntr_cdc_inst/dest_graysync_ff_reg[0][2]} \
          {Injector_Characterization_i/AXI_Injector_0/U0/TestMultiReg_v1_0_S00_AXI_inst/fifo_inst/xpm_fifo_async_inst/gnuram_async_fifo.xpm_fifo_base_inst/gen_cdc_pntr.wr_pntr_cdc_inst/dest_graysync_ff_reg[0][3]} \
          {Injector_Characterization_i/AXI_Injector_0/U0/TestMultiReg_v1_0_S00_AXI_inst/fifo_inst/xpm_fifo_async_inst/gnuram_async_fifo.xpm_fifo_base_inst/gen_cdc_pntr.wr_pntr_cdc_inst/dest_graysync_ff_reg[0][4]} \
          {Injector_Characterization_i/AXI_Injector_0/U0/TestMultiReg_v1_0_S00_AXI_inst/fifo_inst/xpm_fifo_async_inst/gnuram_async_fifo.xpm_fifo_base_inst/gen_cdc_pntr.wr_pntr_cdc_inst/dest_graysync_ff_reg[0][5]} \
          {Injector_Characterization_i/AXI_Injector_0/U0/TestMultiReg_v1_0_S00_AXI_inst/fifo_inst/xpm_fifo_async_inst/gnuram_async_fifo.xpm_fifo_base_inst/gen_cdc_pntr.wr_pntr_cdc_inst/dest_graysync_ff_reg[0][6]} \
          {Injector_Characterization_i/AXI_Injector_0/U0/TestMultiReg_v1_0_S00_AXI_inst/fifo_inst/xpm_fifo_async_inst/gnuram_async_fifo.xpm_fifo_base_inst/gen_cdc_pntr.wr_pntr_cdc_inst/dest_graysync_ff_reg[0][7]} \
          {Injector_Characterization_i/AXI_Injector_0/U0/TestMultiReg_v1_0_S00_AXI_inst/fifo_inst/xpm_fifo_async_inst/gnuram_async_fifo.xpm_fifo_base_inst/gen_cdc_pntr.wr_pntr_cdc_inst/dest_graysync_ff_reg[0][8]} \
          {Injector_Characterization_i/AXI_Injector_0/U0/TestMultiReg_v1_0_S00_AXI_inst/fifo_inst/xpm_fifo_async_inst/gnuram_async_fifo.xpm_fifo_base_inst/gen_cdc_pntr.wr_pntr_cdc_inst/dest_graysync_ff_reg[0][9]}]]
                                                                              Slow             10.000       1.459      8.541


2. Bus Skew Report Per Constraint
---------------------------------

Id: 1
set_bus_skew -from [get_cells [list {Injector_Characterization_i/AXI_Injector_0/U0/TestMultiReg_v1_0_S00_AXI_inst/fifo_inst/xpm_fifo_async_inst/gnuram_async_fifo.xpm_fifo_base_inst/gen_cdc_pntr.rd_pntr_cdc_inst/src_gray_ff_reg[0]} \
          {Injector_Characterization_i/AXI_Injector_0/U0/TestMultiReg_v1_0_S00_AXI_inst/fifo_inst/xpm_fifo_async_inst/gnuram_async_fifo.xpm_fifo_base_inst/gen_cdc_pntr.rd_pntr_cdc_inst/src_gray_ff_reg[10]} \
          {Injector_Characterization_i/AXI_Injector_0/U0/TestMultiReg_v1_0_S00_AXI_inst/fifo_inst/xpm_fifo_async_inst/gnuram_async_fifo.xpm_fifo_base_inst/gen_cdc_pntr.rd_pntr_cdc_inst/src_gray_ff_reg[11]} \
          {Injector_Characterization_i/AXI_Injector_0/U0/TestMultiReg_v1_0_S00_AXI_inst/fifo_inst/xpm_fifo_async_inst/gnuram_async_fifo.xpm_fifo_base_inst/gen_cdc_pntr.rd_pntr_cdc_inst/src_gray_ff_reg[12]} \
          {Injector_Characterization_i/AXI_Injector_0/U0/TestMultiReg_v1_0_S00_AXI_inst/fifo_inst/xpm_fifo_async_inst/gnuram_async_fifo.xpm_fifo_base_inst/gen_cdc_pntr.rd_pntr_cdc_inst/src_gray_ff_reg[13]} \
          {Injector_Characterization_i/AXI_Injector_0/U0/TestMultiReg_v1_0_S00_AXI_inst/fifo_inst/xpm_fifo_async_inst/gnuram_async_fifo.xpm_fifo_base_inst/gen_cdc_pntr.rd_pntr_cdc_inst/src_gray_ff_reg[14]} \
          {Injector_Characterization_i/AXI_Injector_0/U0/TestMultiReg_v1_0_S00_AXI_inst/fifo_inst/xpm_fifo_async_inst/gnuram_async_fifo.xpm_fifo_base_inst/gen_cdc_pntr.rd_pntr_cdc_inst/src_gray_ff_reg[1]} \
          {Injector_Characterization_i/AXI_Injector_0/U0/TestMultiReg_v1_0_S00_AXI_inst/fifo_inst/xpm_fifo_async_inst/gnuram_async_fifo.xpm_fifo_base_inst/gen_cdc_pntr.rd_pntr_cdc_inst/src_gray_ff_reg[2]} \
          {Injector_Characterization_i/AXI_Injector_0/U0/TestMultiReg_v1_0_S00_AXI_inst/fifo_inst/xpm_fifo_async_inst/gnuram_async_fifo.xpm_fifo_base_inst/gen_cdc_pntr.rd_pntr_cdc_inst/src_gray_ff_reg[3]} \
          {Injector_Characterization_i/AXI_Injector_0/U0/TestMultiReg_v1_0_S00_AXI_inst/fifo_inst/xpm_fifo_async_inst/gnuram_async_fifo.xpm_fifo_base_inst/gen_cdc_pntr.rd_pntr_cdc_inst/src_gray_ff_reg[4]} \
          {Injector_Characterization_i/AXI_Injector_0/U0/TestMultiReg_v1_0_S00_AXI_inst/fifo_inst/xpm_fifo_async_inst/gnuram_async_fifo.xpm_fifo_base_inst/gen_cdc_pntr.rd_pntr_cdc_inst/src_gray_ff_reg[5]} \
          {Injector_Characterization_i/AXI_Injector_0/U0/TestMultiReg_v1_0_S00_AXI_inst/fifo_inst/xpm_fifo_async_inst/gnuram_async_fifo.xpm_fifo_base_inst/gen_cdc_pntr.rd_pntr_cdc_inst/src_gray_ff_reg[6]} \
          {Injector_Characterization_i/AXI_Injector_0/U0/TestMultiReg_v1_0_S00_AXI_inst/fifo_inst/xpm_fifo_async_inst/gnuram_async_fifo.xpm_fifo_base_inst/gen_cdc_pntr.rd_pntr_cdc_inst/src_gray_ff_reg[7]} \
          {Injector_Characterization_i/AXI_Injector_0/U0/TestMultiReg_v1_0_S00_AXI_inst/fifo_inst/xpm_fifo_async_inst/gnuram_async_fifo.xpm_fifo_base_inst/gen_cdc_pntr.rd_pntr_cdc_inst/src_gray_ff_reg[8]} \
          {Injector_Characterization_i/AXI_Injector_0/U0/TestMultiReg_v1_0_S00_AXI_inst/fifo_inst/xpm_fifo_async_inst/gnuram_async_fifo.xpm_fifo_base_inst/gen_cdc_pntr.rd_pntr_cdc_inst/src_gray_ff_reg[9]}]] -to [get_cells [list {Injector_Characterization_i/AXI_Injector_0/U0/TestMultiReg_v1_0_S00_AXI_inst/fifo_inst/xpm_fifo_async_inst/gnuram_async_fifo.xpm_fifo_base_inst/gen_cdc_pntr.rd_pntr_cdc_inst/dest_graysync_ff_reg[0][0]} \
          {Injector_Characterization_i/AXI_Injector_0/U0/TestMultiReg_v1_0_S00_AXI_inst/fifo_inst/xpm_fifo_async_inst/gnuram_async_fifo.xpm_fifo_base_inst/gen_cdc_pntr.rd_pntr_cdc_inst/dest_graysync_ff_reg[0][10]} \
          {Injector_Characterization_i/AXI_Injector_0/U0/TestMultiReg_v1_0_S00_AXI_inst/fifo_inst/xpm_fifo_async_inst/gnuram_async_fifo.xpm_fifo_base_inst/gen_cdc_pntr.rd_pntr_cdc_inst/dest_graysync_ff_reg[0][11]} \
          {Injector_Characterization_i/AXI_Injector_0/U0/TestMultiReg_v1_0_S00_AXI_inst/fifo_inst/xpm_fifo_async_inst/gnuram_async_fifo.xpm_fifo_base_inst/gen_cdc_pntr.rd_pntr_cdc_inst/dest_graysync_ff_reg[0][12]} \
          {Injector_Characterization_i/AXI_Injector_0/U0/TestMultiReg_v1_0_S00_AXI_inst/fifo_inst/xpm_fifo_async_inst/gnuram_async_fifo.xpm_fifo_base_inst/gen_cdc_pntr.rd_pntr_cdc_inst/dest_graysync_ff_reg[0][13]} \
          {Injector_Characterization_i/AXI_Injector_0/U0/TestMultiReg_v1_0_S00_AXI_inst/fifo_inst/xpm_fifo_async_inst/gnuram_async_fifo.xpm_fifo_base_inst/gen_cdc_pntr.rd_pntr_cdc_inst/dest_graysync_ff_reg[0][14]} \
          {Injector_Characterization_i/AXI_Injector_0/U0/TestMultiReg_v1_0_S00_AXI_inst/fifo_inst/xpm_fifo_async_inst/gnuram_async_fifo.xpm_fifo_base_inst/gen_cdc_pntr.rd_pntr_cdc_inst/dest_graysync_ff_reg[0][1]} \
          {Injector_Characterization_i/AXI_Injector_0/U0/TestMultiReg_v1_0_S00_AXI_inst/fifo_inst/xpm_fifo_async_inst/gnuram_async_fifo.xpm_fifo_base_inst/gen_cdc_pntr.rd_pntr_cdc_inst/dest_graysync_ff_reg[0][2]} \
          {Injector_Characterization_i/AXI_Injector_0/U0/TestMultiReg_v1_0_S00_AXI_inst/fifo_inst/xpm_fifo_async_inst/gnuram_async_fifo.xpm_fifo_base_inst/gen_cdc_pntr.rd_pntr_cdc_inst/dest_graysync_ff_reg[0][3]} \
          {Injector_Characterization_i/AXI_Injector_0/U0/TestMultiReg_v1_0_S00_AXI_inst/fifo_inst/xpm_fifo_async_inst/gnuram_async_fifo.xpm_fifo_base_inst/gen_cdc_pntr.rd_pntr_cdc_inst/dest_graysync_ff_reg[0][4]} \
          {Injector_Characterization_i/AXI_Injector_0/U0/TestMultiReg_v1_0_S00_AXI_inst/fifo_inst/xpm_fifo_async_inst/gnuram_async_fifo.xpm_fifo_base_inst/gen_cdc_pntr.rd_pntr_cdc_inst/dest_graysync_ff_reg[0][5]} \
          {Injector_Characterization_i/AXI_Injector_0/U0/TestMultiReg_v1_0_S00_AXI_inst/fifo_inst/xpm_fifo_async_inst/gnuram_async_fifo.xpm_fifo_base_inst/gen_cdc_pntr.rd_pntr_cdc_inst/dest_graysync_ff_reg[0][6]} \
          {Injector_Characterization_i/AXI_Injector_0/U0/TestMultiReg_v1_0_S00_AXI_inst/fifo_inst/xpm_fifo_async_inst/gnuram_async_fifo.xpm_fifo_base_inst/gen_cdc_pntr.rd_pntr_cdc_inst/dest_graysync_ff_reg[0][7]} \
          {Injector_Characterization_i/AXI_Injector_0/U0/TestMultiReg_v1_0_S00_AXI_inst/fifo_inst/xpm_fifo_async_inst/gnuram_async_fifo.xpm_fifo_base_inst/gen_cdc_pntr.rd_pntr_cdc_inst/dest_graysync_ff_reg[0][8]} \
          {Injector_Characterization_i/AXI_Injector_0/U0/TestMultiReg_v1_0_S00_AXI_inst/fifo_inst/xpm_fifo_async_inst/gnuram_async_fifo.xpm_fifo_base_inst/gen_cdc_pntr.rd_pntr_cdc_inst/dest_graysync_ff_reg[0][9]}]] 10.000
Requirement: 10.000ns
Endpoints: 8

From Clock            To Clock              Endpoint Pin                    Reference Pin                   Corner  Actual(ns)  Slack(ns)
--------------------  --------------------  ------------------------------  ------------------------------  ------  ----------  ---------
clk_out1_Injector_Characterization_clk_wiz_0_0
                      clk_fpga_0            Injector_Characterization_i/AXI_Injector_0/U0/TestMultiReg_v1_0_S00_AXI_inst/fifo_inst/xpm_fifo_async_inst/gnuram_async_fifo.xpm_fifo_base_inst/gen_cdc_pntr.rd_pntr_cdc_inst/dest_graysync_ff_reg[0][1]/D
                                                                            Injector_Characterization_i/AXI_Injector_0/U0/TestMultiReg_v1_0_S00_AXI_inst/fifo_inst/xpm_fifo_async_inst/gnuram_async_fifo.xpm_fifo_base_inst/gen_cdc_pntr.rd_pntr_cdc_inst/dest_graysync_ff_reg[0][6]/D
                                                                                                            Slow         1.334      8.666


Slack (MET) :             8.666ns  (requirement - actual skew)
  Endpoint Source:        Injector_Characterization_i/AXI_Injector_0/U0/TestMultiReg_v1_0_S00_AXI_inst/fifo_inst/xpm_fifo_async_inst/gnuram_async_fifo.xpm_fifo_base_inst/gen_cdc_pntr.rd_pntr_cdc_inst/src_gray_ff_reg[1]/C
                            (rising edge-triggered cell FDRE clocked by clk_out1_Injector_Characterization_clk_wiz_0_0)
  Endpoint Destination:   Injector_Characterization_i/AXI_Injector_0/U0/TestMultiReg_v1_0_S00_AXI_inst/fifo_inst/xpm_fifo_async_inst/gnuram_async_fifo.xpm_fifo_base_inst/gen_cdc_pntr.rd_pntr_cdc_inst/dest_graysync_ff_reg[0][1]/D
                            (rising edge-triggered cell FDRE clocked by clk_fpga_0)
  Reference Source:       Injector_Characterization_i/AXI_Injector_0/U0/TestMultiReg_v1_0_S00_AXI_inst/fifo_inst/xpm_fifo_async_inst/gnuram_async_fifo.xpm_fifo_base_inst/gen_cdc_pntr.rd_pntr_cdc_inst/src_gray_ff_reg[6]/C
                            (rising edge-triggered cell FDRE clocked by clk_out1_Injector_Characterization_clk_wiz_0_0)
  Reference Destination:  Injector_Characterization_i/AXI_Injector_0/U0/TestMultiReg_v1_0_S00_AXI_inst/fifo_inst/xpm_fifo_async_inst/gnuram_async_fifo.xpm_fifo_base_inst/gen_cdc_pntr.rd_pntr_cdc_inst/dest_graysync_ff_reg[0][6]/D
                            (rising edge-triggered cell FDRE clocked by clk_fpga_0)
  Path Type:              Bus Skew (Max at Slow Process Corner)
  Requirement:            10.000ns
  Endpoint Relative Delay:   -1.799ns
  Reference Relative Delay:  -3.987ns
  Relative CRPR:              0.854ns
  Actual Bus Skew:            1.334ns  (Endpoint Relative Delay - Reference Relative Delay - Relative CRPR)

Endpoint path:
    Location             Delay type                Incr(ns)  Path(ns)    Netlist Resource(s)
  -------------------------------------------------------------------    -------------------
                         (clock clk_out1_Injector_Characterization_clk_wiz_0_0 rise edge)
                                                      0.000     0.000 r  
    L16                                               0.000     0.000 r  sys_clock (IN)
                         net (fo=0)                   0.000     0.000    Injector_Characterization_i/clk_wiz_0/inst/clk_in1
    L16                  IBUF (Prop_ibuf_I_O)         1.491     1.491 r  Injector_Characterization_i/clk_wiz_0/inst/clkin1_ibufg/O
                         net (fo=1, routed)           1.285     2.776    Injector_Characterization_i/clk_wiz_0/inst/clk_in1_Injector_Characterization_clk_wiz_0_0
    MMCME2_ADV_X0Y1      MMCME2_ADV (Prop_mmcme2_adv_CLKIN1_CLKOUT0)
                                                     -6.996    -4.220 r  Injector_Characterization_i/clk_wiz_0/inst/mmcm_adv_inst/CLKOUT0
                         net (fo=1, routed)           1.760    -2.460    Injector_Characterization_i/clk_wiz_0/inst/clk_out1_Injector_Characterization_clk_wiz_0_0
    BUFGCTRL_X0Y16       BUFG (Prop_bufg_I_O)         0.101    -2.359 r  Injector_Characterization_i/clk_wiz_0/inst/clkout1_buf/O
                         net (fo=146, routed)         1.672    -0.687    Injector_Characterization_i/AXI_Injector_0/U0/TestMultiReg_v1_0_S00_AXI_inst/fifo_inst/xpm_fifo_async_inst/gnuram_async_fifo.xpm_fifo_base_inst/gen_cdc_pntr.rd_pntr_cdc_inst/src_clk
    SLICE_X7Y30          FDRE                                         r  Injector_Characterization_i/AXI_Injector_0/U0/TestMultiReg_v1_0_S00_AXI_inst/fifo_inst/xpm_fifo_async_inst/gnuram_async_fifo.xpm_fifo_base_inst/gen_cdc_pntr.rd_pntr_cdc_inst/src_gray_ff_reg[1]/C
  -------------------------------------------------------------------    -------------------
    SLICE_X7Y30          FDRE (Prop_fdre_C_Q)         0.419    -0.268 r  Injector_Characterization_i/AXI_Injector_0/U0/TestMultiReg_v1_0_S00_AXI_inst/fifo_inst/xpm_fifo_async_inst/gnuram_async_fifo.xpm_fifo_base_inst/gen_cdc_pntr.rd_pntr_cdc_inst/src_gray_ff_reg[1]/Q
                         net (fo=1, routed)           0.671     0.403    Injector_Characterization_i/AXI_Injector_0/U0/TestMultiReg_v1_0_S00_AXI_inst/fifo_inst/xpm_fifo_async_inst/gnuram_async_fifo.xpm_fifo_base_inst/gen_cdc_pntr.rd_pntr_cdc_inst/async_path[1]
    SLICE_X2Y31          FDRE                                         r  Injector_Characterization_i/AXI_Injector_0/U0/TestMultiReg_v1_0_S00_AXI_inst/fifo_inst/xpm_fifo_async_inst/gnuram_async_fifo.xpm_fifo_base_inst/gen_cdc_pntr.rd_pntr_cdc_inst/dest_graysync_ff_reg[0][1]/D
  -------------------------------------------------------------------    -------------------

                         (clock clk_fpga_0 rise edge)
                                                      0.000     0.000 r  
    PS7_X0Y0             PS7                          0.000     0.000 r  Injector_Characterization_i/processing_system7_0/inst/PS7_i/FCLKCLK[0]
                         net (fo=1, routed)           1.101     1.101    Injector_Characterization_i/processing_system7_0/inst/FCLK_CLK_unbuffered[0]
    BUFGCTRL_X0Y0        BUFG (Prop_bufg_I_O)         0.091     1.192 r  Injector_Characterization_i/processing_system7_0/inst/buffer_fclk_clk_0.FCLK_CLK_0_BUFG/O
                         net (fo=1474, routed)        1.541     2.734    Injector_Characterization_i/AXI_Injector_0/U0/TestMultiReg_v1_0_S00_AXI_inst/fifo_inst/xpm_fifo_async_inst/gnuram_async_fifo.xpm_fifo_base_inst/gen_cdc_pntr.rd_pntr_cdc_inst/dest_clk
    SLICE_X2Y31          FDRE                                         r  Injector_Characterization_i/AXI_Injector_0/U0/TestMultiReg_v1_0_S00_AXI_inst/fifo_inst/xpm_fifo_async_inst/gnuram_async_fifo.xpm_fifo_base_inst/gen_cdc_pntr.rd_pntr_cdc_inst/dest_graysync_ff_reg[0][1]/C
                         clock pessimism              0.000     2.734    
                         clock uncertainty           -0.263     2.470    
    SLICE_X2Y31          FDRE (Setup_fdre_C_D)       -0.268     2.202    Injector_Characterization_i/AXI_Injector_0/U0/TestMultiReg_v1_0_S00_AXI_inst/fifo_inst/xpm_fifo_async_inst/gnuram_async_fifo.xpm_fifo_base_inst/gen_cdc_pntr.rd_pntr_cdc_inst/dest_graysync_ff_reg[0][1]
  -------------------------------------------------------------------
                         data arrival                           0.403    
                         clock arrival                          2.202    
  -------------------------------------------------------------------
                         relative delay                        -1.799    

Reference path:
    Location             Delay type                Incr(ns)  Path(ns)    Netlist Resource(s)
  -------------------------------------------------------------------    -------------------
                         (clock clk_out1_Injector_Characterization_clk_wiz_0_0 rise edge)
                                                      0.000     0.000 r  
    L16                                               0.000     0.000 r  sys_clock (IN)
                         net (fo=0)                   0.000     0.000    Injector_Characterization_i/clk_wiz_0/inst/clk_in1
    L16                  IBUF (Prop_ibuf_I_O)         1.421     1.421 r  Injector_Characterization_i/clk_wiz_0/inst/clkin1_ibufg/O
                         net (fo=1, routed)           1.162     2.583    Injector_Characterization_i/clk_wiz_0/inst/clk_in1_Injector_Characterization_clk_wiz_0_0
    MMCME2_ADV_X0Y1      MMCME2_ADV (Prop_mmcme2_adv_CLKIN1_CLKOUT0)
                                                     -7.105    -4.522 r  Injector_Characterization_i/clk_wiz_0/inst/mmcm_adv_inst/CLKOUT0
                         net (fo=1, routed)           1.599    -2.923    Injector_Characterization_i/clk_wiz_0/inst/clk_out1_Injector_Characterization_clk_wiz_0_0
    BUFGCTRL_X0Y16       BUFG (Prop_bufg_I_O)         0.091    -2.832 r  Injector_Characterization_i/clk_wiz_0/inst/clkout1_buf/O
                         net (fo=146, routed)         1.497    -1.335    Injector_Characterization_i/AXI_Injector_0/U0/TestMultiReg_v1_0_S00_AXI_inst/fifo_inst/xpm_fifo_async_inst/gnuram_async_fifo.xpm_fifo_base_inst/gen_cdc_pntr.rd_pntr_cdc_inst/src_clk
    SLICE_X7Y28          FDRE                                         r  Injector_Characterization_i/AXI_Injector_0/U0/TestMultiReg_v1_0_S00_AXI_inst/fifo_inst/xpm_fifo_async_inst/gnuram_async_fifo.xpm_fifo_base_inst/gen_cdc_pntr.rd_pntr_cdc_inst/src_gray_ff_reg[6]/C
  -------------------------------------------------------------------    -------------------
    SLICE_X7Y28          FDRE (Prop_fdre_C_Q)         0.367    -0.968 r  Injector_Characterization_i/AXI_Injector_0/U0/TestMultiReg_v1_0_S00_AXI_inst/fifo_inst/xpm_fifo_async_inst/gnuram_async_fifo.xpm_fifo_base_inst/gen_cdc_pntr.rd_pntr_cdc_inst/src_gray_ff_reg[6]/Q
                         net (fo=1, routed)           0.390    -0.578    Injector_Characterization_i/AXI_Injector_0/U0/TestMultiReg_v1_0_S00_AXI_inst/fifo_inst/xpm_fifo_async_inst/gnuram_async_fifo.xpm_fifo_base_inst/gen_cdc_pntr.rd_pntr_cdc_inst/async_path[6]
    SLICE_X7Y29          FDRE                                         r  Injector_Characterization_i/AXI_Injector_0/U0/TestMultiReg_v1_0_S00_AXI_inst/fifo_inst/xpm_fifo_async_inst/gnuram_async_fifo.xpm_fifo_base_inst/gen_cdc_pntr.rd_pntr_cdc_inst/dest_graysync_ff_reg[0][6]/D
  -------------------------------------------------------------------    -------------------

                         (clock clk_fpga_0 rise edge)
                                                      0.000     0.000 r  
    PS7_X0Y0             PS7                          0.000     0.000 r  Injector_Characterization_i/processing_system7_0/inst/PS7_i/FCLKCLK[0]
                         net (fo=1, routed)           1.207     1.207    Injector_Characterization_i/processing_system7_0/inst/FCLK_CLK_unbuffered[0]
    BUFGCTRL_X0Y0        BUFG (Prop_bufg_I_O)         0.101     1.308 r  Injector_Characterization_i/processing_system7_0/inst/buffer_fclk_clk_0.FCLK_CLK_0_BUFG/O
                         net (fo=1474, routed)        1.668     2.976    Injector_Characterization_i/AXI_Injector_0/U0/TestMultiReg_v1_0_S00_AXI_inst/fifo_inst/xpm_fifo_async_inst/gnuram_async_fifo.xpm_fifo_base_inst/gen_cdc_pntr.rd_pntr_cdc_inst/dest_clk
    SLICE_X7Y29          FDRE                                         r  Injector_Characterization_i/AXI_Injector_0/U0/TestMultiReg_v1_0_S00_AXI_inst/fifo_inst/xpm_fifo_async_inst/gnuram_async_fifo.xpm_fifo_base_inst/gen_cdc_pntr.rd_pntr_cdc_inst/dest_graysync_ff_reg[0][6]/C
                         clock pessimism              0.000     2.976    
                         clock uncertainty            0.263     3.239    
    SLICE_X7Y29          FDRE (Hold_fdre_C_D)         0.170     3.409    Injector_Characterization_i/AXI_Injector_0/U0/TestMultiReg_v1_0_S00_AXI_inst/fifo_inst/xpm_fifo_async_inst/gnuram_async_fifo.xpm_fifo_base_inst/gen_cdc_pntr.rd_pntr_cdc_inst/dest_graysync_ff_reg[0][6]
  -------------------------------------------------------------------
                         data arrival                          -0.578    
                         clock arrival                          3.409    
  -------------------------------------------------------------------
                         relative delay                        -3.987    



Id: 2
set_bus_skew -from [get_cells [list {Injector_Characterization_i/AXI_Injector_0/U0/TestMultiReg_v1_0_S00_AXI_inst/fifo_inst/xpm_fifo_async_inst/gnuram_async_fifo.xpm_fifo_base_inst/gen_cdc_pntr.wr_pntr_cdc_inst/src_gray_ff_reg[0]} \
          {Injector_Characterization_i/AXI_Injector_0/U0/TestMultiReg_v1_0_S00_AXI_inst/fifo_inst/xpm_fifo_async_inst/gnuram_async_fifo.xpm_fifo_base_inst/gen_cdc_pntr.wr_pntr_cdc_inst/src_gray_ff_reg[10]} \
          {Injector_Characterization_i/AXI_Injector_0/U0/TestMultiReg_v1_0_S00_AXI_inst/fifo_inst/xpm_fifo_async_inst/gnuram_async_fifo.xpm_fifo_base_inst/gen_cdc_pntr.wr_pntr_cdc_inst/src_gray_ff_reg[11]} \
          {Injector_Characterization_i/AXI_Injector_0/U0/TestMultiReg_v1_0_S00_AXI_inst/fifo_inst/xpm_fifo_async_inst/gnuram_async_fifo.xpm_fifo_base_inst/gen_cdc_pntr.wr_pntr_cdc_inst/src_gray_ff_reg[12]} \
          {Injector_Characterization_i/AXI_Injector_0/U0/TestMultiReg_v1_0_S00_AXI_inst/fifo_inst/xpm_fifo_async_inst/gnuram_async_fifo.xpm_fifo_base_inst/gen_cdc_pntr.wr_pntr_cdc_inst/src_gray_ff_reg[13]} \
          {Injector_Characterization_i/AXI_Injector_0/U0/TestMultiReg_v1_0_S00_AXI_inst/fifo_inst/xpm_fifo_async_inst/gnuram_async_fifo.xpm_fifo_base_inst/gen_cdc_pntr.wr_pntr_cdc_inst/src_gray_ff_reg[14]} \
          {Injector_Characterization_i/AXI_Injector_0/U0/TestMultiReg_v1_0_S00_AXI_inst/fifo_inst/xpm_fifo_async_inst/gnuram_async_fifo.xpm_fifo_base_inst/gen_cdc_pntr.wr_pntr_cdc_inst/src_gray_ff_reg[1]} \
          {Injector_Characterization_i/AXI_Injector_0/U0/TestMultiReg_v1_0_S00_AXI_inst/fifo_inst/xpm_fifo_async_inst/gnuram_async_fifo.xpm_fifo_base_inst/gen_cdc_pntr.wr_pntr_cdc_inst/src_gray_ff_reg[2]} \
          {Injector_Characterization_i/AXI_Injector_0/U0/TestMultiReg_v1_0_S00_AXI_inst/fifo_inst/xpm_fifo_async_inst/gnuram_async_fifo.xpm_fifo_base_inst/gen_cdc_pntr.wr_pntr_cdc_inst/src_gray_ff_reg[3]} \
          {Injector_Characterization_i/AXI_Injector_0/U0/TestMultiReg_v1_0_S00_AXI_inst/fifo_inst/xpm_fifo_async_inst/gnuram_async_fifo.xpm_fifo_base_inst/gen_cdc_pntr.wr_pntr_cdc_inst/src_gray_ff_reg[4]} \
          {Injector_Characterization_i/AXI_Injector_0/U0/TestMultiReg_v1_0_S00_AXI_inst/fifo_inst/xpm_fifo_async_inst/gnuram_async_fifo.xpm_fifo_base_inst/gen_cdc_pntr.wr_pntr_cdc_inst/src_gray_ff_reg[5]} \
          {Injector_Characterization_i/AXI_Injector_0/U0/TestMultiReg_v1_0_S00_AXI_inst/fifo_inst/xpm_fifo_async_inst/gnuram_async_fifo.xpm_fifo_base_inst/gen_cdc_pntr.wr_pntr_cdc_inst/src_gray_ff_reg[6]} \
          {Injector_Characterization_i/AXI_Injector_0/U0/TestMultiReg_v1_0_S00_AXI_inst/fifo_inst/xpm_fifo_async_inst/gnuram_async_fifo.xpm_fifo_base_inst/gen_cdc_pntr.wr_pntr_cdc_inst/src_gray_ff_reg[7]} \
          {Injector_Characterization_i/AXI_Injector_0/U0/TestMultiReg_v1_0_S00_AXI_inst/fifo_inst/xpm_fifo_async_inst/gnuram_async_fifo.xpm_fifo_base_inst/gen_cdc_pntr.wr_pntr_cdc_inst/src_gray_ff_reg[8]} \
          {Injector_Characterization_i/AXI_Injector_0/U0/TestMultiReg_v1_0_S00_AXI_inst/fifo_inst/xpm_fifo_async_inst/gnuram_async_fifo.xpm_fifo_base_inst/gen_cdc_pntr.wr_pntr_cdc_inst/src_gray_ff_reg[9]}]] -to [get_cells [list {Injector_Characterization_i/AXI_Injector_0/U0/TestMultiReg_v1_0_S00_AXI_inst/fifo_inst/xpm_fifo_async_inst/gnuram_async_fifo.xpm_fifo_base_inst/gen_cdc_pntr.wr_pntr_cdc_inst/dest_graysync_ff_reg[0][0]} \
          {Injector_Characterization_i/AXI_Injector_0/U0/TestMultiReg_v1_0_S00_AXI_inst/fifo_inst/xpm_fifo_async_inst/gnuram_async_fifo.xpm_fifo_base_inst/gen_cdc_pntr.wr_pntr_cdc_inst/dest_graysync_ff_reg[0][10]} \
          {Injector_Characterization_i/AXI_Injector_0/U0/TestMultiReg_v1_0_S00_AXI_inst/fifo_inst/xpm_fifo_async_inst/gnuram_async_fifo.xpm_fifo_base_inst/gen_cdc_pntr.wr_pntr_cdc_inst/dest_graysync_ff_reg[0][11]} \
          {Injector_Characterization_i/AXI_Injector_0/U0/TestMultiReg_v1_0_S00_AXI_inst/fifo_inst/xpm_fifo_async_inst/gnuram_async_fifo.xpm_fifo_base_inst/gen_cdc_pntr.wr_pntr_cdc_inst/dest_graysync_ff_reg[0][12]} \
          {Injector_Characterization_i/AXI_Injector_0/U0/TestMultiReg_v1_0_S00_AXI_inst/fifo_inst/xpm_fifo_async_inst/gnuram_async_fifo.xpm_fifo_base_inst/gen_cdc_pntr.wr_pntr_cdc_inst/dest_graysync_ff_reg[0][13]} \
          {Injector_Characterization_i/AXI_Injector_0/U0/TestMultiReg_v1_0_S00_AXI_inst/fifo_inst/xpm_fifo_async_inst/gnuram_async_fifo.xpm_fifo_base_inst/gen_cdc_pntr.wr_pntr_cdc_inst/dest_graysync_ff_reg[0][14]} \
          {Injector_Characterization_i/AXI_Injector_0/U0/TestMultiReg_v1_0_S00_AXI_inst/fifo_inst/xpm_fifo_async_inst/gnuram_async_fifo.xpm_fifo_base_inst/gen_cdc_pntr.wr_pntr_cdc_inst/dest_graysync_ff_reg[0][1]} \
          {Injector_Characterization_i/AXI_Injector_0/U0/TestMultiReg_v1_0_S00_AXI_inst/fifo_inst/xpm_fifo_async_inst/gnuram_async_fifo.xpm_fifo_base_inst/gen_cdc_pntr.wr_pntr_cdc_inst/dest_graysync_ff_reg[0][2]} \
          {Injector_Characterization_i/AXI_Injector_0/U0/TestMultiReg_v1_0_S00_AXI_inst/fifo_inst/xpm_fifo_async_inst/gnuram_async_fifo.xpm_fifo_base_inst/gen_cdc_pntr.wr_pntr_cdc_inst/dest_graysync_ff_reg[0][3]} \
          {Injector_Characterization_i/AXI_Injector_0/U0/TestMultiReg_v1_0_S00_AXI_inst/fifo_inst/xpm_fifo_async_inst/gnuram_async_fifo.xpm_fifo_base_inst/gen_cdc_pntr.wr_pntr_cdc_inst/dest_graysync_ff_reg[0][4]} \
          {Injector_Characterization_i/AXI_Injector_0/U0/TestMultiReg_v1_0_S00_AXI_inst/fifo_inst/xpm_fifo_async_inst/gnuram_async_fifo.xpm_fifo_base_inst/gen_cdc_pntr.wr_pntr_cdc_inst/dest_graysync_ff_reg[0][5]} \
          {Injector_Characterization_i/AXI_Injector_0/U0/TestMultiReg_v1_0_S00_AXI_inst/fifo_inst/xpm_fifo_async_inst/gnuram_async_fifo.xpm_fifo_base_inst/gen_cdc_pntr.wr_pntr_cdc_inst/dest_graysync_ff_reg[0][6]} \
          {Injector_Characterization_i/AXI_Injector_0/U0/TestMultiReg_v1_0_S00_AXI_inst/fifo_inst/xpm_fifo_async_inst/gnuram_async_fifo.xpm_fifo_base_inst/gen_cdc_pntr.wr_pntr_cdc_inst/dest_graysync_ff_reg[0][7]} \
          {Injector_Characterization_i/AXI_Injector_0/U0/TestMultiReg_v1_0_S00_AXI_inst/fifo_inst/xpm_fifo_async_inst/gnuram_async_fifo.xpm_fifo_base_inst/gen_cdc_pntr.wr_pntr_cdc_inst/dest_graysync_ff_reg[0][8]} \
          {Injector_Characterization_i/AXI_Injector_0/U0/TestMultiReg_v1_0_S00_AXI_inst/fifo_inst/xpm_fifo_async_inst/gnuram_async_fifo.xpm_fifo_base_inst/gen_cdc_pntr.wr_pntr_cdc_inst/dest_graysync_ff_reg[0][9]}]] 10.000
Requirement: 10.000ns
Endpoints: 7

From Clock            To Clock              Endpoint Pin                    Reference Pin                   Corner  Actual(ns)  Slack(ns)
--------------------  --------------------  ------------------------------  ------------------------------  ------  ----------  ---------
clk_fpga_0            clk_out1_Injector_Characterization_clk_wiz_0_0
                                            Injector_Characterization_i/AXI_Injector_0/U0/TestMultiReg_v1_0_S00_AXI_inst/fifo_inst/xpm_fifo_async_inst/gnuram_async_fifo.xpm_fifo_base_inst/gen_cdc_pntr.wr_pntr_cdc_inst/dest_graysync_ff_reg[0][5]/D
                                                                            Injector_Characterization_i/AXI_Injector_0/U0/TestMultiReg_v1_0_S00_AXI_inst/fifo_inst/xpm_fifo_async_inst/gnuram_async_fifo.xpm_fifo_base_inst/gen_cdc_pntr.wr_pntr_cdc_inst/dest_graysync_ff_reg[0][14]/D
                                                                                                            Slow         1.459      8.541


Slack (MET) :             8.541ns  (requirement - actual skew)
  Endpoint Source:        Injector_Characterization_i/AXI_Injector_0/U0/TestMultiReg_v1_0_S00_AXI_inst/fifo_inst/xpm_fifo_async_inst/gnuram_async_fifo.xpm_fifo_base_inst/gen_cdc_pntr.wr_pntr_cdc_inst/src_gray_ff_reg[5]/C
                            (rising edge-triggered cell FDRE clocked by clk_fpga_0)
  Endpoint Destination:   Injector_Characterization_i/AXI_Injector_0/U0/TestMultiReg_v1_0_S00_AXI_inst/fifo_inst/xpm_fifo_async_inst/gnuram_async_fifo.xpm_fifo_base_inst/gen_cdc_pntr.wr_pntr_cdc_inst/dest_graysync_ff_reg[0][5]/D
                            (rising edge-triggered cell FDRE clocked by clk_out1_Injector_Characterization_clk_wiz_0_0)
  Reference Source:       Injector_Characterization_i/AXI_Injector_0/U0/TestMultiReg_v1_0_S00_AXI_inst/fifo_inst/xpm_fifo_async_inst/gnuram_async_fifo.xpm_fifo_base_inst/gen_cdc_pntr.wr_pntr_cdc_inst/src_gray_ff_reg[14]/C
                            (rising edge-triggered cell FDRE clocked by clk_fpga_0)
  Reference Destination:  Injector_Characterization_i/AXI_Injector_0/U0/TestMultiReg_v1_0_S00_AXI_inst/fifo_inst/xpm_fifo_async_inst/gnuram_async_fifo.xpm_fifo_base_inst/gen_cdc_pntr.wr_pntr_cdc_inst/dest_graysync_ff_reg[0][14]/D
                            (rising edge-triggered cell FDRE clocked by clk_out1_Injector_Characterization_clk_wiz_0_0)
  Path Type:              Bus Skew (Max at Slow Process Corner)
  Requirement:            10.000ns
  Endpoint Relative Delay:    6.121ns
  Reference Relative Delay:   3.843ns
  Relative CRPR:              0.819ns
  Actual Bus Skew:            1.459ns  (Endpoint Relative Delay - Reference Relative Delay - Relative CRPR)

Endpoint path:
    Location             Delay type                Incr(ns)  Path(ns)    Netlist Resource(s)
  -------------------------------------------------------------------    -------------------
                         (clock clk_fpga_0 rise edge)
                                                      0.000     0.000 r  
    PS7_X0Y0             PS7                          0.000     0.000 r  Injector_Characterization_i/processing_system7_0/inst/PS7_i/FCLKCLK[0]
                         net (fo=1, routed)           1.207     1.207    Injector_Characterization_i/processing_system7_0/inst/FCLK_CLK_unbuffered[0]
    BUFGCTRL_X0Y0        BUFG (Prop_bufg_I_O)         0.101     1.308 r  Injector_Characterization_i/processing_system7_0/inst/buffer_fclk_clk_0.FCLK_CLK_0_BUFG/O
                         net (fo=1474, routed)        1.672     2.980    Injector_Characterization_i/AXI_Injector_0/U0/TestMultiReg_v1_0_S00_AXI_inst/fifo_inst/xpm_fifo_async_inst/gnuram_async_fifo.xpm_fifo_base_inst/gen_cdc_pntr.wr_pntr_cdc_inst/src_clk
    SLICE_X12Y32         FDRE                                         r  Injector_Characterization_i/AXI_Injector_0/U0/TestMultiReg_v1_0_S00_AXI_inst/fifo_inst/xpm_fifo_async_inst/gnuram_async_fifo.xpm_fifo_base_inst/gen_cdc_pntr.wr_pntr_cdc_inst/src_gray_ff_reg[5]/C
  -------------------------------------------------------------------    -------------------
    SLICE_X12Y32         FDRE (Prop_fdre_C_Q)         0.478     3.458 r  Injector_Characterization_i/AXI_Injector_0/U0/TestMultiReg_v1_0_S00_AXI_inst/fifo_inst/xpm_fifo_async_inst/gnuram_async_fifo.xpm_fifo_base_inst/gen_cdc_pntr.wr_pntr_cdc_inst/src_gray_ff_reg[5]/Q
                         net (fo=1, routed)           0.857     4.315    Injector_Characterization_i/AXI_Injector_0/U0/TestMultiReg_v1_0_S00_AXI_inst/fifo_inst/xpm_fifo_async_inst/gnuram_async_fifo.xpm_fifo_base_inst/gen_cdc_pntr.wr_pntr_cdc_inst/async_path[5]
    SLICE_X12Y33         FDRE                                         r  Injector_Characterization_i/AXI_Injector_0/U0/TestMultiReg_v1_0_S00_AXI_inst/fifo_inst/xpm_fifo_async_inst/gnuram_async_fifo.xpm_fifo_base_inst/gen_cdc_pntr.wr_pntr_cdc_inst/dest_graysync_ff_reg[0][5]/D
  -------------------------------------------------------------------    -------------------

                         (clock clk_out1_Injector_Characterization_clk_wiz_0_0 rise edge)
                                                      0.000     0.000 r  
    L16                                               0.000     0.000 r  sys_clock (IN)
                         net (fo=0)                   0.000     0.000    Injector_Characterization_i/clk_wiz_0/inst/clk_in1
    L16                  IBUF (Prop_ibuf_I_O)         1.421     1.421 r  Injector_Characterization_i/clk_wiz_0/inst/clkin1_ibufg/O
                         net (fo=1, routed)           1.162     2.583    Injector_Characterization_i/clk_wiz_0/inst/clk_in1_Injector_Characterization_clk_wiz_0_0
    MMCME2_ADV_X0Y1      MMCME2_ADV (Prop_mmcme2_adv_CLKIN1_CLKOUT0)
                                                     -7.105    -4.522 r  Injector_Characterization_i/clk_wiz_0/inst/mmcm_adv_inst/CLKOUT0
                         net (fo=1, routed)           1.599    -2.923    Injector_Characterization_i/clk_wiz_0/inst/clk_out1_Injector_Characterization_clk_wiz_0_0
    BUFGCTRL_X0Y16       BUFG (Prop_bufg_I_O)         0.091    -2.832 r  Injector_Characterization_i/clk_wiz_0/inst/clkout1_buf/O
                         net (fo=146, routed)         1.503    -1.329    Injector_Characterization_i/AXI_Injector_0/U0/TestMultiReg_v1_0_S00_AXI_inst/fifo_inst/xpm_fifo_async_inst/gnuram_async_fifo.xpm_fifo_base_inst/gen_cdc_pntr.wr_pntr_cdc_inst/dest_clk
    SLICE_X12Y33         FDRE                                         r  Injector_Characterization_i/AXI_Injector_0/U0/TestMultiReg_v1_0_S00_AXI_inst/fifo_inst/xpm_fifo_async_inst/gnuram_async_fifo.xpm_fifo_base_inst/gen_cdc_pntr.wr_pntr_cdc_inst/dest_graysync_ff_reg[0][5]/C
                         clock pessimism              0.000    -1.329    
                         clock uncertainty           -0.263    -1.592    
    SLICE_X12Y33         FDRE (Setup_fdre_C_D)       -0.214    -1.806    Injector_Characterization_i/AXI_Injector_0/U0/TestMultiReg_v1_0_S00_AXI_inst/fifo_inst/xpm_fifo_async_inst/gnuram_async_fifo.xpm_fifo_base_inst/gen_cdc_pntr.wr_pntr_cdc_inst/dest_graysync_ff_reg[0][5]
  -------------------------------------------------------------------
                         data arrival                           4.315    
                         clock arrival                         -1.806    
  -------------------------------------------------------------------
                         relative delay                         6.121    

Reference path:
    Location             Delay type                Incr(ns)  Path(ns)    Netlist Resource(s)
  -------------------------------------------------------------------    -------------------
                         (clock clk_fpga_0 rise edge)
                                                      0.000     0.000 r  
    PS7_X0Y0             PS7                          0.000     0.000 r  Injector_Characterization_i/processing_system7_0/inst/PS7_i/FCLKCLK[0]
                         net (fo=1, routed)           1.101     1.101    Injector_Characterization_i/processing_system7_0/inst/FCLK_CLK_unbuffered[0]
    BUFGCTRL_X0Y0        BUFG (Prop_bufg_I_O)         0.091     1.192 r  Injector_Characterization_i/processing_system7_0/inst/buffer_fclk_clk_0.FCLK_CLK_0_BUFG/O
                         net (fo=1474, routed)        1.490     2.682    Injector_Characterization_i/AXI_Injector_0/U0/TestMultiReg_v1_0_S00_AXI_inst/fifo_inst/xpm_fifo_async_inst/gnuram_async_fifo.xpm_fifo_base_inst/gen_cdc_pntr.wr_pntr_cdc_inst/src_clk
    SLICE_X18Y31         FDRE                                         r  Injector_Characterization_i/AXI_Injector_0/U0/TestMultiReg_v1_0_S00_AXI_inst/fifo_inst/xpm_fifo_async_inst/gnuram_async_fifo.xpm_fifo_base_inst/gen_cdc_pntr.wr_pntr_cdc_inst/src_gray_ff_reg[14]/C
  -------------------------------------------------------------------    -------------------
    SLICE_X18Y31         FDRE (Prop_fdre_C_Q)         0.367     3.049 r  Injector_Characterization_i/AXI_Injector_0/U0/TestMultiReg_v1_0_S00_AXI_inst/fifo_inst/xpm_fifo_async_inst/gnuram_async_fifo.xpm_fifo_base_inst/gen_cdc_pntr.wr_pntr_cdc_inst/src_gray_ff_reg[14]/Q
                         net (fo=1, routed)           0.533     3.583    Injector_Characterization_i/AXI_Injector_0/U0/TestMultiReg_v1_0_S00_AXI_inst/fifo_inst/xpm_fifo_async_inst/gnuram_async_fifo.xpm_fifo_base_inst/gen_cdc_pntr.wr_pntr_cdc_inst/async_path[14]
    SLICE_X17Y31         FDRE                                         r  Injector_Characterization_i/AXI_Injector_0/U0/TestMultiReg_v1_0_S00_AXI_inst/fifo_inst/xpm_fifo_async_inst/gnuram_async_fifo.xpm_fifo_base_inst/gen_cdc_pntr.wr_pntr_cdc_inst/dest_graysync_ff_reg[0][14]/D
  -------------------------------------------------------------------    -------------------

                         (clock clk_out1_Injector_Characterization_clk_wiz_0_0 rise edge)
                                                      0.000     0.000 r  
    L16                                               0.000     0.000 r  sys_clock (IN)
                         net (fo=0)                   0.000     0.000    Injector_Characterization_i/clk_wiz_0/inst/clk_in1
    L16                  IBUF (Prop_ibuf_I_O)         1.491     1.491 r  Injector_Characterization_i/clk_wiz_0/inst/clkin1_ibufg/O
                         net (fo=1, routed)           1.285     2.776    Injector_Characterization_i/clk_wiz_0/inst/clk_in1_Injector_Characterization_clk_wiz_0_0
    MMCME2_ADV_X0Y1      MMCME2_ADV (Prop_mmcme2_adv_CLKIN1_CLKOUT0)
                                                     -6.996    -4.220 r  Injector_Characterization_i/clk_wiz_0/inst/mmcm_adv_inst/CLKOUT0
                         net (fo=1, routed)           1.760    -2.460    Injector_Characterization_i/clk_wiz_0/inst/clk_out1_Injector_Characterization_clk_wiz_0_0
    BUFGCTRL_X0Y16       BUFG (Prop_bufg_I_O)         0.101    -2.359 r  Injector_Characterization_i/clk_wiz_0/inst/clkout1_buf/O
                         net (fo=146, routed)         1.666    -0.693    Injector_Characterization_i/AXI_Injector_0/U0/TestMultiReg_v1_0_S00_AXI_inst/fifo_inst/xpm_fifo_async_inst/gnuram_async_fifo.xpm_fifo_base_inst/gen_cdc_pntr.wr_pntr_cdc_inst/dest_clk
    SLICE_X17Y31         FDRE                                         r  Injector_Characterization_i/AXI_Injector_0/U0/TestMultiReg_v1_0_S00_AXI_inst/fifo_inst/xpm_fifo_async_inst/gnuram_async_fifo.xpm_fifo_base_inst/gen_cdc_pntr.wr_pntr_cdc_inst/dest_graysync_ff_reg[0][14]/C
                         clock pessimism              0.000    -0.693    
                         clock uncertainty            0.263    -0.430    
    SLICE_X17Y31         FDRE (Hold_fdre_C_D)         0.169    -0.261    Injector_Characterization_i/AXI_Injector_0/U0/TestMultiReg_v1_0_S00_AXI_inst/fifo_inst/xpm_fifo_async_inst/gnuram_async_fifo.xpm_fifo_base_inst/gen_cdc_pntr.wr_pntr_cdc_inst/dest_graysync_ff_reg[0][14]
  -------------------------------------------------------------------
                         data arrival                           3.583    
                         clock arrival                         -0.261    
  -------------------------------------------------------------------
                         relative delay                         3.843    



