11:11:42 INFO  : Registering command handlers for SDK TCF services
11:11:43 INFO  : Launching XSCT server: xsct.bat -interactive C:\Users\Robert\xilinx_projects\ILA_Interrupt\ILA_Interrupt.sdk\temp_xsdb_launch_script.tcl
11:11:48 INFO  : XSCT server has started successfully.
11:11:48 INFO  : Successfully done setting XSCT server connection channel  
11:11:57 INFO  : Successfully done setting SDK workspace  
11:11:57 INFO  : Processing command line option -hwspec C:/Users/Robert/xilinx_projects/ILA_Interrupt/ILA_Interrupt.sdk/ILA_Interrupt_wrapper.hdf.
11:37:47 INFO  : 'targets -set -filter {jtag_cable_name =~ "Digilent Zybo 210279772227A" && level==0} -index 1' command is executed.
11:37:47 INFO  : 'fpga -state' command is executed.
11:37:47 INFO  : Connected to target on host '127.0.0.1' and port '3121'.
11:37:47 INFO  : Jtag cable 'Digilent Zybo 210279772227A' is selected.
11:37:47 INFO  : 'jtag frequency' command is executed.
11:37:47 INFO  : Sourcing of 'C:/Users/Robert/xilinx_projects/ILA_Interrupt/ILA_Interrupt.sdk/ILA_Interrupt_wrapper_hw_platform_0/ps7_init.tcl' is done.
11:37:47 INFO  : Context for 'APU' is selected.
11:37:47 INFO  : Hardware design information is loaded from 'C:/Users/Robert/xilinx_projects/ILA_Interrupt/ILA_Interrupt.sdk/ILA_Interrupt_wrapper_hw_platform_0/system.hdf'.
11:37:47 INFO  : 'configparams force-mem-access 1' command is executed.
11:37:47 INFO  : Context for 'APU' is selected.
11:37:47 INFO  : 'stop' command is executed.
11:37:47 INFO  : 'ps7_init' command is executed.
11:37:47 INFO  : 'ps7_post_config' command is executed.
11:37:47 INFO  : Context for processor 'ps7_cortexa9_0' is selected.
11:37:47 INFO  : Processor reset is completed for 'ps7_cortexa9_0'.
11:37:47 INFO  : Context for processor 'ps7_cortexa9_0' is selected.
11:37:48 INFO  : The application 'C:/Users/Robert/xilinx_projects/ILA_Interrupt/ILA_Interrupt.sdk/ILA_Interrupt/Debug/ILA_Interrupt.elf' is downloaded to processor 'ps7_cortexa9_0'.
11:37:48 INFO  : 'configparams force-mem-access 0' command is executed.
11:37:48 INFO  : ----------------XSDB Script----------------
connect -url tcp:127.0.0.1:3121
source C:/Users/Robert/xilinx_projects/ILA_Interrupt/ILA_Interrupt.sdk/ILA_Interrupt_wrapper_hw_platform_0/ps7_init.tcl
targets -set -nocase -filter {name =~"APU*" && jtag_cable_name =~ "Digilent Zybo 210279772227A"} -index 0
loadhw -hw C:/Users/Robert/xilinx_projects/ILA_Interrupt/ILA_Interrupt.sdk/ILA_Interrupt_wrapper_hw_platform_0/system.hdf -mem-ranges [list {0x40000000 0xbfffffff}]
configparams force-mem-access 1
targets -set -nocase -filter {name =~"APU*" && jtag_cable_name =~ "Digilent Zybo 210279772227A"} -index 0
stop
ps7_init
ps7_post_config
targets -set -nocase -filter {name =~ "ARM*#0" && jtag_cable_name =~ "Digilent Zybo 210279772227A"} -index 0
rst -processor
targets -set -nocase -filter {name =~ "ARM*#0" && jtag_cable_name =~ "Digilent Zybo 210279772227A"} -index 0
dow C:/Users/Robert/xilinx_projects/ILA_Interrupt/ILA_Interrupt.sdk/ILA_Interrupt/Debug/ILA_Interrupt.elf
configparams force-mem-access 0
----------------End of Script----------------

11:40:46 INFO  : Disconnected from the channel tcfchan#1.
11:48:15 INFO  : SDK has detected change in the last modified timestamps for source hardware specification file Source:1555267682159,  Project:1555265199589
11:48:15 INFO  : Project ILA_Interrupt_wrapper_hw_platform_0's source hardware specification located at C:/Users/Robert/xilinx_projects/ILA_Interrupt/ILA_Interrupt.sdk/ILA_Interrupt_wrapper.hdf is now different from the local copy.
		 The local copy will be replaced with the source specification and your workspace will be updated.
11:48:35 INFO  : Copied contents of C:/Users/Robert/xilinx_projects/ILA_Interrupt/ILA_Interrupt.sdk/ILA_Interrupt_wrapper.hdf into \ILA_Interrupt_wrapper_hw_platform_0\system.hdf.
11:48:41 INFO  : Synchronizing projects in the workspace with the hardware platform specification changes.
11:48:43 INFO  : 
11:48:44 INFO  : Updating hardware inferred compiler options for ILA_Interrupt.
11:48:44 INFO  : Clearing existing target manager status.
11:48:44 INFO  : Closing and re-opening the MSS file of ther project ILA_Interrupt_bsp
11:48:45 INFO  : Workspace synchronized with the new hardware specification file. Cleaning dependent projects...
11:48:47 WARN  : Linker script will not be updated automatically. Users need to update it manually.
11:53:15 INFO  : 'targets -set -filter {jtag_cable_name =~ "Digilent Zybo 210279772227A" && level==0} -index 1' command is executed.
11:53:15 INFO  : 'fpga -state' command is executed.
11:53:15 INFO  : Connected to target on host '127.0.0.1' and port '3121'.
11:53:16 INFO  : Jtag cable 'Digilent Zybo 210279772227A' is selected.
11:53:16 INFO  : 'jtag frequency' command is executed.
11:53:16 INFO  : Sourcing of 'C:/Users/Robert/xilinx_projects/ILA_Interrupt/ILA_Interrupt.sdk/ILA_Interrupt_wrapper_hw_platform_0/ps7_init.tcl' is done.
11:53:16 INFO  : Context for 'APU' is selected.
11:53:16 INFO  : Hardware design information is loaded from 'C:/Users/Robert/xilinx_projects/ILA_Interrupt/ILA_Interrupt.sdk/ILA_Interrupt_wrapper_hw_platform_0/system.hdf'.
11:53:16 INFO  : 'configparams force-mem-access 1' command is executed.
11:53:16 INFO  : Context for 'APU' is selected.
11:53:16 INFO  : 'stop' command is executed.
11:53:16 INFO  : 'ps7_init' command is executed.
11:53:16 INFO  : 'ps7_post_config' command is executed.
11:53:16 INFO  : Context for processor 'ps7_cortexa9_0' is selected.
11:53:16 INFO  : Processor reset is completed for 'ps7_cortexa9_0'.
11:53:16 INFO  : Context for processor 'ps7_cortexa9_0' is selected.
11:53:16 INFO  : The application 'C:/Users/Robert/xilinx_projects/ILA_Interrupt/ILA_Interrupt.sdk/ILA_Interrupt/Debug/ILA_Interrupt.elf' is downloaded to processor 'ps7_cortexa9_0'.
11:53:16 INFO  : 'configparams force-mem-access 0' command is executed.
11:53:16 INFO  : ----------------XSDB Script----------------
connect -url tcp:127.0.0.1:3121
source C:/Users/Robert/xilinx_projects/ILA_Interrupt/ILA_Interrupt.sdk/ILA_Interrupt_wrapper_hw_platform_0/ps7_init.tcl
targets -set -nocase -filter {name =~"APU*" && jtag_cable_name =~ "Digilent Zybo 210279772227A"} -index 0
loadhw -hw C:/Users/Robert/xilinx_projects/ILA_Interrupt/ILA_Interrupt.sdk/ILA_Interrupt_wrapper_hw_platform_0/system.hdf -mem-ranges [list {0x40000000 0xbfffffff}]
configparams force-mem-access 1
targets -set -nocase -filter {name =~"APU*" && jtag_cable_name =~ "Digilent Zybo 210279772227A"} -index 0
stop
ps7_init
ps7_post_config
targets -set -nocase -filter {name =~ "ARM*#0" && jtag_cable_name =~ "Digilent Zybo 210279772227A"} -index 0
rst -processor
targets -set -nocase -filter {name =~ "ARM*#0" && jtag_cable_name =~ "Digilent Zybo 210279772227A"} -index 0
dow C:/Users/Robert/xilinx_projects/ILA_Interrupt/ILA_Interrupt.sdk/ILA_Interrupt/Debug/ILA_Interrupt.elf
configparams force-mem-access 0
----------------End of Script----------------

12:06:28 INFO  : Disconnected from the channel tcfchan#2.
