Copyright 1986-2018 Xilinx, Inc. All Rights Reserved.
---------------------------------------------------------------------------------------------------------------------------------------------------------------------------------------------------------------------------------
| Tool Version : Vivado v.2018.2 (win64) Build 2258646 Thu Jun 14 20:03:12 MDT 2018
| Date         : Tue May 30 21:05:23 2023
| Host         : robertPC running 64-bit major release  (build 9200)
| Command      : report_bus_skew -warn_on_violation -file Sampler_Characterization_wrapper_bus_skew_routed.rpt -pb Sampler_Characterization_wrapper_bus_skew_routed.pb -rpx Sampler_Characterization_wrapper_bus_skew_routed.rpx
| Design       : Sampler_Characterization_wrapper
| Device       : 7z010-clg400
| Speed File   : -1  PRODUCTION 1.11 2014-09-11
---------------------------------------------------------------------------------------------------------------------------------------------------------------------------------------------------------------------------------

Bus Skew Report

Table of Contents
-----------------
1. Bus Skew Report Summary
2. Bus Skew Report Per Constraint

1. Bus Skew Report Summary
--------------------------

Id  Position  From                            To                              Corner  Requirement(ns)  Actual(ns)  Slack(ns)
--  --------  ------------------------------  ------------------------------  ------  ---------------  ----------  ---------
1   8         [get_cells [list {Sampler_Characterization_i/AXI_Sampler_0/U0/TestSampler_v1_0_S00_AXI_inst/fifo_inst/xpm_fifo_async_inst/gnuram_async_fifo.xpm_fifo_base_inst/gen_cdc_pntr.rd_pntr_cdc_inst/src_gray_ff_reg[0]} \
          {Sampler_Characterization_i/AXI_Sampler_0/U0/TestSampler_v1_0_S00_AXI_inst/fifo_inst/xpm_fifo_async_inst/gnuram_async_fifo.xpm_fifo_base_inst/gen_cdc_pntr.rd_pntr_cdc_inst/src_gray_ff_reg[10]} \
          {Sampler_Characterization_i/AXI_Sampler_0/U0/TestSampler_v1_0_S00_AXI_inst/fifo_inst/xpm_fifo_async_inst/gnuram_async_fifo.xpm_fifo_base_inst/gen_cdc_pntr.rd_pntr_cdc_inst/src_gray_ff_reg[11]} \
          {Sampler_Characterization_i/AXI_Sampler_0/U0/TestSampler_v1_0_S00_AXI_inst/fifo_inst/xpm_fifo_async_inst/gnuram_async_fifo.xpm_fifo_base_inst/gen_cdc_pntr.rd_pntr_cdc_inst/src_gray_ff_reg[12]} \
          {Sampler_Characterization_i/AXI_Sampler_0/U0/TestSampler_v1_0_S00_AXI_inst/fifo_inst/xpm_fifo_async_inst/gnuram_async_fifo.xpm_fifo_base_inst/gen_cdc_pntr.rd_pntr_cdc_inst/src_gray_ff_reg[13]} \
          {Sampler_Characterization_i/AXI_Sampler_0/U0/TestSampler_v1_0_S00_AXI_inst/fifo_inst/xpm_fifo_async_inst/gnuram_async_fifo.xpm_fifo_base_inst/gen_cdc_pntr.rd_pntr_cdc_inst/src_gray_ff_reg[1]} \
          {Sampler_Characterization_i/AXI_Sampler_0/U0/TestSampler_v1_0_S00_AXI_inst/fifo_inst/xpm_fifo_async_inst/gnuram_async_fifo.xpm_fifo_base_inst/gen_cdc_pntr.rd_pntr_cdc_inst/src_gray_ff_reg[2]} \
          {Sampler_Characterization_i/AXI_Sampler_0/U0/TestSampler_v1_0_S00_AXI_inst/fifo_inst/xpm_fifo_async_inst/gnuram_async_fifo.xpm_fifo_base_inst/gen_cdc_pntr.rd_pntr_cdc_inst/src_gray_ff_reg[3]} \
          {Sampler_Characterization_i/AXI_Sampler_0/U0/TestSampler_v1_0_S00_AXI_inst/fifo_inst/xpm_fifo_async_inst/gnuram_async_fifo.xpm_fifo_base_inst/gen_cdc_pntr.rd_pntr_cdc_inst/src_gray_ff_reg[4]} \
          {Sampler_Characterization_i/AXI_Sampler_0/U0/TestSampler_v1_0_S00_AXI_inst/fifo_inst/xpm_fifo_async_inst/gnuram_async_fifo.xpm_fifo_base_inst/gen_cdc_pntr.rd_pntr_cdc_inst/src_gray_ff_reg[5]} \
          {Sampler_Characterization_i/AXI_Sampler_0/U0/TestSampler_v1_0_S00_AXI_inst/fifo_inst/xpm_fifo_async_inst/gnuram_async_fifo.xpm_fifo_base_inst/gen_cdc_pntr.rd_pntr_cdc_inst/src_gray_ff_reg[6]} \
          {Sampler_Characterization_i/AXI_Sampler_0/U0/TestSampler_v1_0_S00_AXI_inst/fifo_inst/xpm_fifo_async_inst/gnuram_async_fifo.xpm_fifo_base_inst/gen_cdc_pntr.rd_pntr_cdc_inst/src_gray_ff_reg[7]} \
          {Sampler_Characterization_i/AXI_Sampler_0/U0/TestSampler_v1_0_S00_AXI_inst/fifo_inst/xpm_fifo_async_inst/gnuram_async_fifo.xpm_fifo_base_inst/gen_cdc_pntr.rd_pntr_cdc_inst/src_gray_ff_reg[8]} \
          {Sampler_Characterization_i/AXI_Sampler_0/U0/TestSampler_v1_0_S00_AXI_inst/fifo_inst/xpm_fifo_async_inst/gnuram_async_fifo.xpm_fifo_base_inst/gen_cdc_pntr.rd_pntr_cdc_inst/src_gray_ff_reg[9]}]]
                                              [get_cells [list {Sampler_Characterization_i/AXI_Sampler_0/U0/TestSampler_v1_0_S00_AXI_inst/fifo_inst/xpm_fifo_async_inst/gnuram_async_fifo.xpm_fifo_base_inst/gen_cdc_pntr.rd_pntr_cdc_inst/dest_graysync_ff_reg[0][0]} \
          {Sampler_Characterization_i/AXI_Sampler_0/U0/TestSampler_v1_0_S00_AXI_inst/fifo_inst/xpm_fifo_async_inst/gnuram_async_fifo.xpm_fifo_base_inst/gen_cdc_pntr.rd_pntr_cdc_inst/dest_graysync_ff_reg[0][10]} \
          {Sampler_Characterization_i/AXI_Sampler_0/U0/TestSampler_v1_0_S00_AXI_inst/fifo_inst/xpm_fifo_async_inst/gnuram_async_fifo.xpm_fifo_base_inst/gen_cdc_pntr.rd_pntr_cdc_inst/dest_graysync_ff_reg[0][11]} \
          {Sampler_Characterization_i/AXI_Sampler_0/U0/TestSampler_v1_0_S00_AXI_inst/fifo_inst/xpm_fifo_async_inst/gnuram_async_fifo.xpm_fifo_base_inst/gen_cdc_pntr.rd_pntr_cdc_inst/dest_graysync_ff_reg[0][12]} \
          {Sampler_Characterization_i/AXI_Sampler_0/U0/TestSampler_v1_0_S00_AXI_inst/fifo_inst/xpm_fifo_async_inst/gnuram_async_fifo.xpm_fifo_base_inst/gen_cdc_pntr.rd_pntr_cdc_inst/dest_graysync_ff_reg[0][13]} \
          {Sampler_Characterization_i/AXI_Sampler_0/U0/TestSampler_v1_0_S00_AXI_inst/fifo_inst/xpm_fifo_async_inst/gnuram_async_fifo.xpm_fifo_base_inst/gen_cdc_pntr.rd_pntr_cdc_inst/dest_graysync_ff_reg[0][1]} \
          {Sampler_Characterization_i/AXI_Sampler_0/U0/TestSampler_v1_0_S00_AXI_inst/fifo_inst/xpm_fifo_async_inst/gnuram_async_fifo.xpm_fifo_base_inst/gen_cdc_pntr.rd_pntr_cdc_inst/dest_graysync_ff_reg[0][2]} \
          {Sampler_Characterization_i/AXI_Sampler_0/U0/TestSampler_v1_0_S00_AXI_inst/fifo_inst/xpm_fifo_async_inst/gnuram_async_fifo.xpm_fifo_base_inst/gen_cdc_pntr.rd_pntr_cdc_inst/dest_graysync_ff_reg[0][3]} \
          {Sampler_Characterization_i/AXI_Sampler_0/U0/TestSampler_v1_0_S00_AXI_inst/fifo_inst/xpm_fifo_async_inst/gnuram_async_fifo.xpm_fifo_base_inst/gen_cdc_pntr.rd_pntr_cdc_inst/dest_graysync_ff_reg[0][4]} \
          {Sampler_Characterization_i/AXI_Sampler_0/U0/TestSampler_v1_0_S00_AXI_inst/fifo_inst/xpm_fifo_async_inst/gnuram_async_fifo.xpm_fifo_base_inst/gen_cdc_pntr.rd_pntr_cdc_inst/dest_graysync_ff_reg[0][5]} \
          {Sampler_Characterization_i/AXI_Sampler_0/U0/TestSampler_v1_0_S00_AXI_inst/fifo_inst/xpm_fifo_async_inst/gnuram_async_fifo.xpm_fifo_base_inst/gen_cdc_pntr.rd_pntr_cdc_inst/dest_graysync_ff_reg[0][6]} \
          {Sampler_Characterization_i/AXI_Sampler_0/U0/TestSampler_v1_0_S00_AXI_inst/fifo_inst/xpm_fifo_async_inst/gnuram_async_fifo.xpm_fifo_base_inst/gen_cdc_pntr.rd_pntr_cdc_inst/dest_graysync_ff_reg[0][7]} \
          {Sampler_Characterization_i/AXI_Sampler_0/U0/TestSampler_v1_0_S00_AXI_inst/fifo_inst/xpm_fifo_async_inst/gnuram_async_fifo.xpm_fifo_base_inst/gen_cdc_pntr.rd_pntr_cdc_inst/dest_graysync_ff_reg[0][8]} \
          {Sampler_Characterization_i/AXI_Sampler_0/U0/TestSampler_v1_0_S00_AXI_inst/fifo_inst/xpm_fifo_async_inst/gnuram_async_fifo.xpm_fifo_base_inst/gen_cdc_pntr.rd_pntr_cdc_inst/dest_graysync_ff_reg[0][9]}]]
                                                                              Slow             10.000       1.350      8.650
2   10        [get_cells [list {Sampler_Characterization_i/AXI_Sampler_0/U0/TestSampler_v1_0_S00_AXI_inst/fifo_inst/xpm_fifo_async_inst/gnuram_async_fifo.xpm_fifo_base_inst/gen_cdc_pntr.wr_pntr_cdc_inst/src_gray_ff_reg[0]} \
          {Sampler_Characterization_i/AXI_Sampler_0/U0/TestSampler_v1_0_S00_AXI_inst/fifo_inst/xpm_fifo_async_inst/gnuram_async_fifo.xpm_fifo_base_inst/gen_cdc_pntr.wr_pntr_cdc_inst/src_gray_ff_reg[10]} \
          {Sampler_Characterization_i/AXI_Sampler_0/U0/TestSampler_v1_0_S00_AXI_inst/fifo_inst/xpm_fifo_async_inst/gnuram_async_fifo.xpm_fifo_base_inst/gen_cdc_pntr.wr_pntr_cdc_inst/src_gray_ff_reg[11]} \
          {Sampler_Characterization_i/AXI_Sampler_0/U0/TestSampler_v1_0_S00_AXI_inst/fifo_inst/xpm_fifo_async_inst/gnuram_async_fifo.xpm_fifo_base_inst/gen_cdc_pntr.wr_pntr_cdc_inst/src_gray_ff_reg[12]} \
          {Sampler_Characterization_i/AXI_Sampler_0/U0/TestSampler_v1_0_S00_AXI_inst/fifo_inst/xpm_fifo_async_inst/gnuram_async_fifo.xpm_fifo_base_inst/gen_cdc_pntr.wr_pntr_cdc_inst/src_gray_ff_reg[13]} \
          {Sampler_Characterization_i/AXI_Sampler_0/U0/TestSampler_v1_0_S00_AXI_inst/fifo_inst/xpm_fifo_async_inst/gnuram_async_fifo.xpm_fifo_base_inst/gen_cdc_pntr.wr_pntr_cdc_inst/src_gray_ff_reg[1]} \
          {Sampler_Characterization_i/AXI_Sampler_0/U0/TestSampler_v1_0_S00_AXI_inst/fifo_inst/xpm_fifo_async_inst/gnuram_async_fifo.xpm_fifo_base_inst/gen_cdc_pntr.wr_pntr_cdc_inst/src_gray_ff_reg[2]} \
          {Sampler_Characterization_i/AXI_Sampler_0/U0/TestSampler_v1_0_S00_AXI_inst/fifo_inst/xpm_fifo_async_inst/gnuram_async_fifo.xpm_fifo_base_inst/gen_cdc_pntr.wr_pntr_cdc_inst/src_gray_ff_reg[3]} \
          {Sampler_Characterization_i/AXI_Sampler_0/U0/TestSampler_v1_0_S00_AXI_inst/fifo_inst/xpm_fifo_async_inst/gnuram_async_fifo.xpm_fifo_base_inst/gen_cdc_pntr.wr_pntr_cdc_inst/src_gray_ff_reg[4]} \
          {Sampler_Characterization_i/AXI_Sampler_0/U0/TestSampler_v1_0_S00_AXI_inst/fifo_inst/xpm_fifo_async_inst/gnuram_async_fifo.xpm_fifo_base_inst/gen_cdc_pntr.wr_pntr_cdc_inst/src_gray_ff_reg[5]} \
          {Sampler_Characterization_i/AXI_Sampler_0/U0/TestSampler_v1_0_S00_AXI_inst/fifo_inst/xpm_fifo_async_inst/gnuram_async_fifo.xpm_fifo_base_inst/gen_cdc_pntr.wr_pntr_cdc_inst/src_gray_ff_reg[6]} \
          {Sampler_Characterization_i/AXI_Sampler_0/U0/TestSampler_v1_0_S00_AXI_inst/fifo_inst/xpm_fifo_async_inst/gnuram_async_fifo.xpm_fifo_base_inst/gen_cdc_pntr.wr_pntr_cdc_inst/src_gray_ff_reg[7]} \
          {Sampler_Characterization_i/AXI_Sampler_0/U0/TestSampler_v1_0_S00_AXI_inst/fifo_inst/xpm_fifo_async_inst/gnuram_async_fifo.xpm_fifo_base_inst/gen_cdc_pntr.wr_pntr_cdc_inst/src_gray_ff_reg[8]} \
          {Sampler_Characterization_i/AXI_Sampler_0/U0/TestSampler_v1_0_S00_AXI_inst/fifo_inst/xpm_fifo_async_inst/gnuram_async_fifo.xpm_fifo_base_inst/gen_cdc_pntr.wr_pntr_cdc_inst/src_gray_ff_reg[9]}]]
                                              [get_cells [list {Sampler_Characterization_i/AXI_Sampler_0/U0/TestSampler_v1_0_S00_AXI_inst/fifo_inst/xpm_fifo_async_inst/gnuram_async_fifo.xpm_fifo_base_inst/gen_cdc_pntr.wr_pntr_cdc_inst/dest_graysync_ff_reg[0][0]} \
          {Sampler_Characterization_i/AXI_Sampler_0/U0/TestSampler_v1_0_S00_AXI_inst/fifo_inst/xpm_fifo_async_inst/gnuram_async_fifo.xpm_fifo_base_inst/gen_cdc_pntr.wr_pntr_cdc_inst/dest_graysync_ff_reg[0][10]} \
          {Sampler_Characterization_i/AXI_Sampler_0/U0/TestSampler_v1_0_S00_AXI_inst/fifo_inst/xpm_fifo_async_inst/gnuram_async_fifo.xpm_fifo_base_inst/gen_cdc_pntr.wr_pntr_cdc_inst/dest_graysync_ff_reg[0][11]} \
          {Sampler_Characterization_i/AXI_Sampler_0/U0/TestSampler_v1_0_S00_AXI_inst/fifo_inst/xpm_fifo_async_inst/gnuram_async_fifo.xpm_fifo_base_inst/gen_cdc_pntr.wr_pntr_cdc_inst/dest_graysync_ff_reg[0][12]} \
          {Sampler_Characterization_i/AXI_Sampler_0/U0/TestSampler_v1_0_S00_AXI_inst/fifo_inst/xpm_fifo_async_inst/gnuram_async_fifo.xpm_fifo_base_inst/gen_cdc_pntr.wr_pntr_cdc_inst/dest_graysync_ff_reg[0][13]} \
          {Sampler_Characterization_i/AXI_Sampler_0/U0/TestSampler_v1_0_S00_AXI_inst/fifo_inst/xpm_fifo_async_inst/gnuram_async_fifo.xpm_fifo_base_inst/gen_cdc_pntr.wr_pntr_cdc_inst/dest_graysync_ff_reg[0][1]} \
          {Sampler_Characterization_i/AXI_Sampler_0/U0/TestSampler_v1_0_S00_AXI_inst/fifo_inst/xpm_fifo_async_inst/gnuram_async_fifo.xpm_fifo_base_inst/gen_cdc_pntr.wr_pntr_cdc_inst/dest_graysync_ff_reg[0][2]} \
          {Sampler_Characterization_i/AXI_Sampler_0/U0/TestSampler_v1_0_S00_AXI_inst/fifo_inst/xpm_fifo_async_inst/gnuram_async_fifo.xpm_fifo_base_inst/gen_cdc_pntr.wr_pntr_cdc_inst/dest_graysync_ff_reg[0][3]} \
          {Sampler_Characterization_i/AXI_Sampler_0/U0/TestSampler_v1_0_S00_AXI_inst/fifo_inst/xpm_fifo_async_inst/gnuram_async_fifo.xpm_fifo_base_inst/gen_cdc_pntr.wr_pntr_cdc_inst/dest_graysync_ff_reg[0][4]} \
          {Sampler_Characterization_i/AXI_Sampler_0/U0/TestSampler_v1_0_S00_AXI_inst/fifo_inst/xpm_fifo_async_inst/gnuram_async_fifo.xpm_fifo_base_inst/gen_cdc_pntr.wr_pntr_cdc_inst/dest_graysync_ff_reg[0][5]} \
          {Sampler_Characterization_i/AXI_Sampler_0/U0/TestSampler_v1_0_S00_AXI_inst/fifo_inst/xpm_fifo_async_inst/gnuram_async_fifo.xpm_fifo_base_inst/gen_cdc_pntr.wr_pntr_cdc_inst/dest_graysync_ff_reg[0][6]} \
          {Sampler_Characterization_i/AXI_Sampler_0/U0/TestSampler_v1_0_S00_AXI_inst/fifo_inst/xpm_fifo_async_inst/gnuram_async_fifo.xpm_fifo_base_inst/gen_cdc_pntr.wr_pntr_cdc_inst/dest_graysync_ff_reg[0][7]} \
          {Sampler_Characterization_i/AXI_Sampler_0/U0/TestSampler_v1_0_S00_AXI_inst/fifo_inst/xpm_fifo_async_inst/gnuram_async_fifo.xpm_fifo_base_inst/gen_cdc_pntr.wr_pntr_cdc_inst/dest_graysync_ff_reg[0][8]} \
          {Sampler_Characterization_i/AXI_Sampler_0/U0/TestSampler_v1_0_S00_AXI_inst/fifo_inst/xpm_fifo_async_inst/gnuram_async_fifo.xpm_fifo_base_inst/gen_cdc_pntr.wr_pntr_cdc_inst/dest_graysync_ff_reg[0][9]}]]
                                                                              Slow             10.000       1.605      8.395


2. Bus Skew Report Per Constraint
---------------------------------

Id: 1
set_bus_skew -from [get_cells [list {Sampler_Characterization_i/AXI_Sampler_0/U0/TestSampler_v1_0_S00_AXI_inst/fifo_inst/xpm_fifo_async_inst/gnuram_async_fifo.xpm_fifo_base_inst/gen_cdc_pntr.rd_pntr_cdc_inst/src_gray_ff_reg[0]} \
          {Sampler_Characterization_i/AXI_Sampler_0/U0/TestSampler_v1_0_S00_AXI_inst/fifo_inst/xpm_fifo_async_inst/gnuram_async_fifo.xpm_fifo_base_inst/gen_cdc_pntr.rd_pntr_cdc_inst/src_gray_ff_reg[10]} \
          {Sampler_Characterization_i/AXI_Sampler_0/U0/TestSampler_v1_0_S00_AXI_inst/fifo_inst/xpm_fifo_async_inst/gnuram_async_fifo.xpm_fifo_base_inst/gen_cdc_pntr.rd_pntr_cdc_inst/src_gray_ff_reg[11]} \
          {Sampler_Characterization_i/AXI_Sampler_0/U0/TestSampler_v1_0_S00_AXI_inst/fifo_inst/xpm_fifo_async_inst/gnuram_async_fifo.xpm_fifo_base_inst/gen_cdc_pntr.rd_pntr_cdc_inst/src_gray_ff_reg[12]} \
          {Sampler_Characterization_i/AXI_Sampler_0/U0/TestSampler_v1_0_S00_AXI_inst/fifo_inst/xpm_fifo_async_inst/gnuram_async_fifo.xpm_fifo_base_inst/gen_cdc_pntr.rd_pntr_cdc_inst/src_gray_ff_reg[13]} \
          {Sampler_Characterization_i/AXI_Sampler_0/U0/TestSampler_v1_0_S00_AXI_inst/fifo_inst/xpm_fifo_async_inst/gnuram_async_fifo.xpm_fifo_base_inst/gen_cdc_pntr.rd_pntr_cdc_inst/src_gray_ff_reg[1]} \
          {Sampler_Characterization_i/AXI_Sampler_0/U0/TestSampler_v1_0_S00_AXI_inst/fifo_inst/xpm_fifo_async_inst/gnuram_async_fifo.xpm_fifo_base_inst/gen_cdc_pntr.rd_pntr_cdc_inst/src_gray_ff_reg[2]} \
          {Sampler_Characterization_i/AXI_Sampler_0/U0/TestSampler_v1_0_S00_AXI_inst/fifo_inst/xpm_fifo_async_inst/gnuram_async_fifo.xpm_fifo_base_inst/gen_cdc_pntr.rd_pntr_cdc_inst/src_gray_ff_reg[3]} \
          {Sampler_Characterization_i/AXI_Sampler_0/U0/TestSampler_v1_0_S00_AXI_inst/fifo_inst/xpm_fifo_async_inst/gnuram_async_fifo.xpm_fifo_base_inst/gen_cdc_pntr.rd_pntr_cdc_inst/src_gray_ff_reg[4]} \
          {Sampler_Characterization_i/AXI_Sampler_0/U0/TestSampler_v1_0_S00_AXI_inst/fifo_inst/xpm_fifo_async_inst/gnuram_async_fifo.xpm_fifo_base_inst/gen_cdc_pntr.rd_pntr_cdc_inst/src_gray_ff_reg[5]} \
          {Sampler_Characterization_i/AXI_Sampler_0/U0/TestSampler_v1_0_S00_AXI_inst/fifo_inst/xpm_fifo_async_inst/gnuram_async_fifo.xpm_fifo_base_inst/gen_cdc_pntr.rd_pntr_cdc_inst/src_gray_ff_reg[6]} \
          {Sampler_Characterization_i/AXI_Sampler_0/U0/TestSampler_v1_0_S00_AXI_inst/fifo_inst/xpm_fifo_async_inst/gnuram_async_fifo.xpm_fifo_base_inst/gen_cdc_pntr.rd_pntr_cdc_inst/src_gray_ff_reg[7]} \
          {Sampler_Characterization_i/AXI_Sampler_0/U0/TestSampler_v1_0_S00_AXI_inst/fifo_inst/xpm_fifo_async_inst/gnuram_async_fifo.xpm_fifo_base_inst/gen_cdc_pntr.rd_pntr_cdc_inst/src_gray_ff_reg[8]} \
          {Sampler_Characterization_i/AXI_Sampler_0/U0/TestSampler_v1_0_S00_AXI_inst/fifo_inst/xpm_fifo_async_inst/gnuram_async_fifo.xpm_fifo_base_inst/gen_cdc_pntr.rd_pntr_cdc_inst/src_gray_ff_reg[9]}]] -to [get_cells [list {Sampler_Characterization_i/AXI_Sampler_0/U0/TestSampler_v1_0_S00_AXI_inst/fifo_inst/xpm_fifo_async_inst/gnuram_async_fifo.xpm_fifo_base_inst/gen_cdc_pntr.rd_pntr_cdc_inst/dest_graysync_ff_reg[0][0]} \
          {Sampler_Characterization_i/AXI_Sampler_0/U0/TestSampler_v1_0_S00_AXI_inst/fifo_inst/xpm_fifo_async_inst/gnuram_async_fifo.xpm_fifo_base_inst/gen_cdc_pntr.rd_pntr_cdc_inst/dest_graysync_ff_reg[0][10]} \
          {Sampler_Characterization_i/AXI_Sampler_0/U0/TestSampler_v1_0_S00_AXI_inst/fifo_inst/xpm_fifo_async_inst/gnuram_async_fifo.xpm_fifo_base_inst/gen_cdc_pntr.rd_pntr_cdc_inst/dest_graysync_ff_reg[0][11]} \
          {Sampler_Characterization_i/AXI_Sampler_0/U0/TestSampler_v1_0_S00_AXI_inst/fifo_inst/xpm_fifo_async_inst/gnuram_async_fifo.xpm_fifo_base_inst/gen_cdc_pntr.rd_pntr_cdc_inst/dest_graysync_ff_reg[0][12]} \
          {Sampler_Characterization_i/AXI_Sampler_0/U0/TestSampler_v1_0_S00_AXI_inst/fifo_inst/xpm_fifo_async_inst/gnuram_async_fifo.xpm_fifo_base_inst/gen_cdc_pntr.rd_pntr_cdc_inst/dest_graysync_ff_reg[0][13]} \
          {Sampler_Characterization_i/AXI_Sampler_0/U0/TestSampler_v1_0_S00_AXI_inst/fifo_inst/xpm_fifo_async_inst/gnuram_async_fifo.xpm_fifo_base_inst/gen_cdc_pntr.rd_pntr_cdc_inst/dest_graysync_ff_reg[0][1]} \
          {Sampler_Characterization_i/AXI_Sampler_0/U0/TestSampler_v1_0_S00_AXI_inst/fifo_inst/xpm_fifo_async_inst/gnuram_async_fifo.xpm_fifo_base_inst/gen_cdc_pntr.rd_pntr_cdc_inst/dest_graysync_ff_reg[0][2]} \
          {Sampler_Characterization_i/AXI_Sampler_0/U0/TestSampler_v1_0_S00_AXI_inst/fifo_inst/xpm_fifo_async_inst/gnuram_async_fifo.xpm_fifo_base_inst/gen_cdc_pntr.rd_pntr_cdc_inst/dest_graysync_ff_reg[0][3]} \
          {Sampler_Characterization_i/AXI_Sampler_0/U0/TestSampler_v1_0_S00_AXI_inst/fifo_inst/xpm_fifo_async_inst/gnuram_async_fifo.xpm_fifo_base_inst/gen_cdc_pntr.rd_pntr_cdc_inst/dest_graysync_ff_reg[0][4]} \
          {Sampler_Characterization_i/AXI_Sampler_0/U0/TestSampler_v1_0_S00_AXI_inst/fifo_inst/xpm_fifo_async_inst/gnuram_async_fifo.xpm_fifo_base_inst/gen_cdc_pntr.rd_pntr_cdc_inst/dest_graysync_ff_reg[0][5]} \
          {Sampler_Characterization_i/AXI_Sampler_0/U0/TestSampler_v1_0_S00_AXI_inst/fifo_inst/xpm_fifo_async_inst/gnuram_async_fifo.xpm_fifo_base_inst/gen_cdc_pntr.rd_pntr_cdc_inst/dest_graysync_ff_reg[0][6]} \
          {Sampler_Characterization_i/AXI_Sampler_0/U0/TestSampler_v1_0_S00_AXI_inst/fifo_inst/xpm_fifo_async_inst/gnuram_async_fifo.xpm_fifo_base_inst/gen_cdc_pntr.rd_pntr_cdc_inst/dest_graysync_ff_reg[0][7]} \
          {Sampler_Characterization_i/AXI_Sampler_0/U0/TestSampler_v1_0_S00_AXI_inst/fifo_inst/xpm_fifo_async_inst/gnuram_async_fifo.xpm_fifo_base_inst/gen_cdc_pntr.rd_pntr_cdc_inst/dest_graysync_ff_reg[0][8]} \
          {Sampler_Characterization_i/AXI_Sampler_0/U0/TestSampler_v1_0_S00_AXI_inst/fifo_inst/xpm_fifo_async_inst/gnuram_async_fifo.xpm_fifo_base_inst/gen_cdc_pntr.rd_pntr_cdc_inst/dest_graysync_ff_reg[0][9]}]] 10.000
Requirement: 10.000ns
Endpoints: 7

From Clock            To Clock              Endpoint Pin                    Reference Pin                   Corner  Actual(ns)  Slack(ns)
--------------------  --------------------  ------------------------------  ------------------------------  ------  ----------  ---------
clk_fpga_0            clk_out1_Sampler_Characterization_clk_wiz_0_0
                                            Sampler_Characterization_i/AXI_Sampler_0/U0/TestSampler_v1_0_S00_AXI_inst/fifo_inst/xpm_fifo_async_inst/gnuram_async_fifo.xpm_fifo_base_inst/gen_cdc_pntr.rd_pntr_cdc_inst/dest_graysync_ff_reg[0][6]/D
                                                                            Sampler_Characterization_i/AXI_Sampler_0/U0/TestSampler_v1_0_S00_AXI_inst/fifo_inst/xpm_fifo_async_inst/gnuram_async_fifo.xpm_fifo_base_inst/gen_cdc_pntr.rd_pntr_cdc_inst/dest_graysync_ff_reg[0][8]/D
                                                                                                            Slow         1.350      8.650


Slack (MET) :             8.650ns  (requirement - actual skew)
  Endpoint Source:        Sampler_Characterization_i/AXI_Sampler_0/U0/TestSampler_v1_0_S00_AXI_inst/fifo_inst/xpm_fifo_async_inst/gnuram_async_fifo.xpm_fifo_base_inst/gen_cdc_pntr.rd_pntr_cdc_inst/src_gray_ff_reg[6]/C
                            (rising edge-triggered cell FDRE clocked by clk_fpga_0)
  Endpoint Destination:   Sampler_Characterization_i/AXI_Sampler_0/U0/TestSampler_v1_0_S00_AXI_inst/fifo_inst/xpm_fifo_async_inst/gnuram_async_fifo.xpm_fifo_base_inst/gen_cdc_pntr.rd_pntr_cdc_inst/dest_graysync_ff_reg[0][6]/D
                            (rising edge-triggered cell FDRE clocked by clk_out1_Sampler_Characterization_clk_wiz_0_0)
  Reference Source:       Sampler_Characterization_i/AXI_Sampler_0/U0/TestSampler_v1_0_S00_AXI_inst/fifo_inst/xpm_fifo_async_inst/gnuram_async_fifo.xpm_fifo_base_inst/gen_cdc_pntr.rd_pntr_cdc_inst/src_gray_ff_reg[8]/C
                            (rising edge-triggered cell FDRE clocked by clk_fpga_0)
  Reference Destination:  Sampler_Characterization_i/AXI_Sampler_0/U0/TestSampler_v1_0_S00_AXI_inst/fifo_inst/xpm_fifo_async_inst/gnuram_async_fifo.xpm_fifo_base_inst/gen_cdc_pntr.rd_pntr_cdc_inst/dest_graysync_ff_reg[0][8]/D
                            (rising edge-triggered cell FDRE clocked by clk_out1_Sampler_Characterization_clk_wiz_0_0)
  Path Type:              Bus Skew (Max at Slow Process Corner)
  Requirement:            10.000ns
  Endpoint Relative Delay:    5.874ns
  Reference Relative Delay:   3.706ns
  Relative CRPR:              0.819ns
  Actual Bus Skew:            1.350ns  (Endpoint Relative Delay - Reference Relative Delay - Relative CRPR)

Endpoint path:
    Location             Delay type                Incr(ns)  Path(ns)    Netlist Resource(s)
  -------------------------------------------------------------------    -------------------
                         (clock clk_fpga_0 rise edge)
                                                      0.000     0.000 r  
    PS7_X0Y0             PS7                          0.000     0.000 r  Sampler_Characterization_i/processing_system7_0/inst/PS7_i/FCLKCLK[0]
                         net (fo=1, routed)           1.207     1.207    Sampler_Characterization_i/processing_system7_0/inst/FCLK_CLK_unbuffered[0]
    BUFGCTRL_X0Y0        BUFG (Prop_bufg_I_O)         0.101     1.308 r  Sampler_Characterization_i/processing_system7_0/inst/buffer_fclk_clk_0.FCLK_CLK_0_BUFG/O
                         net (fo=2016, routed)        1.664     2.972    Sampler_Characterization_i/AXI_Sampler_0/U0/TestSampler_v1_0_S00_AXI_inst/fifo_inst/xpm_fifo_async_inst/gnuram_async_fifo.xpm_fifo_base_inst/gen_cdc_pntr.rd_pntr_cdc_inst/src_clk
    SLICE_X26Y32         FDRE                                         r  Sampler_Characterization_i/AXI_Sampler_0/U0/TestSampler_v1_0_S00_AXI_inst/fifo_inst/xpm_fifo_async_inst/gnuram_async_fifo.xpm_fifo_base_inst/gen_cdc_pntr.rd_pntr_cdc_inst/src_gray_ff_reg[6]/C
  -------------------------------------------------------------------    -------------------
    SLICE_X26Y32         FDRE (Prop_fdre_C_Q)         0.456     3.428 r  Sampler_Characterization_i/AXI_Sampler_0/U0/TestSampler_v1_0_S00_AXI_inst/fifo_inst/xpm_fifo_async_inst/gnuram_async_fifo.xpm_fifo_base_inst/gen_cdc_pntr.rd_pntr_cdc_inst/src_gray_ff_reg[6]/Q
                         net (fo=1, routed)           0.752     4.180    Sampler_Characterization_i/AXI_Sampler_0/U0/TestSampler_v1_0_S00_AXI_inst/fifo_inst/xpm_fifo_async_inst/gnuram_async_fifo.xpm_fifo_base_inst/gen_cdc_pntr.rd_pntr_cdc_inst/async_path[6]
    SLICE_X27Y32         FDRE                                         r  Sampler_Characterization_i/AXI_Sampler_0/U0/TestSampler_v1_0_S00_AXI_inst/fifo_inst/xpm_fifo_async_inst/gnuram_async_fifo.xpm_fifo_base_inst/gen_cdc_pntr.rd_pntr_cdc_inst/dest_graysync_ff_reg[0][6]/D
  -------------------------------------------------------------------    -------------------

                         (clock clk_out1_Sampler_Characterization_clk_wiz_0_0 rise edge)
                                                      0.000     0.000 r  
    L16                                               0.000     0.000 r  sys_clock (IN)
                         net (fo=0)                   0.000     0.000    Sampler_Characterization_i/clk_wiz_0/inst/clk_in1
    L16                  IBUF (Prop_ibuf_I_O)         1.421     1.421 r  Sampler_Characterization_i/clk_wiz_0/inst/clkin1_ibufg/O
                         net (fo=1, routed)           1.162     2.583    Sampler_Characterization_i/clk_wiz_0/inst/clk_in1_Sampler_Characterization_clk_wiz_0_0
    MMCME2_ADV_X0Y1      MMCME2_ADV (Prop_mmcme2_adv_CLKIN1_CLKOUT0)
                                                     -7.105    -4.522 r  Sampler_Characterization_i/clk_wiz_0/inst/mmcm_adv_inst/CLKOUT0
                         net (fo=1, routed)           1.599    -2.923    Sampler_Characterization_i/clk_wiz_0/inst/clk_out1_Sampler_Characterization_clk_wiz_0_0
    BUFGCTRL_X0Y16       BUFG (Prop_bufg_I_O)         0.091    -2.832 r  Sampler_Characterization_i/clk_wiz_0/inst/clkout1_buf/O
                         net (fo=283, routed)         1.494    -1.338    Sampler_Characterization_i/AXI_Sampler_0/U0/TestSampler_v1_0_S00_AXI_inst/fifo_inst/xpm_fifo_async_inst/gnuram_async_fifo.xpm_fifo_base_inst/gen_cdc_pntr.rd_pntr_cdc_inst/dest_clk
    SLICE_X27Y32         FDRE                                         r  Sampler_Characterization_i/AXI_Sampler_0/U0/TestSampler_v1_0_S00_AXI_inst/fifo_inst/xpm_fifo_async_inst/gnuram_async_fifo.xpm_fifo_base_inst/gen_cdc_pntr.rd_pntr_cdc_inst/dest_graysync_ff_reg[0][6]/C
                         clock pessimism              0.000    -1.338    
                         clock uncertainty           -0.263    -1.601    
    SLICE_X27Y32         FDRE (Setup_fdre_C_D)       -0.093    -1.694    Sampler_Characterization_i/AXI_Sampler_0/U0/TestSampler_v1_0_S00_AXI_inst/fifo_inst/xpm_fifo_async_inst/gnuram_async_fifo.xpm_fifo_base_inst/gen_cdc_pntr.rd_pntr_cdc_inst/dest_graysync_ff_reg[0][6]
  -------------------------------------------------------------------
                         data arrival                           4.180    
                         clock arrival                         -1.694    
  -------------------------------------------------------------------
                         relative delay                         5.874    

Reference path:
    Location             Delay type                Incr(ns)  Path(ns)    Netlist Resource(s)
  -------------------------------------------------------------------    -------------------
                         (clock clk_fpga_0 rise edge)
                                                      0.000     0.000 r  
    PS7_X0Y0             PS7                          0.000     0.000 r  Sampler_Characterization_i/processing_system7_0/inst/PS7_i/FCLKCLK[0]
                         net (fo=1, routed)           1.101     1.101    Sampler_Characterization_i/processing_system7_0/inst/FCLK_CLK_unbuffered[0]
    BUFGCTRL_X0Y0        BUFG (Prop_bufg_I_O)         0.091     1.192 r  Sampler_Characterization_i/processing_system7_0/inst/buffer_fclk_clk_0.FCLK_CLK_0_BUFG/O
                         net (fo=2016, routed)        1.495     2.687    Sampler_Characterization_i/AXI_Sampler_0/U0/TestSampler_v1_0_S00_AXI_inst/fifo_inst/xpm_fifo_async_inst/gnuram_async_fifo.xpm_fifo_base_inst/gen_cdc_pntr.rd_pntr_cdc_inst/src_clk
    SLICE_X32Y35         FDRE                                         r  Sampler_Characterization_i/AXI_Sampler_0/U0/TestSampler_v1_0_S00_AXI_inst/fifo_inst/xpm_fifo_async_inst/gnuram_async_fifo.xpm_fifo_base_inst/gen_cdc_pntr.rd_pntr_cdc_inst/src_gray_ff_reg[8]/C
  -------------------------------------------------------------------    -------------------
    SLICE_X32Y35         FDRE (Prop_fdre_C_Q)         0.418     3.105 r  Sampler_Characterization_i/AXI_Sampler_0/U0/TestSampler_v1_0_S00_AXI_inst/fifo_inst/xpm_fifo_async_inst/gnuram_async_fifo.xpm_fifo_base_inst/gen_cdc_pntr.rd_pntr_cdc_inst/src_gray_ff_reg[8]/Q
                         net (fo=1, routed)           0.408     3.513    Sampler_Characterization_i/AXI_Sampler_0/U0/TestSampler_v1_0_S00_AXI_inst/fifo_inst/xpm_fifo_async_inst/gnuram_async_fifo.xpm_fifo_base_inst/gen_cdc_pntr.rd_pntr_cdc_inst/async_path[8]
    SLICE_X32Y36         FDRE                                         r  Sampler_Characterization_i/AXI_Sampler_0/U0/TestSampler_v1_0_S00_AXI_inst/fifo_inst/xpm_fifo_async_inst/gnuram_async_fifo.xpm_fifo_base_inst/gen_cdc_pntr.rd_pntr_cdc_inst/dest_graysync_ff_reg[0][8]/D
  -------------------------------------------------------------------    -------------------

                         (clock clk_out1_Sampler_Characterization_clk_wiz_0_0 rise edge)
                                                      0.000     0.000 r  
    L16                                               0.000     0.000 r  sys_clock (IN)
                         net (fo=0)                   0.000     0.000    Sampler_Characterization_i/clk_wiz_0/inst/clk_in1
    L16                  IBUF (Prop_ibuf_I_O)         1.491     1.491 r  Sampler_Characterization_i/clk_wiz_0/inst/clkin1_ibufg/O
                         net (fo=1, routed)           1.285     2.776    Sampler_Characterization_i/clk_wiz_0/inst/clk_in1_Sampler_Characterization_clk_wiz_0_0
    MMCME2_ADV_X0Y1      MMCME2_ADV (Prop_mmcme2_adv_CLKIN1_CLKOUT0)
                                                     -6.996    -4.220 r  Sampler_Characterization_i/clk_wiz_0/inst/mmcm_adv_inst/CLKOUT0
                         net (fo=1, routed)           1.760    -2.460    Sampler_Characterization_i/clk_wiz_0/inst/clk_out1_Sampler_Characterization_clk_wiz_0_0
    BUFGCTRL_X0Y16       BUFG (Prop_bufg_I_O)         0.101    -2.359 r  Sampler_Characterization_i/clk_wiz_0/inst/clkout1_buf/O
                         net (fo=283, routed)         1.672    -0.687    Sampler_Characterization_i/AXI_Sampler_0/U0/TestSampler_v1_0_S00_AXI_inst/fifo_inst/xpm_fifo_async_inst/gnuram_async_fifo.xpm_fifo_base_inst/gen_cdc_pntr.rd_pntr_cdc_inst/dest_clk
    SLICE_X32Y36         FDRE                                         r  Sampler_Characterization_i/AXI_Sampler_0/U0/TestSampler_v1_0_S00_AXI_inst/fifo_inst/xpm_fifo_async_inst/gnuram_async_fifo.xpm_fifo_base_inst/gen_cdc_pntr.rd_pntr_cdc_inst/dest_graysync_ff_reg[0][8]/C
                         clock pessimism              0.000    -0.687    
                         clock uncertainty            0.263    -0.424    
    SLICE_X32Y36         FDRE (Hold_fdre_C_D)         0.231    -0.193    Sampler_Characterization_i/AXI_Sampler_0/U0/TestSampler_v1_0_S00_AXI_inst/fifo_inst/xpm_fifo_async_inst/gnuram_async_fifo.xpm_fifo_base_inst/gen_cdc_pntr.rd_pntr_cdc_inst/dest_graysync_ff_reg[0][8]
  -------------------------------------------------------------------
                         data arrival                           3.513    
                         clock arrival                         -0.193    
  -------------------------------------------------------------------
                         relative delay                         3.706    



Id: 2
set_bus_skew -from [get_cells [list {Sampler_Characterization_i/AXI_Sampler_0/U0/TestSampler_v1_0_S00_AXI_inst/fifo_inst/xpm_fifo_async_inst/gnuram_async_fifo.xpm_fifo_base_inst/gen_cdc_pntr.wr_pntr_cdc_inst/src_gray_ff_reg[0]} \
          {Sampler_Characterization_i/AXI_Sampler_0/U0/TestSampler_v1_0_S00_AXI_inst/fifo_inst/xpm_fifo_async_inst/gnuram_async_fifo.xpm_fifo_base_inst/gen_cdc_pntr.wr_pntr_cdc_inst/src_gray_ff_reg[10]} \
          {Sampler_Characterization_i/AXI_Sampler_0/U0/TestSampler_v1_0_S00_AXI_inst/fifo_inst/xpm_fifo_async_inst/gnuram_async_fifo.xpm_fifo_base_inst/gen_cdc_pntr.wr_pntr_cdc_inst/src_gray_ff_reg[11]} \
          {Sampler_Characterization_i/AXI_Sampler_0/U0/TestSampler_v1_0_S00_AXI_inst/fifo_inst/xpm_fifo_async_inst/gnuram_async_fifo.xpm_fifo_base_inst/gen_cdc_pntr.wr_pntr_cdc_inst/src_gray_ff_reg[12]} \
          {Sampler_Characterization_i/AXI_Sampler_0/U0/TestSampler_v1_0_S00_AXI_inst/fifo_inst/xpm_fifo_async_inst/gnuram_async_fifo.xpm_fifo_base_inst/gen_cdc_pntr.wr_pntr_cdc_inst/src_gray_ff_reg[13]} \
          {Sampler_Characterization_i/AXI_Sampler_0/U0/TestSampler_v1_0_S00_AXI_inst/fifo_inst/xpm_fifo_async_inst/gnuram_async_fifo.xpm_fifo_base_inst/gen_cdc_pntr.wr_pntr_cdc_inst/src_gray_ff_reg[1]} \
          {Sampler_Characterization_i/AXI_Sampler_0/U0/TestSampler_v1_0_S00_AXI_inst/fifo_inst/xpm_fifo_async_inst/gnuram_async_fifo.xpm_fifo_base_inst/gen_cdc_pntr.wr_pntr_cdc_inst/src_gray_ff_reg[2]} \
          {Sampler_Characterization_i/AXI_Sampler_0/U0/TestSampler_v1_0_S00_AXI_inst/fifo_inst/xpm_fifo_async_inst/gnuram_async_fifo.xpm_fifo_base_inst/gen_cdc_pntr.wr_pntr_cdc_inst/src_gray_ff_reg[3]} \
          {Sampler_Characterization_i/AXI_Sampler_0/U0/TestSampler_v1_0_S00_AXI_inst/fifo_inst/xpm_fifo_async_inst/gnuram_async_fifo.xpm_fifo_base_inst/gen_cdc_pntr.wr_pntr_cdc_inst/src_gray_ff_reg[4]} \
          {Sampler_Characterization_i/AXI_Sampler_0/U0/TestSampler_v1_0_S00_AXI_inst/fifo_inst/xpm_fifo_async_inst/gnuram_async_fifo.xpm_fifo_base_inst/gen_cdc_pntr.wr_pntr_cdc_inst/src_gray_ff_reg[5]} \
          {Sampler_Characterization_i/AXI_Sampler_0/U0/TestSampler_v1_0_S00_AXI_inst/fifo_inst/xpm_fifo_async_inst/gnuram_async_fifo.xpm_fifo_base_inst/gen_cdc_pntr.wr_pntr_cdc_inst/src_gray_ff_reg[6]} \
          {Sampler_Characterization_i/AXI_Sampler_0/U0/TestSampler_v1_0_S00_AXI_inst/fifo_inst/xpm_fifo_async_inst/gnuram_async_fifo.xpm_fifo_base_inst/gen_cdc_pntr.wr_pntr_cdc_inst/src_gray_ff_reg[7]} \
          {Sampler_Characterization_i/AXI_Sampler_0/U0/TestSampler_v1_0_S00_AXI_inst/fifo_inst/xpm_fifo_async_inst/gnuram_async_fifo.xpm_fifo_base_inst/gen_cdc_pntr.wr_pntr_cdc_inst/src_gray_ff_reg[8]} \
          {Sampler_Characterization_i/AXI_Sampler_0/U0/TestSampler_v1_0_S00_AXI_inst/fifo_inst/xpm_fifo_async_inst/gnuram_async_fifo.xpm_fifo_base_inst/gen_cdc_pntr.wr_pntr_cdc_inst/src_gray_ff_reg[9]}]] -to [get_cells [list {Sampler_Characterization_i/AXI_Sampler_0/U0/TestSampler_v1_0_S00_AXI_inst/fifo_inst/xpm_fifo_async_inst/gnuram_async_fifo.xpm_fifo_base_inst/gen_cdc_pntr.wr_pntr_cdc_inst/dest_graysync_ff_reg[0][0]} \
          {Sampler_Characterization_i/AXI_Sampler_0/U0/TestSampler_v1_0_S00_AXI_inst/fifo_inst/xpm_fifo_async_inst/gnuram_async_fifo.xpm_fifo_base_inst/gen_cdc_pntr.wr_pntr_cdc_inst/dest_graysync_ff_reg[0][10]} \
          {Sampler_Characterization_i/AXI_Sampler_0/U0/TestSampler_v1_0_S00_AXI_inst/fifo_inst/xpm_fifo_async_inst/gnuram_async_fifo.xpm_fifo_base_inst/gen_cdc_pntr.wr_pntr_cdc_inst/dest_graysync_ff_reg[0][11]} \
          {Sampler_Characterization_i/AXI_Sampler_0/U0/TestSampler_v1_0_S00_AXI_inst/fifo_inst/xpm_fifo_async_inst/gnuram_async_fifo.xpm_fifo_base_inst/gen_cdc_pntr.wr_pntr_cdc_inst/dest_graysync_ff_reg[0][12]} \
          {Sampler_Characterization_i/AXI_Sampler_0/U0/TestSampler_v1_0_S00_AXI_inst/fifo_inst/xpm_fifo_async_inst/gnuram_async_fifo.xpm_fifo_base_inst/gen_cdc_pntr.wr_pntr_cdc_inst/dest_graysync_ff_reg[0][13]} \
          {Sampler_Characterization_i/AXI_Sampler_0/U0/TestSampler_v1_0_S00_AXI_inst/fifo_inst/xpm_fifo_async_inst/gnuram_async_fifo.xpm_fifo_base_inst/gen_cdc_pntr.wr_pntr_cdc_inst/dest_graysync_ff_reg[0][1]} \
          {Sampler_Characterization_i/AXI_Sampler_0/U0/TestSampler_v1_0_S00_AXI_inst/fifo_inst/xpm_fifo_async_inst/gnuram_async_fifo.xpm_fifo_base_inst/gen_cdc_pntr.wr_pntr_cdc_inst/dest_graysync_ff_reg[0][2]} \
          {Sampler_Characterization_i/AXI_Sampler_0/U0/TestSampler_v1_0_S00_AXI_inst/fifo_inst/xpm_fifo_async_inst/gnuram_async_fifo.xpm_fifo_base_inst/gen_cdc_pntr.wr_pntr_cdc_inst/dest_graysync_ff_reg[0][3]} \
          {Sampler_Characterization_i/AXI_Sampler_0/U0/TestSampler_v1_0_S00_AXI_inst/fifo_inst/xpm_fifo_async_inst/gnuram_async_fifo.xpm_fifo_base_inst/gen_cdc_pntr.wr_pntr_cdc_inst/dest_graysync_ff_reg[0][4]} \
          {Sampler_Characterization_i/AXI_Sampler_0/U0/TestSampler_v1_0_S00_AXI_inst/fifo_inst/xpm_fifo_async_inst/gnuram_async_fifo.xpm_fifo_base_inst/gen_cdc_pntr.wr_pntr_cdc_inst/dest_graysync_ff_reg[0][5]} \
          {Sampler_Characterization_i/AXI_Sampler_0/U0/TestSampler_v1_0_S00_AXI_inst/fifo_inst/xpm_fifo_async_inst/gnuram_async_fifo.xpm_fifo_base_inst/gen_cdc_pntr.wr_pntr_cdc_inst/dest_graysync_ff_reg[0][6]} \
          {Sampler_Characterization_i/AXI_Sampler_0/U0/TestSampler_v1_0_S00_AXI_inst/fifo_inst/xpm_fifo_async_inst/gnuram_async_fifo.xpm_fifo_base_inst/gen_cdc_pntr.wr_pntr_cdc_inst/dest_graysync_ff_reg[0][7]} \
          {Sampler_Characterization_i/AXI_Sampler_0/U0/TestSampler_v1_0_S00_AXI_inst/fifo_inst/xpm_fifo_async_inst/gnuram_async_fifo.xpm_fifo_base_inst/gen_cdc_pntr.wr_pntr_cdc_inst/dest_graysync_ff_reg[0][8]} \
          {Sampler_Characterization_i/AXI_Sampler_0/U0/TestSampler_v1_0_S00_AXI_inst/fifo_inst/xpm_fifo_async_inst/gnuram_async_fifo.xpm_fifo_base_inst/gen_cdc_pntr.wr_pntr_cdc_inst/dest_graysync_ff_reg[0][9]}]] 10.000
Requirement: 10.000ns
Endpoints: 8

From Clock            To Clock              Endpoint Pin                    Reference Pin                   Corner  Actual(ns)  Slack(ns)
--------------------  --------------------  ------------------------------  ------------------------------  ------  ----------  ---------
clk_out1_Sampler_Characterization_clk_wiz_0_0
                      clk_fpga_0            Sampler_Characterization_i/AXI_Sampler_0/U0/TestSampler_v1_0_S00_AXI_inst/fifo_inst/xpm_fifo_async_inst/gnuram_async_fifo.xpm_fifo_base_inst/gen_cdc_pntr.wr_pntr_cdc_inst/dest_graysync_ff_reg[0][11]/D
                                                                            Sampler_Characterization_i/AXI_Sampler_0/U0/TestSampler_v1_0_S00_AXI_inst/fifo_inst/xpm_fifo_async_inst/gnuram_async_fifo.xpm_fifo_base_inst/gen_cdc_pntr.wr_pntr_cdc_inst/dest_graysync_ff_reg[0][0]/D
                                                                                                            Slow         1.605      8.395


Slack (MET) :             8.395ns  (requirement - actual skew)
  Endpoint Source:        Sampler_Characterization_i/AXI_Sampler_0/U0/TestSampler_v1_0_S00_AXI_inst/fifo_inst/xpm_fifo_async_inst/gnuram_async_fifo.xpm_fifo_base_inst/gen_cdc_pntr.wr_pntr_cdc_inst/src_gray_ff_reg[11]/C
                            (rising edge-triggered cell FDRE clocked by clk_out1_Sampler_Characterization_clk_wiz_0_0)
  Endpoint Destination:   Sampler_Characterization_i/AXI_Sampler_0/U0/TestSampler_v1_0_S00_AXI_inst/fifo_inst/xpm_fifo_async_inst/gnuram_async_fifo.xpm_fifo_base_inst/gen_cdc_pntr.wr_pntr_cdc_inst/dest_graysync_ff_reg[0][11]/D
                            (rising edge-triggered cell FDRE clocked by clk_fpga_0)
  Reference Source:       Sampler_Characterization_i/AXI_Sampler_0/U0/TestSampler_v1_0_S00_AXI_inst/fifo_inst/xpm_fifo_async_inst/gnuram_async_fifo.xpm_fifo_base_inst/gen_cdc_pntr.wr_pntr_cdc_inst/src_gray_ff_reg[0]/C
                            (rising edge-triggered cell FDRE clocked by clk_out1_Sampler_Characterization_clk_wiz_0_0)
  Reference Destination:  Sampler_Characterization_i/AXI_Sampler_0/U0/TestSampler_v1_0_S00_AXI_inst/fifo_inst/xpm_fifo_async_inst/gnuram_async_fifo.xpm_fifo_base_inst/gen_cdc_pntr.wr_pntr_cdc_inst/dest_graysync_ff_reg[0][0]/D
                            (rising edge-triggered cell FDRE clocked by clk_fpga_0)
  Path Type:              Bus Skew (Max at Slow Process Corner)
  Requirement:            10.000ns
  Endpoint Relative Delay:   -1.832ns
  Reference Relative Delay:  -4.054ns
  Relative CRPR:              0.617ns
  Actual Bus Skew:            1.605ns  (Endpoint Relative Delay - Reference Relative Delay - Relative CRPR)

Endpoint path:
    Location             Delay type                Incr(ns)  Path(ns)    Netlist Resource(s)
  -------------------------------------------------------------------    -------------------
                         (clock clk_out1_Sampler_Characterization_clk_wiz_0_0 rise edge)
                                                      0.000     0.000 r  
    L16                                               0.000     0.000 r  sys_clock (IN)
                         net (fo=0)                   0.000     0.000    Sampler_Characterization_i/clk_wiz_0/inst/clk_in1
    L16                  IBUF (Prop_ibuf_I_O)         1.491     1.491 r  Sampler_Characterization_i/clk_wiz_0/inst/clkin1_ibufg/O
                         net (fo=1, routed)           1.285     2.776    Sampler_Characterization_i/clk_wiz_0/inst/clk_in1_Sampler_Characterization_clk_wiz_0_0
    MMCME2_ADV_X0Y1      MMCME2_ADV (Prop_mmcme2_adv_CLKIN1_CLKOUT0)
                                                     -6.996    -4.220 r  Sampler_Characterization_i/clk_wiz_0/inst/mmcm_adv_inst/CLKOUT0
                         net (fo=1, routed)           1.760    -2.460    Sampler_Characterization_i/clk_wiz_0/inst/clk_out1_Sampler_Characterization_clk_wiz_0_0
    BUFGCTRL_X0Y16       BUFG (Prop_bufg_I_O)         0.101    -2.359 r  Sampler_Characterization_i/clk_wiz_0/inst/clkout1_buf/O
                         net (fo=283, routed)         1.659    -0.700    Sampler_Characterization_i/AXI_Sampler_0/U0/TestSampler_v1_0_S00_AXI_inst/fifo_inst/xpm_fifo_async_inst/gnuram_async_fifo.xpm_fifo_base_inst/gen_cdc_pntr.wr_pntr_cdc_inst/src_clk
    SLICE_X23Y29         FDRE                                         r  Sampler_Characterization_i/AXI_Sampler_0/U0/TestSampler_v1_0_S00_AXI_inst/fifo_inst/xpm_fifo_async_inst/gnuram_async_fifo.xpm_fifo_base_inst/gen_cdc_pntr.wr_pntr_cdc_inst/src_gray_ff_reg[11]/C
  -------------------------------------------------------------------    -------------------
    SLICE_X23Y29         FDRE (Prop_fdre_C_Q)         0.419    -0.281 r  Sampler_Characterization_i/AXI_Sampler_0/U0/TestSampler_v1_0_S00_AXI_inst/fifo_inst/xpm_fifo_async_inst/gnuram_async_fifo.xpm_fifo_base_inst/gen_cdc_pntr.wr_pntr_cdc_inst/src_gray_ff_reg[11]/Q
                         net (fo=1, routed)           0.592     0.311    Sampler_Characterization_i/AXI_Sampler_0/U0/TestSampler_v1_0_S00_AXI_inst/fifo_inst/xpm_fifo_async_inst/gnuram_async_fifo.xpm_fifo_base_inst/gen_cdc_pntr.wr_pntr_cdc_inst/async_path[11]
    SLICE_X22Y29         FDRE                                         r  Sampler_Characterization_i/AXI_Sampler_0/U0/TestSampler_v1_0_S00_AXI_inst/fifo_inst/xpm_fifo_async_inst/gnuram_async_fifo.xpm_fifo_base_inst/gen_cdc_pntr.wr_pntr_cdc_inst/dest_graysync_ff_reg[0][11]/D
  -------------------------------------------------------------------    -------------------

                         (clock clk_fpga_0 rise edge)
                                                      0.000     0.000 r  
    PS7_X0Y0             PS7                          0.000     0.000 r  Sampler_Characterization_i/processing_system7_0/inst/PS7_i/FCLKCLK[0]
                         net (fo=1, routed)           1.101     1.101    Sampler_Characterization_i/processing_system7_0/inst/FCLK_CLK_unbuffered[0]
    BUFGCTRL_X0Y0        BUFG (Prop_bufg_I_O)         0.091     1.192 r  Sampler_Characterization_i/processing_system7_0/inst/buffer_fclk_clk_0.FCLK_CLK_0_BUFG/O
                         net (fo=2016, routed)        1.484     2.676    Sampler_Characterization_i/AXI_Sampler_0/U0/TestSampler_v1_0_S00_AXI_inst/fifo_inst/xpm_fifo_async_inst/gnuram_async_fifo.xpm_fifo_base_inst/gen_cdc_pntr.wr_pntr_cdc_inst/dest_clk
    SLICE_X22Y29         FDRE                                         r  Sampler_Characterization_i/AXI_Sampler_0/U0/TestSampler_v1_0_S00_AXI_inst/fifo_inst/xpm_fifo_async_inst/gnuram_async_fifo.xpm_fifo_base_inst/gen_cdc_pntr.wr_pntr_cdc_inst/dest_graysync_ff_reg[0][11]/C
                         clock pessimism              0.000     2.676    
                         clock uncertainty           -0.263     2.413    
    SLICE_X22Y29         FDRE (Setup_fdre_C_D)       -0.270     2.143    Sampler_Characterization_i/AXI_Sampler_0/U0/TestSampler_v1_0_S00_AXI_inst/fifo_inst/xpm_fifo_async_inst/gnuram_async_fifo.xpm_fifo_base_inst/gen_cdc_pntr.wr_pntr_cdc_inst/dest_graysync_ff_reg[0][11]
  -------------------------------------------------------------------
                         data arrival                           0.311    
                         clock arrival                          2.143    
  -------------------------------------------------------------------
                         relative delay                        -1.832    

Reference path:
    Location             Delay type                Incr(ns)  Path(ns)    Netlist Resource(s)
  -------------------------------------------------------------------    -------------------
                         (clock clk_out1_Sampler_Characterization_clk_wiz_0_0 rise edge)
                                                      0.000     0.000 r  
    L16                                               0.000     0.000 r  sys_clock (IN)
                         net (fo=0)                   0.000     0.000    Sampler_Characterization_i/clk_wiz_0/inst/clk_in1
    L16                  IBUF (Prop_ibuf_I_O)         1.421     1.421 r  Sampler_Characterization_i/clk_wiz_0/inst/clkin1_ibufg/O
                         net (fo=1, routed)           1.162     2.583    Sampler_Characterization_i/clk_wiz_0/inst/clk_in1_Sampler_Characterization_clk_wiz_0_0
    MMCME2_ADV_X0Y1      MMCME2_ADV (Prop_mmcme2_adv_CLKIN1_CLKOUT0)
                                                     -7.105    -4.522 r  Sampler_Characterization_i/clk_wiz_0/inst/mmcm_adv_inst/CLKOUT0
                         net (fo=1, routed)           1.599    -2.923    Sampler_Characterization_i/clk_wiz_0/inst/clk_out1_Sampler_Characterization_clk_wiz_0_0
    BUFGCTRL_X0Y16       BUFG (Prop_bufg_I_O)         0.091    -2.832 r  Sampler_Characterization_i/clk_wiz_0/inst/clkout1_buf/O
                         net (fo=283, routed)         1.493    -1.339    Sampler_Characterization_i/AXI_Sampler_0/U0/TestSampler_v1_0_S00_AXI_inst/fifo_inst/xpm_fifo_async_inst/gnuram_async_fifo.xpm_fifo_base_inst/gen_cdc_pntr.wr_pntr_cdc_inst/src_clk
    SLICE_X15Y29         FDRE                                         r  Sampler_Characterization_i/AXI_Sampler_0/U0/TestSampler_v1_0_S00_AXI_inst/fifo_inst/xpm_fifo_async_inst/gnuram_async_fifo.xpm_fifo_base_inst/gen_cdc_pntr.wr_pntr_cdc_inst/src_gray_ff_reg[0]/C
  -------------------------------------------------------------------    -------------------
    SLICE_X15Y29         FDRE (Prop_fdre_C_Q)         0.367    -0.972 r  Sampler_Characterization_i/AXI_Sampler_0/U0/TestSampler_v1_0_S00_AXI_inst/fifo_inst/xpm_fifo_async_inst/gnuram_async_fifo.xpm_fifo_base_inst/gen_cdc_pntr.wr_pntr_cdc_inst/src_gray_ff_reg[0]/Q
                         net (fo=1, routed)           0.380    -0.592    Sampler_Characterization_i/AXI_Sampler_0/U0/TestSampler_v1_0_S00_AXI_inst/fifo_inst/xpm_fifo_async_inst/gnuram_async_fifo.xpm_fifo_base_inst/gen_cdc_pntr.wr_pntr_cdc_inst/async_path[0]
    SLICE_X16Y29         FDRE                                         r  Sampler_Characterization_i/AXI_Sampler_0/U0/TestSampler_v1_0_S00_AXI_inst/fifo_inst/xpm_fifo_async_inst/gnuram_async_fifo.xpm_fifo_base_inst/gen_cdc_pntr.wr_pntr_cdc_inst/dest_graysync_ff_reg[0][0]/D
  -------------------------------------------------------------------    -------------------

                         (clock clk_fpga_0 rise edge)
                                                      0.000     0.000 r  
    PS7_X0Y0             PS7                          0.000     0.000 r  Sampler_Characterization_i/processing_system7_0/inst/PS7_i/FCLKCLK[0]
                         net (fo=1, routed)           1.207     1.207    Sampler_Characterization_i/processing_system7_0/inst/FCLK_CLK_unbuffered[0]
    BUFGCTRL_X0Y0        BUFG (Prop_bufg_I_O)         0.101     1.308 r  Sampler_Characterization_i/processing_system7_0/inst/buffer_fclk_clk_0.FCLK_CLK_0_BUFG/O
                         net (fo=2016, routed)        1.661     2.969    Sampler_Characterization_i/AXI_Sampler_0/U0/TestSampler_v1_0_S00_AXI_inst/fifo_inst/xpm_fifo_async_inst/gnuram_async_fifo.xpm_fifo_base_inst/gen_cdc_pntr.wr_pntr_cdc_inst/dest_clk
    SLICE_X16Y29         FDRE                                         r  Sampler_Characterization_i/AXI_Sampler_0/U0/TestSampler_v1_0_S00_AXI_inst/fifo_inst/xpm_fifo_async_inst/gnuram_async_fifo.xpm_fifo_base_inst/gen_cdc_pntr.wr_pntr_cdc_inst/dest_graysync_ff_reg[0][0]/C
                         clock pessimism              0.000     2.969    
                         clock uncertainty            0.263     3.232    
    SLICE_X16Y29         FDRE (Hold_fdre_C_D)         0.230     3.462    Sampler_Characterization_i/AXI_Sampler_0/U0/TestSampler_v1_0_S00_AXI_inst/fifo_inst/xpm_fifo_async_inst/gnuram_async_fifo.xpm_fifo_base_inst/gen_cdc_pntr.wr_pntr_cdc_inst/dest_graysync_ff_reg[0][0]
  -------------------------------------------------------------------
                         data arrival                          -0.592    
                         clock arrival                          3.462    
  -------------------------------------------------------------------
                         relative delay                        -4.054    



