13:16:25 **** Auto Build of configuration Debug for project ILA_Trigger ****
make pre-build main-build 
a9-linaro-pre-build-step
' '
'Building file: ../src/helloworld.c'
'Invoking: ARM v7 gcc compiler'
arm-none-eabi-gcc -Wall -O0 -g3 -c -fmessage-length=0 -MT"src/helloworld.o" -mcpu=cortex-a9 -mfpu=vfpv3 -mfloat-abi=hard -I../../ILA_Trigger_bsp/ps7_cortexa9_0/include -MMD -MP -MF"src/helloworld.d" -MT"src/helloworld.o" -o "src/helloworld.o" "../src/helloworld.c"
'Finished building: ../src/helloworld.c'
' '
'Building target: ILA_Trigger.elf'
'Invoking: ARM v7 gcc linker'
arm-none-eabi-gcc -mcpu=cortex-a9 -mfpu=vfpv3 -mfloat-abi=hard -Wl,-build-id=none -specs=Xilinx.spec -Wl,-T -Wl,../src/lscript.ld -L../../ILA_Trigger_bsp/ps7_cortexa9_0/lib -o "ILA_Trigger.elf"  ./src/helloworld.o ./src/platform.o   -Wl,--start-group,-lxil,-lgcc,-lc,--end-group
'Finished building target: ILA_Trigger.elf'
' '
'Invoking: ARM v7 Print Size'
arm-none-eabi-size ILA_Trigger.elf  |tee "ILA_Trigger.elf.size"
   text	   data	    bss	    dec	    hex	filename
  23780	   1144	  22600	  47524	   b9a4	ILA_Trigger.elf
'Finished building: ILA_Trigger.elf.size'
' '

13:16:26 Build Finished (took 858ms)

