
*** Running vivado
    with args -log VIO_Latency_wrapper.vdi -applog -m64 -product Vivado -messageDb vivado.pb -mode batch -source VIO_Latency_wrapper.tcl -notrace


****** Vivado v2018.2 (64-bit)
  **** SW Build 2258646 on Thu Jun 14 20:03:12 MDT 2018
  **** IP Build 2256618 on Thu Jun 14 22:10:49 MDT 2018
    ** Copyright 1986-2018 Xilinx, Inc. All Rights Reserved.

source VIO_Latency_wrapper.tcl -notrace
INFO: [IP_Flow 19-234] Refreshing IP repositories
WARNING: [IP_Flow 19-2248] Failed to load user IP repository 'd:/depot/Projects/ETF_2021/clock_enabler/clock_enabler.srcs/sources_1/imports/sources'; Can't find the specified path.
If this directory should no longer be in your list of user repositories, go to the IP Settings dialog and remove it.
INFO: [IP_Flow 19-2313] Loaded Vivado IP repository 'C:/Xilinx/Vivado/2018.2/data/ip'.
Command: link_design -top VIO_Latency_wrapper -part xc7z010clg400-1
Design is defaulting to srcset: sources_1
Design is defaulting to constrset: constrs_1
INFO: [Project 1-454] Reading design checkpoint 'd:/depot/Projects/ETF_2021/VIO_Latency/VIO_Latency.srcs/sources_1/bd/VIO_Latency/ip/VIO_Latency_c_counter_binary_0_0/VIO_Latency_c_counter_binary_0_0.dcp' for cell 'VIO_Latency_i/c_counter_binary_0'
INFO: [Project 1-454] Reading design checkpoint 'd:/depot/Projects/ETF_2021/VIO_Latency/VIO_Latency.srcs/sources_1/bd/VIO_Latency/ip/VIO_Latency_clk_wiz_0_0/VIO_Latency_clk_wiz_0_0.dcp' for cell 'VIO_Latency_i/clk_wiz_0'
INFO: [Project 1-454] Reading design checkpoint 'd:/depot/Projects/ETF_2021/VIO_Latency/VIO_Latency.srcs/sources_1/bd/VIO_Latency/ip/VIO_Latency_ila_0_0/VIO_Latency_ila_0_0.dcp' for cell 'VIO_Latency_i/ila_0'
INFO: [Project 1-454] Reading design checkpoint 'd:/depot/Projects/ETF_2021/VIO_Latency/VIO_Latency.srcs/sources_1/bd/VIO_Latency/ip/VIO_Latency_vio_0_0/VIO_Latency_vio_0_0.dcp' for cell 'VIO_Latency_i/vio_0'
INFO: [Netlist 29-17] Analyzing 492 Unisim elements for replacement
INFO: [Netlist 29-28] Unisim Transformation completed in 0 CPU seconds
INFO: [Project 1-479] Netlist was created with Vivado 2018.2
INFO: [Device 21-403] Loading part xc7z010clg400-1
INFO: [Project 1-570] Preparing netlist for logic optimization
INFO: [Chipscope 16-324] Core: VIO_Latency_i/ila_0 UUID: 71d114ba-891d-5176-8bc2-28331e14af94 
INFO: [Chipscope 16-324] Core: VIO_Latency_i/vio_0 UUID: 92c92fa5-7579-502d-8397-1eec7c2a3680 
Parsing XDC File [d:/depot/Projects/ETF_2021/VIO_Latency/VIO_Latency.srcs/sources_1/bd/VIO_Latency/ip/VIO_Latency_clk_wiz_0_0/VIO_Latency_clk_wiz_0_0_board.xdc] for cell 'VIO_Latency_i/clk_wiz_0/inst'
Finished Parsing XDC File [d:/depot/Projects/ETF_2021/VIO_Latency/VIO_Latency.srcs/sources_1/bd/VIO_Latency/ip/VIO_Latency_clk_wiz_0_0/VIO_Latency_clk_wiz_0_0_board.xdc] for cell 'VIO_Latency_i/clk_wiz_0/inst'
Parsing XDC File [d:/depot/Projects/ETF_2021/VIO_Latency/VIO_Latency.srcs/sources_1/bd/VIO_Latency/ip/VIO_Latency_clk_wiz_0_0/VIO_Latency_clk_wiz_0_0.xdc] for cell 'VIO_Latency_i/clk_wiz_0/inst'
INFO: [Timing 38-35] Done setting XDC timing constraints. [d:/depot/Projects/ETF_2021/VIO_Latency/VIO_Latency.srcs/sources_1/bd/VIO_Latency/ip/VIO_Latency_clk_wiz_0_0/VIO_Latency_clk_wiz_0_0.xdc:57]
INFO: [Timing 38-2] Deriving generated clocks [d:/depot/Projects/ETF_2021/VIO_Latency/VIO_Latency.srcs/sources_1/bd/VIO_Latency/ip/VIO_Latency_clk_wiz_0_0/VIO_Latency_clk_wiz_0_0.xdc:57]
get_clocks: Time (s): cpu = 00:00:08 ; elapsed = 00:00:09 . Memory (MB): peak = 1221.121 ; gain = 553.723
Finished Parsing XDC File [d:/depot/Projects/ETF_2021/VIO_Latency/VIO_Latency.srcs/sources_1/bd/VIO_Latency/ip/VIO_Latency_clk_wiz_0_0/VIO_Latency_clk_wiz_0_0.xdc] for cell 'VIO_Latency_i/clk_wiz_0/inst'
Parsing XDC File [d:/depot/Projects/ETF_2021/VIO_Latency/VIO_Latency.srcs/sources_1/bd/VIO_Latency/ip/VIO_Latency_ila_0_0/ila_v6_2/constraints/ila_impl.xdc] for cell 'VIO_Latency_i/ila_0/U0'
Finished Parsing XDC File [d:/depot/Projects/ETF_2021/VIO_Latency/VIO_Latency.srcs/sources_1/bd/VIO_Latency/ip/VIO_Latency_ila_0_0/ila_v6_2/constraints/ila_impl.xdc] for cell 'VIO_Latency_i/ila_0/U0'
Parsing XDC File [d:/depot/Projects/ETF_2021/VIO_Latency/VIO_Latency.srcs/sources_1/bd/VIO_Latency/ip/VIO_Latency_ila_0_0/ila_v6_2/constraints/ila.xdc] for cell 'VIO_Latency_i/ila_0/U0'
Finished Parsing XDC File [d:/depot/Projects/ETF_2021/VIO_Latency/VIO_Latency.srcs/sources_1/bd/VIO_Latency/ip/VIO_Latency_ila_0_0/ila_v6_2/constraints/ila.xdc] for cell 'VIO_Latency_i/ila_0/U0'
Parsing XDC File [d:/depot/Projects/ETF_2021/VIO_Latency/VIO_Latency.srcs/sources_1/bd/VIO_Latency/ip/VIO_Latency_vio_0_0/VIO_Latency_vio_0_0.xdc] for cell 'VIO_Latency_i/vio_0'
Finished Parsing XDC File [d:/depot/Projects/ETF_2021/VIO_Latency/VIO_Latency.srcs/sources_1/bd/VIO_Latency/ip/VIO_Latency_vio_0_0/VIO_Latency_vio_0_0.xdc] for cell 'VIO_Latency_i/vio_0'
Parsing XDC File [D:/depot/Projects/ETF_2021/VIO_Latency/VIO_Latency.srcs/constrs_1/new/constraints.xdc]
Finished Parsing XDC File [D:/depot/Projects/ETF_2021/VIO_Latency/VIO_Latency.srcs/constrs_1/new/constraints.xdc]
INFO: [Opt 31-138] Pushed 0 inverter(s) to 0 load pin(s).
INFO: [Project 1-111] Unisim Transformation Summary:
  A total of 220 instances were transformed.
  CFGLUT5 => CFGLUT5 (SRLC32E, SRL16E): 188 instances
  RAM64M => RAM64M (RAMD64E, RAMD64E, RAMD64E, RAMD64E): 32 instances

17 Infos, 1 Warnings, 0 Critical Warnings and 0 Errors encountered.
link_design completed successfully
link_design: Time (s): cpu = 00:00:16 ; elapsed = 00:00:20 . Memory (MB): peak = 1223.746 ; gain = 923.992
Command: opt_design
Attempting to get a license for feature 'Implementation' and/or device 'xc7z010'
INFO: [Common 17-349] Got license for feature 'Implementation' and/or device 'xc7z010'
Running DRC as a precondition to command opt_design

Starting DRC Task
INFO: [DRC 23-27] Running DRC with 2 threads
INFO: [Project 1-461] DRC finished with 0 Errors
INFO: [Project 1-462] Please refer to the DRC report (report_drc) for more information.

Time (s): cpu = 00:00:01 ; elapsed = 00:00:00.617 . Memory (MB): peak = 1223.746 ; gain = 0.000

Starting Cache Timing Information Task
INFO: [Timing 38-35] Done setting XDC timing constraints.
Ending Cache Timing Information Task | Checksum: 16adb203a

Time (s): cpu = 00:00:00 ; elapsed = 00:00:00.268 . Memory (MB): peak = 1235.316 ; gain = 11.570

Starting Logic Optimization Task

Phase 1 Generate And Synthesize Debug Cores
INFO: [Chipscope 16-329] Generating Script for core instance : dbg_hub 
INFO: [IP_Flow 19-3806] Processing IP xilinx.com:ip:xsdbm:3.0 for cell dbg_hub_CV.
INFO: [Chipscope 16-220] Re-using generated and synthesized IP, "xilinx.com:ip:xsdbm:3.0", from Vivado IP cache entry "c655ec2e2ae702eb".
Netlist sorting complete. Time (s): cpu = 00:00:00 ; elapsed = 00:00:00.033 . Memory (MB): peak = 1258.332 ; gain = 0.000
Phase 1 Generate And Synthesize Debug Cores | Checksum: 243864ede

Time (s): cpu = 00:00:02 ; elapsed = 00:00:11 . Memory (MB): peak = 1258.332 ; gain = 23.016

Phase 2 Retarget
INFO: [Opt 31-138] Pushed 0 inverter(s) to 0 load pin(s).
INFO: [Opt 31-49] Retargeted 0 cell(s).
Phase 2 Retarget | Checksum: 1f6a32e44

Time (s): cpu = 00:00:02 ; elapsed = 00:00:11 . Memory (MB): peak = 1258.332 ; gain = 23.016
INFO: [Opt 31-389] Phase Retarget created 0 cells and removed 0 cells

Phase 3 Constant propagation
INFO: [Opt 31-138] Pushed 0 inverter(s) to 0 load pin(s).
Phase 3 Constant propagation | Checksum: 28977934d

Time (s): cpu = 00:00:02 ; elapsed = 00:00:11 . Memory (MB): peak = 1258.332 ; gain = 23.016
INFO: [Opt 31-389] Phase Constant propagation created 0 cells and removed 16 cells

Phase 4 Sweep
Phase 4 Sweep | Checksum: 1937b9d12

Time (s): cpu = 00:00:02 ; elapsed = 00:00:11 . Memory (MB): peak = 1258.332 ; gain = 23.016
INFO: [Opt 31-389] Phase Sweep created 0 cells and removed 52 cells

Phase 5 BUFG optimization
Phase 5 BUFG optimization | Checksum: 1937b9d12

Time (s): cpu = 00:00:03 ; elapsed = 00:00:11 . Memory (MB): peak = 1258.332 ; gain = 23.016
INFO: [Opt 31-662] Phase BUFG optimization created 0 cells of which 0 are BUFGs and removed 0 cells.

Phase 6 Shift Register Optimization
Phase 6 Shift Register Optimization | Checksum: 1b872c926

Time (s): cpu = 00:00:03 ; elapsed = 00:00:12 . Memory (MB): peak = 1258.332 ; gain = 23.016
INFO: [Opt 31-389] Phase Shift Register Optimization created 0 cells and removed 0 cells

Phase 7 Post Processing Netlist
Phase 7 Post Processing Netlist | Checksum: 1b872c926

Time (s): cpu = 00:00:03 ; elapsed = 00:00:12 . Memory (MB): peak = 1258.332 ; gain = 23.016
INFO: [Opt 31-389] Phase Post Processing Netlist created 0 cells and removed 0 cells

Starting Connectivity Check Task

Time (s): cpu = 00:00:00 ; elapsed = 00:00:00.013 . Memory (MB): peak = 1258.332 ; gain = 0.000
Ending Logic Optimization Task | Checksum: 1b872c926

Time (s): cpu = 00:00:03 ; elapsed = 00:00:12 . Memory (MB): peak = 1258.332 ; gain = 23.016

Starting Power Optimization Task
INFO: [Pwropt 34-132] Skipping clock gating for clocks with a period < 2.00 ns.
INFO: [Timing 38-35] Done setting XDC timing constraints.
INFO: [Pwropt 34-9] Applying IDT optimizations ...
INFO: [Pwropt 34-10] Applying ODC optimizations ...
INFO: [Physopt 32-619] Estimated Timing Summary | WNS=4.171 | TNS=0.000 |
Running Vector-less Activity Propagation...

Finished Running Vector-less Activity Propagation


Starting PowerOpt Patch Enables Task
INFO: [Pwropt 34-162] WRITE_MODE attribute of 0 BRAM(s) out of a total of 15 has been updated to save power. Run report_power_opt to get a complete listing of the BRAMs updated.
INFO: [Pwropt 34-201] Structural ODC has moved 0 WE to EN ports
Number of BRAM Ports augmented: 19 newly gated: 0 Total Ports: 30
Ending PowerOpt Patch Enables Task | Checksum: 284e8cb39

Time (s): cpu = 00:00:00 ; elapsed = 00:00:00.132 . Memory (MB): peak = 1482.234 ; gain = 0.000
Ending Power Optimization Task | Checksum: 284e8cb39

Time (s): cpu = 00:00:05 ; elapsed = 00:00:03 . Memory (MB): peak = 1482.234 ; gain = 223.902

Starting Final Cleanup Task

Starting Logic Optimization Task
INFO: [Timing 38-35] Done setting XDC timing constraints.
Ending Logic Optimization Task | Checksum: 240a0aa9b

Time (s): cpu = 00:00:00 ; elapsed = 00:00:00.566 . Memory (MB): peak = 1482.234 ; gain = 0.000
Ending Final Cleanup Task | Checksum: 240a0aa9b

Time (s): cpu = 00:00:01 ; elapsed = 00:00:00.589 . Memory (MB): peak = 1482.234 ; gain = 0.000
INFO: [Common 17-83] Releasing license: Implementation
46 Infos, 1 Warnings, 0 Critical Warnings and 0 Errors encountered.
opt_design completed successfully
opt_design: Time (s): cpu = 00:00:10 ; elapsed = 00:00:16 . Memory (MB): peak = 1482.234 ; gain = 258.488
INFO: [Timing 38-480] Writing timing data to binary archive.
Writing placer database...
Writing XDEF routing.
Writing XDEF routing logical nets.
Writing XDEF routing special nets.
Write XDEF Complete: Time (s): cpu = 00:00:00 ; elapsed = 00:00:00.034 . Memory (MB): peak = 1482.234 ; gain = 0.000
INFO: [Common 17-1381] The checkpoint 'D:/depot/Projects/ETF_2021/VIO_Latency/VIO_Latency.runs/impl_1/VIO_Latency_wrapper_opt.dcp' has been generated.
INFO: [runtcl-4] Executing : report_drc -file VIO_Latency_wrapper_drc_opted.rpt -pb VIO_Latency_wrapper_drc_opted.pb -rpx VIO_Latency_wrapper_drc_opted.rpx
Command: report_drc -file VIO_Latency_wrapper_drc_opted.rpt -pb VIO_Latency_wrapper_drc_opted.pb -rpx VIO_Latency_wrapper_drc_opted.rpx
INFO: [IP_Flow 19-1839] IP Catalog is up to date.
INFO: [DRC 23-27] Running DRC with 2 threads
INFO: [Coretcl 2-168] The results of DRC are in file D:/depot/Projects/ETF_2021/VIO_Latency/VIO_Latency.runs/impl_1/VIO_Latency_wrapper_drc_opted.rpt.
report_drc completed successfully
INFO: [Chipscope 16-240] Debug cores have already been implemented
Command: place_design
Attempting to get a license for feature 'Implementation' and/or device 'xc7z010'
INFO: [Common 17-349] Got license for feature 'Implementation' and/or device 'xc7z010'
INFO: [DRC 23-27] Running DRC with 2 threads
INFO: [Vivado_Tcl 4-198] DRC finished with 0 Errors
INFO: [Vivado_Tcl 4-199] Please refer to the DRC report (report_drc) for more information.
Running DRC as a precondition to command place_design
INFO: [DRC 23-27] Running DRC with 2 threads
INFO: [Vivado_Tcl 4-198] DRC finished with 0 Errors
INFO: [Vivado_Tcl 4-199] Please refer to the DRC report (report_drc) for more information.

Starting Placer Task
INFO: [Place 30-611] Multithreading enabled for place_design using a maximum of 2 CPUs

Phase 1 Placer Initialization

Phase 1.1 Placer Initialization Netlist Sorting
Netlist sorting complete. Time (s): cpu = 00:00:00 ; elapsed = 00:00:00.013 . Memory (MB): peak = 1482.234 ; gain = 0.000
Phase 1.1 Placer Initialization Netlist Sorting | Checksum: 1ab747512

Time (s): cpu = 00:00:00 ; elapsed = 00:00:00.016 . Memory (MB): peak = 1482.234 ; gain = 0.000
INFO: [Timing 38-35] Done setting XDC timing constraints.
INFO: [Opt 31-138] Pushed 0 inverter(s) to 0 load pin(s).
Netlist sorting complete. Time (s): cpu = 00:00:00 ; elapsed = 00:00:00.012 . Memory (MB): peak = 1482.234 ; gain = 0.000

Phase 1.2 IO Placement/ Clock Placement/ Build Placer Device
INFO: [Timing 38-35] Done setting XDC timing constraints.
Phase 1.2 IO Placement/ Clock Placement/ Build Placer Device | Checksum: 1a8534c6e

Time (s): cpu = 00:00:02 ; elapsed = 00:00:02 . Memory (MB): peak = 1482.234 ; gain = 0.000

Phase 1.3 Build Placer Netlist Model
Phase 1.3 Build Placer Netlist Model | Checksum: 1e484177c

Time (s): cpu = 00:00:04 ; elapsed = 00:00:03 . Memory (MB): peak = 1482.234 ; gain = 0.000

Phase 1.4 Constrain Clocks/Macros
Phase 1.4 Constrain Clocks/Macros | Checksum: 1e484177c

Time (s): cpu = 00:00:04 ; elapsed = 00:00:03 . Memory (MB): peak = 1482.234 ; gain = 0.000
Phase 1 Placer Initialization | Checksum: 1e484177c

Time (s): cpu = 00:00:04 ; elapsed = 00:00:03 . Memory (MB): peak = 1482.234 ; gain = 0.000

Phase 2 Global Placement

Phase 2.1 Floorplanning
Phase 2.1 Floorplanning | Checksum: 26ee870b3

Time (s): cpu = 00:00:04 ; elapsed = 00:00:03 . Memory (MB): peak = 1482.234 ; gain = 0.000

Phase 2.2 Physical Synthesis In Placer
INFO: [Physopt 32-65] No nets found for high-fanout optimization.
INFO: [Physopt 32-232] Optimized 0 net. Created 0 new instance.
INFO: [Physopt 32-775] End 1 Pass. Optimized 0 net or cell. Created 0 new cell, deleted 0 existing cell and moved 0 existing cell
Netlist sorting complete. Time (s): cpu = 00:00:00 ; elapsed = 00:00:00.013 . Memory (MB): peak = 1482.234 ; gain = 0.000

Summary of Physical Synthesis Optimizations
============================================


-----------------------------------------------------------------------------------------------------------------------------
|  Optimization       |  Added Cells  |  Removed Cells  |  Optimized Cells/Nets  |  Dont Touch  |  Iterations  |  Elapsed   |
-----------------------------------------------------------------------------------------------------------------------------
|  Very High Fanout   |            0  |              0  |                     0  |           0  |           1  |  00:00:00  |
|  Total              |            0  |              0  |                     0  |           0  |           1  |  00:00:00  |
-----------------------------------------------------------------------------------------------------------------------------


Phase 2.2 Physical Synthesis In Placer | Checksum: 148350e9c

Time (s): cpu = 00:00:11 ; elapsed = 00:00:07 . Memory (MB): peak = 1482.234 ; gain = 0.000
Phase 2 Global Placement | Checksum: 1ddf6648b

Time (s): cpu = 00:00:11 ; elapsed = 00:00:07 . Memory (MB): peak = 1482.234 ; gain = 0.000

Phase 3 Detail Placement

Phase 3.1 Commit Multi Column Macros
Phase 3.1 Commit Multi Column Macros | Checksum: 1ddf6648b

Time (s): cpu = 00:00:11 ; elapsed = 00:00:07 . Memory (MB): peak = 1482.234 ; gain = 0.000

Phase 3.2 Commit Most Macros & LUTRAMs
Phase 3.2 Commit Most Macros & LUTRAMs | Checksum: 2e3c4b7dd

Time (s): cpu = 00:00:12 ; elapsed = 00:00:08 . Memory (MB): peak = 1482.234 ; gain = 0.000

Phase 3.3 Area Swap Optimization
Phase 3.3 Area Swap Optimization | Checksum: 2754c3bd3

Time (s): cpu = 00:00:12 ; elapsed = 00:00:08 . Memory (MB): peak = 1482.234 ; gain = 0.000

Phase 3.4 Pipeline Register Optimization
Phase 3.4 Pipeline Register Optimization | Checksum: 2754c3bd3

Time (s): cpu = 00:00:12 ; elapsed = 00:00:08 . Memory (MB): peak = 1482.234 ; gain = 0.000

Phase 3.5 Small Shape Detail Placement
Phase 3.5 Small Shape Detail Placement | Checksum: 1d2d568ad

Time (s): cpu = 00:00:14 ; elapsed = 00:00:09 . Memory (MB): peak = 1482.234 ; gain = 0.000

Phase 3.6 Re-assign LUT pins
Phase 3.6 Re-assign LUT pins | Checksum: 2a74a3b3b

Time (s): cpu = 00:00:14 ; elapsed = 00:00:10 . Memory (MB): peak = 1482.234 ; gain = 0.000

Phase 3.7 Pipeline Register Optimization
Phase 3.7 Pipeline Register Optimization | Checksum: 2a74a3b3b

Time (s): cpu = 00:00:14 ; elapsed = 00:00:10 . Memory (MB): peak = 1482.234 ; gain = 0.000
Phase 3 Detail Placement | Checksum: 2a74a3b3b

Time (s): cpu = 00:00:14 ; elapsed = 00:00:10 . Memory (MB): peak = 1482.234 ; gain = 0.000

Phase 4 Post Placement Optimization and Clean-Up

Phase 4.1 Post Commit Optimization
INFO: [Timing 38-35] Done setting XDC timing constraints.

Phase 4.1.1 Post Placement Optimization
Post Placement Optimization Initialization | Checksum: 169cb5c75

Phase 4.1.1.1 BUFG Insertion
INFO: [Place 46-31] BUFG insertion identified 0 candidate nets, 0 success, 0 skipped for placement/routing, 0 skipped for timing, 0 skipped for netlist change reason.
Phase 4.1.1.1 BUFG Insertion | Checksum: 169cb5c75

Time (s): cpu = 00:00:16 ; elapsed = 00:00:11 . Memory (MB): peak = 1482.234 ; gain = 0.000
INFO: [Place 30-746] Post Placement Timing Summary WNS=2.536. For the most accurate timing information please run report_timing.
Phase 4.1.1 Post Placement Optimization | Checksum: 254d306f2

Time (s): cpu = 00:00:16 ; elapsed = 00:00:11 . Memory (MB): peak = 1482.234 ; gain = 0.000
Phase 4.1 Post Commit Optimization | Checksum: 254d306f2

Time (s): cpu = 00:00:16 ; elapsed = 00:00:11 . Memory (MB): peak = 1482.234 ; gain = 0.000

Phase 4.2 Post Placement Cleanup
Phase 4.2 Post Placement Cleanup | Checksum: 254d306f2

Time (s): cpu = 00:00:16 ; elapsed = 00:00:11 . Memory (MB): peak = 1482.234 ; gain = 0.000

Phase 4.3 Placer Reporting
Phase 4.3 Placer Reporting | Checksum: 254d306f2

Time (s): cpu = 00:00:16 ; elapsed = 00:00:11 . Memory (MB): peak = 1482.234 ; gain = 0.000

Phase 4.4 Final Placement Cleanup
Phase 4.4 Final Placement Cleanup | Checksum: 2c7a6e3e2

Time (s): cpu = 00:00:16 ; elapsed = 00:00:11 . Memory (MB): peak = 1482.234 ; gain = 0.000
Phase 4 Post Placement Optimization and Clean-Up | Checksum: 2c7a6e3e2

Time (s): cpu = 00:00:16 ; elapsed = 00:00:11 . Memory (MB): peak = 1482.234 ; gain = 0.000
Ending Placer Task | Checksum: 1dc3bf5ef

Time (s): cpu = 00:00:16 ; elapsed = 00:00:11 . Memory (MB): peak = 1482.234 ; gain = 0.000
INFO: [Common 17-83] Releasing license: Implementation
71 Infos, 1 Warnings, 0 Critical Warnings and 0 Errors encountered.
place_design completed successfully
place_design: Time (s): cpu = 00:00:18 ; elapsed = 00:00:12 . Memory (MB): peak = 1482.234 ; gain = 0.000
INFO: [Timing 38-480] Writing timing data to binary archive.
Writing placer database...
Writing XDEF routing.
Writing XDEF routing logical nets.
Writing XDEF routing special nets.
Write XDEF Complete: Time (s): cpu = 00:00:01 ; elapsed = 00:00:00.435 . Memory (MB): peak = 1482.234 ; gain = 0.000
INFO: [Common 17-1381] The checkpoint 'D:/depot/Projects/ETF_2021/VIO_Latency/VIO_Latency.runs/impl_1/VIO_Latency_wrapper_placed.dcp' has been generated.
INFO: [runtcl-4] Executing : report_io -file VIO_Latency_wrapper_io_placed.rpt
report_io: Time (s): cpu = 00:00:00 ; elapsed = 00:00:00.032 . Memory (MB): peak = 1482.234 ; gain = 0.000
INFO: [runtcl-4] Executing : report_utilization -file VIO_Latency_wrapper_utilization_placed.rpt -pb VIO_Latency_wrapper_utilization_placed.pb
report_utilization: Time (s): cpu = 00:00:00 ; elapsed = 00:00:00.085 . Memory (MB): peak = 1482.234 ; gain = 0.000
INFO: [runtcl-4] Executing : report_control_sets -verbose -file VIO_Latency_wrapper_control_sets_placed.rpt
report_control_sets: Time (s): cpu = 00:00:00 ; elapsed = 00:00:00.042 . Memory (MB): peak = 1482.234 ; gain = 0.000
Command: route_design
Attempting to get a license for feature 'Implementation' and/or device 'xc7z010'
INFO: [Common 17-349] Got license for feature 'Implementation' and/or device 'xc7z010'
Running DRC as a precondition to command route_design
INFO: [DRC 23-27] Running DRC with 2 threads
INFO: [Vivado_Tcl 4-198] DRC finished with 0 Errors
INFO: [Vivado_Tcl 4-199] Please refer to the DRC report (report_drc) for more information.


Starting Routing Task
INFO: [Route 35-254] Multithreading enabled for route_design using a maximum of 2 CPUs
Checksum: PlaceDB: fbe032af ConstDB: 0 ShapeSum: e05bc340 RouteDB: 0

Phase 1 Build RT Design
Phase 1 Build RT Design | Checksum: 1a0ef81b2

Time (s): cpu = 00:00:13 ; elapsed = 00:00:12 . Memory (MB): peak = 1482.234 ; gain = 0.000
Post Restoration Checksum: NetGraph: e246b8e0 NumContArr: bea8c8d2 Constraints: 0 Timing: 0

Phase 2 Router Initialization

Phase 2.1 Create Timer
Phase 2.1 Create Timer | Checksum: 1a0ef81b2

Time (s): cpu = 00:00:13 ; elapsed = 00:00:12 . Memory (MB): peak = 1482.234 ; gain = 0.000

Phase 2.2 Fix Topology Constraints
Phase 2.2 Fix Topology Constraints | Checksum: 1a0ef81b2

Time (s): cpu = 00:00:13 ; elapsed = 00:00:12 . Memory (MB): peak = 1482.234 ; gain = 0.000

Phase 2.3 Pre Route Cleanup
Phase 2.3 Pre Route Cleanup | Checksum: 1a0ef81b2

Time (s): cpu = 00:00:13 ; elapsed = 00:00:12 . Memory (MB): peak = 1482.234 ; gain = 0.000
 Number of Nodes with overlaps = 0

Phase 2.4 Update Timing
Phase 2.4 Update Timing | Checksum: 1fcddc78f

Time (s): cpu = 00:00:15 ; elapsed = 00:00:13 . Memory (MB): peak = 1482.234 ; gain = 0.000
INFO: [Route 35-416] Intermediate Timing Summary | WNS=2.645  | TNS=0.000  | WHS=-0.203 | THS=-176.188|


Phase 2.5 Update Timing for Bus Skew

Phase 2.5.1 Update Timing
Phase 2.5.1 Update Timing | Checksum: 22be513c7

Time (s): cpu = 00:00:17 ; elapsed = 00:00:14 . Memory (MB): peak = 1482.234 ; gain = 0.000
INFO: [Route 35-416] Intermediate Timing Summary | WNS=2.645  | TNS=0.000  | WHS=N/A    | THS=N/A    |

Phase 2.5 Update Timing for Bus Skew | Checksum: 275ef3217

Time (s): cpu = 00:00:17 ; elapsed = 00:00:14 . Memory (MB): peak = 1482.234 ; gain = 0.000
Phase 2 Router Initialization | Checksum: 264b13e25

Time (s): cpu = 00:00:17 ; elapsed = 00:00:14 . Memory (MB): peak = 1482.234 ; gain = 0.000

Phase 3 Initial Routing
Phase 3 Initial Routing | Checksum: 1521a2531

Time (s): cpu = 00:00:18 ; elapsed = 00:00:15 . Memory (MB): peak = 1482.234 ; gain = 0.000

Phase 4 Rip-up And Reroute

Phase 4.1 Global Iteration 0
 Number of Nodes with overlaps = 678
 Number of Nodes with overlaps = 65
 Number of Nodes with overlaps = 5
 Number of Nodes with overlaps = 1
 Number of Nodes with overlaps = 0
INFO: [Route 35-416] Intermediate Timing Summary | WNS=1.561  | TNS=0.000  | WHS=N/A    | THS=N/A    |

Phase 4.1 Global Iteration 0 | Checksum: 17f977725

Time (s): cpu = 00:00:21 ; elapsed = 00:00:17 . Memory (MB): peak = 1482.234 ; gain = 0.000

Phase 4.2 Global Iteration 1
 Number of Nodes with overlaps = 2
 Number of Nodes with overlaps = 0
INFO: [Route 35-416] Intermediate Timing Summary | WNS=1.561  | TNS=0.000  | WHS=N/A    | THS=N/A    |

Phase 4.2 Global Iteration 1 | Checksum: 285559b13

Time (s): cpu = 00:00:22 ; elapsed = 00:00:17 . Memory (MB): peak = 1482.234 ; gain = 0.000
Phase 4 Rip-up And Reroute | Checksum: 285559b13

Time (s): cpu = 00:00:22 ; elapsed = 00:00:17 . Memory (MB): peak = 1482.234 ; gain = 0.000

Phase 5 Delay and Skew Optimization

Phase 5.1 Delay CleanUp
Phase 5.1 Delay CleanUp | Checksum: 285559b13

Time (s): cpu = 00:00:22 ; elapsed = 00:00:17 . Memory (MB): peak = 1482.234 ; gain = 0.000

Phase 5.2 Clock Skew Optimization
Phase 5.2 Clock Skew Optimization | Checksum: 285559b13

Time (s): cpu = 00:00:22 ; elapsed = 00:00:17 . Memory (MB): peak = 1482.234 ; gain = 0.000
Phase 5 Delay and Skew Optimization | Checksum: 285559b13

Time (s): cpu = 00:00:22 ; elapsed = 00:00:17 . Memory (MB): peak = 1482.234 ; gain = 0.000

Phase 6 Post Hold Fix

Phase 6.1 Hold Fix Iter

Phase 6.1.1 Update Timing
Phase 6.1.1 Update Timing | Checksum: 225fa4d58

Time (s): cpu = 00:00:22 ; elapsed = 00:00:17 . Memory (MB): peak = 1482.234 ; gain = 0.000
INFO: [Route 35-416] Intermediate Timing Summary | WNS=1.676  | TNS=0.000  | WHS=0.030  | THS=0.000  |

Phase 6.1 Hold Fix Iter | Checksum: 1e048686a

Time (s): cpu = 00:00:22 ; elapsed = 00:00:17 . Memory (MB): peak = 1482.234 ; gain = 0.000
Phase 6 Post Hold Fix | Checksum: 1e048686a

Time (s): cpu = 00:00:22 ; elapsed = 00:00:17 . Memory (MB): peak = 1482.234 ; gain = 0.000

Phase 7 Route finalize

Router Utilization Summary
  Global Vertical Routing Utilization    = 2.73184 %
  Global Horizontal Routing Utilization  = 3.88029 %
  Routable Net Status*
  *Does not include unroutable nets such as driverless and loadless.
  Run report_route_status for detailed report.
  Number of Failed Nets               = 0
  Number of Unrouted Nets             = 0
  Number of Partially Routed Nets     = 0
  Number of Node Overlaps             = 0

Phase 7 Route finalize | Checksum: 1e048686a

Time (s): cpu = 00:00:22 ; elapsed = 00:00:17 . Memory (MB): peak = 1482.234 ; gain = 0.000

Phase 8 Verifying routed nets

 Verification completed successfully
Phase 8 Verifying routed nets | Checksum: 1e048686a

Time (s): cpu = 00:00:22 ; elapsed = 00:00:17 . Memory (MB): peak = 1482.234 ; gain = 0.000

Phase 9 Depositing Routes
Phase 9 Depositing Routes | Checksum: 194c7ef43

Time (s): cpu = 00:00:23 ; elapsed = 00:00:18 . Memory (MB): peak = 1482.234 ; gain = 0.000

Phase 10 Post Router Timing
INFO: [Route 35-57] Estimated Timing Summary | WNS=1.676  | TNS=0.000  | WHS=0.030  | THS=0.000  |

INFO: [Route 35-327] The final timing numbers are based on the router estimated timing analysis. For a complete and accurate timing signoff, please run report_timing_summary.
Phase 10 Post Router Timing | Checksum: 194c7ef43

Time (s): cpu = 00:00:23 ; elapsed = 00:00:18 . Memory (MB): peak = 1482.234 ; gain = 0.000
INFO: [Route 35-16] Router Completed Successfully

Time (s): cpu = 00:00:23 ; elapsed = 00:00:18 . Memory (MB): peak = 1482.234 ; gain = 0.000

Routing Is Done.
INFO: [Common 17-83] Releasing license: Implementation
90 Infos, 1 Warnings, 0 Critical Warnings and 0 Errors encountered.
route_design completed successfully
route_design: Time (s): cpu = 00:00:25 ; elapsed = 00:00:19 . Memory (MB): peak = 1482.234 ; gain = 0.000
INFO: [Timing 38-480] Writing timing data to binary archive.
Writing placer database...
Writing XDEF routing.
Writing XDEF routing logical nets.
Writing XDEF routing special nets.
Write XDEF Complete: Time (s): cpu = 00:00:02 ; elapsed = 00:00:00.542 . Memory (MB): peak = 1482.234 ; gain = 0.000
INFO: [Common 17-1381] The checkpoint 'D:/depot/Projects/ETF_2021/VIO_Latency/VIO_Latency.runs/impl_1/VIO_Latency_wrapper_routed.dcp' has been generated.
INFO: [runtcl-4] Executing : report_drc -file VIO_Latency_wrapper_drc_routed.rpt -pb VIO_Latency_wrapper_drc_routed.pb -rpx VIO_Latency_wrapper_drc_routed.rpx
Command: report_drc -file VIO_Latency_wrapper_drc_routed.rpt -pb VIO_Latency_wrapper_drc_routed.pb -rpx VIO_Latency_wrapper_drc_routed.rpx
INFO: [IP_Flow 19-1839] IP Catalog is up to date.
INFO: [DRC 23-27] Running DRC with 2 threads
INFO: [Coretcl 2-168] The results of DRC are in file D:/depot/Projects/ETF_2021/VIO_Latency/VIO_Latency.runs/impl_1/VIO_Latency_wrapper_drc_routed.rpt.
report_drc completed successfully
INFO: [runtcl-4] Executing : report_methodology -file VIO_Latency_wrapper_methodology_drc_routed.rpt -pb VIO_Latency_wrapper_methodology_drc_routed.pb -rpx VIO_Latency_wrapper_methodology_drc_routed.rpx
Command: report_methodology -file VIO_Latency_wrapper_methodology_drc_routed.rpt -pb VIO_Latency_wrapper_methodology_drc_routed.pb -rpx VIO_Latency_wrapper_methodology_drc_routed.rpx
INFO: [Timing 38-35] Done setting XDC timing constraints.
INFO: [Timing 38-35] Done setting XDC timing constraints.
INFO: [DRC 23-133] Running Methodology with 2 threads
INFO: [Coretcl 2-1520] The results of Report Methodology are in file D:/depot/Projects/ETF_2021/VIO_Latency/VIO_Latency.runs/impl_1/VIO_Latency_wrapper_methodology_drc_routed.rpt.
report_methodology completed successfully
INFO: [runtcl-4] Executing : report_power -file VIO_Latency_wrapper_power_routed.rpt -pb VIO_Latency_wrapper_power_summary_routed.pb -rpx VIO_Latency_wrapper_power_routed.rpx
Command: report_power -file VIO_Latency_wrapper_power_routed.rpt -pb VIO_Latency_wrapper_power_summary_routed.pb -rpx VIO_Latency_wrapper_power_routed.rpx
INFO: [Timing 38-35] Done setting XDC timing constraints.
Running Vector-less Activity Propagation...

Finished Running Vector-less Activity Propagation
103 Infos, 1 Warnings, 0 Critical Warnings and 0 Errors encountered.
report_power completed successfully
INFO: [runtcl-4] Executing : report_route_status -file VIO_Latency_wrapper_route_status.rpt -pb VIO_Latency_wrapper_route_status.pb
INFO: [runtcl-4] Executing : report_timing_summary -max_paths 10 -file VIO_Latency_wrapper_timing_summary_routed.rpt -pb VIO_Latency_wrapper_timing_summary_routed.pb -rpx VIO_Latency_wrapper_timing_summary_routed.rpx -warn_on_violation 
INFO: [Timing 38-91] UpdateTimingParams: Speed grade: -1, Delay Type: min_max, Timing Stage: Requireds.
INFO: [Timing 38-191] Multithreading enabled for timing update using a maximum of 2 CPUs
WARNING: [Timing 38-436] There are set_bus_skew constraint(s) in this design. Please run report_bus_skew to ensure that bus skew requirements are met.
INFO: [runtcl-4] Executing : report_incremental_reuse -file VIO_Latency_wrapper_incremental_reuse_routed.rpt
INFO: [Vivado_Tcl 4-545] No incremental reuse to report, no incremental placement and routing data was found.
INFO: [runtcl-4] Executing : report_clock_utilization -file VIO_Latency_wrapper_clock_utilization_routed.rpt
INFO: [runtcl-4] Executing : report_bus_skew -warn_on_violation -file VIO_Latency_wrapper_bus_skew_routed.rpt -pb VIO_Latency_wrapper_bus_skew_routed.pb -rpx VIO_Latency_wrapper_bus_skew_routed.rpx
INFO: [Timing 38-91] UpdateTimingParams: Speed grade: -1, Delay Type: min_max, Timing Stage: Requireds.
INFO: [Timing 38-191] Multithreading enabled for timing update using a maximum of 2 CPUs
INFO: [Common 17-206] Exiting Vivado at Sat Jun 19 14:16:33 2021...

*** Running vivado
    with args -log VIO_Latency_wrapper.vdi -applog -m64 -product Vivado -messageDb vivado.pb -mode batch -source VIO_Latency_wrapper.tcl -notrace


****** Vivado v2018.2 (64-bit)
  **** SW Build 2258646 on Thu Jun 14 20:03:12 MDT 2018
  **** IP Build 2256618 on Thu Jun 14 22:10:49 MDT 2018
    ** Copyright 1986-2018 Xilinx, Inc. All Rights Reserved.

source VIO_Latency_wrapper.tcl -notrace
Command: open_checkpoint VIO_Latency_wrapper_routed.dcp

Starting open_checkpoint Task

Time (s): cpu = 00:00:00 ; elapsed = 00:00:00.026 . Memory (MB): peak = 224.977 ; gain = 0.000
INFO: [Netlist 29-17] Analyzing 510 Unisim elements for replacement
INFO: [Netlist 29-28] Unisim Transformation completed in 1 CPU seconds
INFO: [Project 1-479] Netlist was created with Vivado 2018.2
INFO: [Device 21-403] Loading part xc7z010clg400-1
INFO: [Project 1-570] Preparing netlist for logic optimization
INFO: [Timing 38-478] Restoring timing data from binary archive.
INFO: [Timing 38-479] Binary timing data restore complete.
INFO: [Project 1-856] Restoring constraints from binary archive.
INFO: [Project 1-853] Binary constraint restore complete.
Reading XDEF placement.
Reading placer database...
Reading XDEF routing.
Read XDEF File: Time (s): cpu = 00:00:01 ; elapsed = 00:00:00.553 . Memory (MB): peak = 1121.789 ; gain = 0.000
Restored from archive | CPU: 1.000000 secs | Memory: 0.000000 MB |
Finished XDEF File Restore: Time (s): cpu = 00:00:01 ; elapsed = 00:00:00.553 . Memory (MB): peak = 1121.789 ; gain = 0.000
INFO: [Project 1-111] Unisim Transformation Summary:
  A total of 226 instances were transformed.
  CFGLUT5 => CFGLUT5 (SRLC32E, SRL16E): 188 instances
  RAM32M => RAM32M (RAMD32, RAMD32, RAMD32, RAMD32, RAMD32, RAMD32, RAMS32, RAMS32): 6 instances
  RAM64M => RAM64M (RAMD64E, RAMD64E, RAMD64E, RAMD64E): 32 instances

INFO: [Project 1-604] Checkpoint was created with Vivado v2018.2 (64-bit) build 2258646
open_checkpoint: Time (s): cpu = 00:00:16 ; elapsed = 00:00:19 . Memory (MB): peak = 1121.789 ; gain = 904.816
Command: write_bitstream -force VIO_Latency_wrapper.bit
Attempting to get a license for feature 'Implementation' and/or device 'xc7z010'
INFO: [Common 17-349] Got license for feature 'Implementation' and/or device 'xc7z010'
Running DRC as a precondition to command write_bitstream
INFO: [IP_Flow 19-234] Refreshing IP repositories
INFO: [IP_Flow 19-1704] No user IP repositories specified
INFO: [IP_Flow 19-2313] Loaded Vivado IP repository 'C:/Xilinx/Vivado/2018.2/data/ip'.
INFO: [DRC 23-27] Running DRC with 2 threads
WARNING: [DRC RTSTAT-10] No routable loads: 21 net(s) have no routable loads. The problem bus(es) and/or net(s) are dbg_hub/inst/BSCANID.u_xsdbm_id/CORE_XSDB.UUT_MASTER/U_ICON_INTERFACE/U_CMD6_RD/U_RD_FIFO/SUBCORE_FIFO.xsdbm_v3_0_0_rdfifo_inst/inst_fifo_gen/gconvfifo.rf/grf.rf/gntv_or_sync_fifo.gl0.rd/gr1.gr1_int.rfwft/aempty_fwft_i, dbg_hub/inst/BSCANID.u_xsdbm_id/CORE_XSDB.UUT_MASTER/U_ICON_INTERFACE/U_CMD7_CTL/ctl_reg[2:0], dbg_hub/inst/BSCANID.u_xsdbm_id/CORE_XSDB.UUT_MASTER/U_ICON_INTERFACE/U_CMD7_CTL/ctl_reg_en_2[1], dbg_hub/inst/BSCANID.u_xsdbm_id/CORE_XSDB.UUT_MASTER/U_ICON_INTERFACE/U_CMD1/ctl_reg_en_2[1], dbg_hub/inst/BSCANID.u_xsdbm_id/SWITCH_N_EXT_BSCAN.bscan_switch/m_bscan_capture[0], dbg_hub/inst/BSCANID.u_xsdbm_id/SWITCH_N_EXT_BSCAN.bscan_switch/m_bscan_drck[0], dbg_hub/inst/BSCANID.u_xsdbm_id/SWITCH_N_EXT_BSCAN.bscan_switch/m_bscan_runtest[0], dbg_hub/inst/BSCANID.u_xsdbm_id/CORE_XSDB.UUT_MASTER/U_ICON_INTERFACE/U_CMD6_RD/U_RD_FIFO/SUBCORE_FIFO.xsdbm_v3_0_0_rdfifo_inst/inst_fifo_gen/gconvfifo.rf/grf.rf/gntv_or_sync_fifo.gl0.wr/gwhf.whf/overflow, dbg_hub/inst/BSCANID.u_xsdbm_id/CORE_XSDB.UUT_MASTER/U_ICON_INTERFACE/U_CMD6_WR/U_WR_FIFO/SUBCORE_FIFO.xsdbm_v3_0_0_wrfifo_inst/inst_fifo_gen/gconvfifo.rf/grf.rf/gntv_or_sync_fifo.gl0.wr/gwhf.whf/overflow, dbg_hub/inst/BSCANID.u_xsdbm_id/CORE_XSDB.UUT_MASTER/U_ICON_INTERFACE/U_CMD6_RD/U_RD_FIFO/SUBCORE_FIFO.xsdbm_v3_0_0_rdfifo_inst/inst_fifo_gen/gconvfifo.rf/grf.rf/gntv_or_sync_fifo.gl0.rd/gras.rsts/ram_empty_i, dbg_hub/inst/BSCANID.u_xsdbm_id/CORE_XSDB.UUT_MASTER/U_ICON_INTERFACE/U_CMD6_WR/U_WR_FIFO/SUBCORE_FIFO.xsdbm_v3_0_0_wrfifo_inst/inst_fifo_gen/gconvfifo.rf/grf.rf/gntv_or_sync_fifo.gl0.wr/gwas.wsts/ram_full_i, dbg_hub/inst/BSCANID.u_xsdbm_id/CORE_XSDB.UUT_MASTER/U_ICON_INTERFACE/U_CMD6_WR/U_WR_FIFO/SUBCORE_FIFO.xsdbm_v3_0_0_wrfifo_inst/inst_fifo_gen/gconvfifo.rf/grf.rf/rstblk/rd_rst_reg[0], dbg_hub/inst/BSCANID.u_xsdbm_id/SWITCH_N_EXT_BSCAN.bscan_inst/s_bscan_tms, VIO_Latency_i/ila_0/U0/sync_reg3, VIO_Latency_i/ila_0/U0/trig_out_ack_reg... and (the first 15 of 19 listed).
WARNING: [DRC ZPS7-1] PS7 block required: The PS7 cell must be used in this Zynq design in order to enable correct default configuration.
INFO: [Vivado 12-3199] DRC finished with 0 Errors, 2 Warnings
INFO: [Vivado 12-3200] Please refer to the DRC report (report_drc) for more information.
INFO: [Designutils 20-2272] Running write_bitstream with 2 threads.
Loading data files...
Loading site data...
Loading route data...
Processing options...
Creating bitmap...
Creating bitstream...
Writing bitstream ./VIO_Latency_wrapper.bit...
INFO: [Vivado 12-1842] Bitgen Completed Successfully.
INFO: [Project 1-120] WebTalk data collection is mandatory when using a WebPACK part without a full Vivado license. To see the specific WebTalk data collected for your design, open the usage_statistics_webtalk.html or usage_statistics_webtalk.xml file in the implementation directory.
INFO: [Common 17-83] Releasing license: Implementation
22 Infos, 2 Warnings, 0 Critical Warnings and 0 Errors encountered.
write_bitstream completed successfully
write_bitstream: Time (s): cpu = 00:00:15 ; elapsed = 00:00:13 . Memory (MB): peak = 1590.738 ; gain = 468.949
INFO: [Common 17-206] Exiting Vivado at Sat Jun 19 14:17:25 2021...
