Copyright 1986-2018 Xilinx, Inc. All Rights Reserved.
------------------------------------------------------------------------------------
| Tool Version : Vivado v.2018.3 (win64) Build 2405991 Thu Dec  6 23:38:27 MST 2018
| Date         : Wed May 31 20:30:32 2023
| Host         : robertPC running 64-bit major release  (build 9200)
| Command      : upgrade_ip
| Device       : xc7z010clg400-1
------------------------------------------------------------------------------------

Upgrade Log for IP 'ILA_Latency_ila_1_0'

1. Summary
----------

SUCCESS in the upgrade of ILA_Latency_ila_1_0 (xilinx.com:ip:ila:6.2) from (Rev. 7) to (Rev. 8)






Copyright 1986-2018 Xilinx, Inc. All Rights Reserved.
------------------------------------------------------------------------------------
| Tool Version : Vivado v.2018.3 (win64) Build 2405991 Thu Dec  6 23:38:27 MST 2018
| Date         : Wed May 31 20:30:32 2023
| Host         : robertPC running 64-bit major release  (build 9200)
| Command      : upgrade_ip
| Device       : xc7z010clg400-1
------------------------------------------------------------------------------------

Upgrade Log for IP 'ILA_Latency_ila_0_0'

1. Summary
----------

SUCCESS in the upgrade of ILA_Latency_ila_0_0 (xilinx.com:ip:ila:6.2) from (Rev. 7) to (Rev. 8)






Copyright 1986-2018 Xilinx, Inc. All Rights Reserved.
------------------------------------------------------------------------------------
| Tool Version : Vivado v.2018.3 (win64) Build 2405991 Thu Dec  6 23:38:27 MST 2018
| Date         : Wed May 31 20:30:32 2023
| Host         : robertPC running 64-bit major release  (build 9200)
| Command      : upgrade_ip
| Device       : xc7z010clg400-1
------------------------------------------------------------------------------------

Upgrade Log for IP 'ILA_Latency_clk_wiz_0_0'

1. Summary
----------

SUCCESS in the upgrade of ILA_Latency_clk_wiz_0_0 (xilinx.com:ip:clk_wiz:6.0) from (Rev. 1) to (Rev. 2)






Copyright 1986-2018 Xilinx, Inc. All Rights Reserved.
------------------------------------------------------------------------------------
| Tool Version : Vivado v.2018.2 (win64) Build 2258646 Thu Jun 14 20:03:12 MDT 2018
| Date         : Thu Jun  3 13:07:50 2021
| Host         : DESKTOP-JGEC92R running 64-bit major release  (build 9200)
| Command      : upgrade_ip
| Device       : xc7z010clg400-1
------------------------------------------------------------------------------------

Upgrade Log for IP 'ILA_Latency_clk_wiz_0_0'

1. Summary
----------

SUCCESS in the conversion of ILA_Latency_clk_wiz_0_0 (xilinx.com:ip:clk_wiz:6.0 (Rev. 1)) to Vivado generation flows.

