12:43:03 INFO  : Registering command handlers for SDK TCF services
12:43:03 INFO  : Launching XSCT server: xsct.bat -interactive C:\Users\Robert\xilinx_projects\ILA_Trigger\ILA_Trigger.sdk\temp_xsdb_launch_script.tcl
12:43:05 INFO  : XSCT server has started successfully.
12:43:06 INFO  : Successfully done setting XSCT server connection channel  
12:43:06 INFO  : Processing command line option -hwspec C:/Users/Robert/xilinx_projects/ILA_Trigger/ILA_Trigger.sdk/ILA_Trigger_wrapper.hdf.
12:43:06 INFO  : Successfully done setting SDK workspace  
12:54:11 INFO  : Launching XSCT server: xsct.bat -interactive C:\Users\Robert\xilinx_projects\ILA_Trigger\ILA_Trigger.sdk\temp_xsdb_launch_script.tcl
12:54:13 INFO  : XSCT server has started successfully.
12:54:16 INFO  : Successfully done setting XSCT server connection channel  
12:54:16 INFO  : Successfully done setting SDK workspace  
12:54:18 INFO  : Registering command handlers for SDK TCF services
12:54:19 INFO  : Processing command line option -hwspec C:/Users/Robert/xilinx_projects/ILA_Trigger/ILA_Trigger.sdk/ILA_Trigger_wrapper.hdf.
12:54:19 INFO  : Checking for hwspec changes in the project ILA_Trigger_wrapper_hw_platform_0.
13:00:17 INFO  : Registering command handlers for SDK TCF services
13:00:17 INFO  : Launching XSCT server: xsct.bat -interactive C:\Users\Robert\xilinx_projects\ILA_Trigger\ILA_Trigger.sdk\temp_xsdb_launch_script.tcl
13:00:19 INFO  : XSCT server has started successfully.
13:00:19 INFO  : Successfully done setting XSCT server connection channel  
13:00:19 INFO  : Processing command line option -hwspec C:/Users/Robert/xilinx_projects/ILA_Trigger/ILA_Trigger.sdk/ILA_Trigger_wrapper.hdf.
13:00:19 INFO  : Successfully done setting SDK workspace  
13:00:19 INFO  : Checking for hwspec changes in the project ILA_Trigger_wrapper_hw_platform_0.
13:17:15 INFO  : 'targets -set -filter {jtag_cable_name =~ "Digilent Zybo 210279772227A" && level==0} -index 1' command is executed.
13:17:15 INFO  : 'fpga -state' command is executed.
13:17:15 INFO  : Connected to target on host '127.0.0.1' and port '3121'.
13:17:16 INFO  : Jtag cable 'Digilent Zybo 210279772227A' is selected.
13:17:16 INFO  : 'jtag frequency' command is executed.
13:17:16 INFO  : Sourcing of 'C:/Users/Robert/xilinx_projects/ILA_Trigger/ILA_Trigger.sdk/ILA_Trigger_wrapper_hw_platform_0/ps7_init.tcl' is done.
13:17:16 INFO  : Context for 'APU' is selected.
13:17:16 INFO  : Hardware design information is loaded from 'C:/Users/Robert/xilinx_projects/ILA_Trigger/ILA_Trigger.sdk/ILA_Trigger_wrapper_hw_platform_0/system.hdf'.
13:17:16 INFO  : 'configparams force-mem-access 1' command is executed.
13:17:16 INFO  : Context for 'APU' is selected.
13:17:16 INFO  : 'stop' command is executed.
13:17:16 INFO  : 'ps7_init' command is executed.
13:17:16 INFO  : 'ps7_post_config' command is executed.
13:17:16 INFO  : Context for processor 'ps7_cortexa9_0' is selected.
13:17:16 INFO  : Processor reset is completed for 'ps7_cortexa9_0'.
13:17:17 INFO  : Context for processor 'ps7_cortexa9_0' is selected.
13:17:17 INFO  : The application 'C:/Users/Robert/xilinx_projects/ILA_Trigger/ILA_Trigger.sdk/ILA_Trigger/Debug/ILA_Trigger.elf' is downloaded to processor 'ps7_cortexa9_0'.
13:17:17 INFO  : 'configparams force-mem-access 0' command is executed.
13:17:17 INFO  : ----------------XSDB Script----------------
connect -url tcp:127.0.0.1:3121
source C:/Users/Robert/xilinx_projects/ILA_Trigger/ILA_Trigger.sdk/ILA_Trigger_wrapper_hw_platform_0/ps7_init.tcl
targets -set -nocase -filter {name =~"APU*" && jtag_cable_name =~ "Digilent Zybo 210279772227A"} -index 0
loadhw -hw C:/Users/Robert/xilinx_projects/ILA_Trigger/ILA_Trigger.sdk/ILA_Trigger_wrapper_hw_platform_0/system.hdf -mem-ranges [list {0x40000000 0xbfffffff}]
configparams force-mem-access 1
targets -set -nocase -filter {name =~"APU*" && jtag_cable_name =~ "Digilent Zybo 210279772227A"} -index 0
stop
ps7_init
ps7_post_config
targets -set -nocase -filter {name =~ "ARM*#0" && jtag_cable_name =~ "Digilent Zybo 210279772227A"} -index 0
rst -processor
targets -set -nocase -filter {name =~ "ARM*#0" && jtag_cable_name =~ "Digilent Zybo 210279772227A"} -index 0
dow C:/Users/Robert/xilinx_projects/ILA_Trigger/ILA_Trigger.sdk/ILA_Trigger/Debug/ILA_Trigger.elf
configparams force-mem-access 0
----------------End of Script----------------

13:53:38 INFO  : Disconnected from the channel tcfchan#1.
