
*** Running vivado
    with args -log Injector_Characterization_AXI_Injector_0_1.vds -m64 -product Vivado -mode batch -messageDb vivado.pb -notrace -source Injector_Characterization_AXI_Injector_0_1.tcl


****** Vivado v2018.2 (64-bit)
  **** SW Build 2258646 on Thu Jun 14 20:03:12 MDT 2018
  **** IP Build 2256618 on Thu Jun 14 22:10:49 MDT 2018
    ** Copyright 1986-2018 Xilinx, Inc. All Rights Reserved.

source Injector_Characterization_AXI_Injector_0_1.tcl -notrace
Command: synth_design -top Injector_Characterization_AXI_Injector_0_1 -part xc7z010clg400-1 -mode out_of_context
Starting synth_design
Attempting to get a license for feature 'Synthesis' and/or device 'xc7z010'
INFO: [Common 17-349] Got license for feature 'Synthesis' and/or device 'xc7z010'
INFO: Launching helper process for spawning children vivado processes
INFO: Helper process launched with PID 12348 
---------------------------------------------------------------------------------
Starting RTL Elaboration : Time (s): cpu = 00:00:02 ; elapsed = 00:00:02 . Memory (MB): peak = 377.008 ; gain = 100.938
---------------------------------------------------------------------------------
INFO: [Synth 8-638] synthesizing module 'Injector_Characterization_AXI_Injector_0_1' [c:/Users/Robert/xilinx_projects/Injector_Characterization/Injector_Characterization.srcs/sources_1/bd/Injector_Characterization/ip/Injector_Characterization_AXI_Injector_0_1/synth/Injector_Characterization_AXI_Injector_0_1.vhd:107]
	Parameter C_S00_AXI_ID_WIDTH bound to: 12 - type: integer 
	Parameter C_S00_AXI_DATA_WIDTH bound to: 32 - type: integer 
	Parameter C_S00_AXI_ADDR_WIDTH bound to: 6 - type: integer 
	Parameter C_S00_AXI_AWUSER_WIDTH bound to: 0 - type: integer 
	Parameter C_S00_AXI_ARUSER_WIDTH bound to: 0 - type: integer 
	Parameter C_S00_AXI_WUSER_WIDTH bound to: 0 - type: integer 
	Parameter C_S00_AXI_RUSER_WIDTH bound to: 0 - type: integer 
	Parameter C_S00_AXI_BUSER_WIDTH bound to: 0 - type: integer 
	Parameter C_S00_FIFO_FULL_THRESH bound to: 65436 - type: integer 
	Parameter C_S00_FIFO_EMPTY_THRESH bound to: 100 - type: integer 
	Parameter C_S00_FIFO_DEPTH bound to: 65536 - type: integer 
INFO: [Synth 8-3491] module 'TestMultiReg_v1_0' declared at 'c:/Users/Robert/xilinx_projects/Injector_Characterization/Injector_Characterization.srcs/sources_1/bd/Injector_Characterization/ipshared/0beb/hdl/TestMultiReg_v1_0.vhd:5' bound to instance 'U0' of component 'TestMultiReg_v1_0' [c:/Users/Robert/xilinx_projects/Injector_Characterization/Injector_Characterization.srcs/sources_1/bd/Injector_Characterization/ip/Injector_Characterization_AXI_Injector_0_1/synth/Injector_Characterization_AXI_Injector_0_1.vhd:234]
INFO: [Synth 8-638] synthesizing module 'TestMultiReg_v1_0' [c:/Users/Robert/xilinx_projects/Injector_Characterization/Injector_Characterization.srcs/sources_1/bd/Injector_Characterization/ipshared/0beb/hdl/TestMultiReg_v1_0.vhd:85]
	Parameter C_S00_AXI_ID_WIDTH bound to: 12 - type: integer 
	Parameter C_S00_AXI_DATA_WIDTH bound to: 32 - type: integer 
	Parameter C_S00_AXI_ADDR_WIDTH bound to: 6 - type: integer 
	Parameter C_S00_AXI_AWUSER_WIDTH bound to: 0 - type: integer 
	Parameter C_S00_AXI_ARUSER_WIDTH bound to: 0 - type: integer 
	Parameter C_S00_AXI_WUSER_WIDTH bound to: 0 - type: integer 
	Parameter C_S00_AXI_RUSER_WIDTH bound to: 0 - type: integer 
	Parameter C_S00_AXI_BUSER_WIDTH bound to: 0 - type: integer 
	Parameter C_S00_FIFO_DEPTH bound to: 65536 - type: integer 
	Parameter C_S00_FIFO_FULL_THRESH bound to: 65436 - type: integer 
	Parameter C_S00_FIFO_EMPTY_THRESH bound to: 100 - type: integer 
WARNING: [Synth 8-506] null port 's00_axi_awuser' ignored [c:/Users/Robert/xilinx_projects/Injector_Characterization/Injector_Characterization.srcs/sources_1/bd/Injector_Characterization/ipshared/0beb/hdl/TestMultiReg_v1_0.vhd:48]
WARNING: [Synth 8-506] null port 's00_axi_wuser' ignored [c:/Users/Robert/xilinx_projects/Injector_Characterization/Injector_Characterization.srcs/sources_1/bd/Injector_Characterization/ipshared/0beb/hdl/TestMultiReg_v1_0.vhd:54]
WARNING: [Synth 8-506] null port 's00_axi_buser' ignored [c:/Users/Robert/xilinx_projects/Injector_Characterization/Injector_Characterization.srcs/sources_1/bd/Injector_Characterization/ipshared/0beb/hdl/TestMultiReg_v1_0.vhd:59]
WARNING: [Synth 8-506] null port 's00_axi_aruser' ignored [c:/Users/Robert/xilinx_projects/Injector_Characterization/Injector_Characterization.srcs/sources_1/bd/Injector_Characterization/ipshared/0beb/hdl/TestMultiReg_v1_0.vhd:72]
WARNING: [Synth 8-506] null port 's00_axi_ruser' ignored [c:/Users/Robert/xilinx_projects/Injector_Characterization/Injector_Characterization.srcs/sources_1/bd/Injector_Characterization/ipshared/0beb/hdl/TestMultiReg_v1_0.vhd:79]
	Parameter C_S_AXI_ID_WIDTH bound to: 12 - type: integer 
	Parameter C_S_AXI_DATA_WIDTH bound to: 32 - type: integer 
	Parameter C_S_AXI_ADDR_WIDTH bound to: 6 - type: integer 
	Parameter C_S_AXI_AWUSER_WIDTH bound to: 0 - type: integer 
	Parameter C_S_AXI_ARUSER_WIDTH bound to: 0 - type: integer 
	Parameter C_S_AXI_WUSER_WIDTH bound to: 0 - type: integer 
	Parameter C_S_AXI_RUSER_WIDTH bound to: 0 - type: integer 
	Parameter C_S_AXI_BUSER_WIDTH bound to: 0 - type: integer 
	Parameter C_S00_FIFO_DEPTH bound to: 65536 - type: integer 
	Parameter C_S00_FIFO_FULL_THRESH bound to: 65436 - type: integer 
	Parameter C_S00_FIFO_EMPTY_THRESH bound to: 100 - type: integer 
WARNING: [Synth 8-506] null port 'S_AXI_AWUSER' ignored [c:/Users/Robert/xilinx_projects/Injector_Characterization/Injector_Characterization.srcs/sources_1/bd/Injector_Characterization/ipshared/0beb/hdl/TestMultiReg_v1_0.vhd:122]
WARNING: [Synth 8-506] null port 'S_AXI_WUSER' ignored [c:/Users/Robert/xilinx_projects/Injector_Characterization/Injector_Characterization.srcs/sources_1/bd/Injector_Characterization/ipshared/0beb/hdl/TestMultiReg_v1_0.vhd:128]
WARNING: [Synth 8-506] null port 'S_AXI_BUSER' ignored [c:/Users/Robert/xilinx_projects/Injector_Characterization/Injector_Characterization.srcs/sources_1/bd/Injector_Characterization/ipshared/0beb/hdl/TestMultiReg_v1_0.vhd:133]
WARNING: [Synth 8-506] null port 'S_AXI_ARUSER' ignored [c:/Users/Robert/xilinx_projects/Injector_Characterization/Injector_Characterization.srcs/sources_1/bd/Injector_Characterization/ipshared/0beb/hdl/TestMultiReg_v1_0.vhd:146]
WARNING: [Synth 8-506] null port 'S_AXI_RUSER' ignored [c:/Users/Robert/xilinx_projects/Injector_Characterization/Injector_Characterization.srcs/sources_1/bd/Injector_Characterization/ipshared/0beb/hdl/TestMultiReg_v1_0.vhd:153]
INFO: [Synth 8-3491] module 'TestMultiReg_v1_0_S00_AXI' declared at 'c:/Users/Robert/xilinx_projects/Injector_Characterization/Injector_Characterization.srcs/sources_1/bd/Injector_Characterization/ipshared/0beb/hdl/TestMultiReg_v1_0_S00_AXI.vhd:5' bound to instance 'TestMultiReg_v1_0_S00_AXI_inst' of component 'TestMultiReg_v1_0_S00_AXI' [c:/Users/Robert/xilinx_projects/Injector_Characterization/Injector_Characterization.srcs/sources_1/bd/Injector_Characterization/ipshared/0beb/hdl/TestMultiReg_v1_0.vhd:162]
INFO: [Synth 8-638] synthesizing module 'TestMultiReg_v1_0_S00_AXI' [c:/Users/Robert/xilinx_projects/Injector_Characterization/Injector_Characterization.srcs/sources_1/bd/Injector_Characterization/ipshared/0beb/hdl/TestMultiReg_v1_0_S00_AXI.vhd:177]
	Parameter C_S_AXI_ID_WIDTH bound to: 12 - type: integer 
	Parameter C_S_AXI_DATA_WIDTH bound to: 32 - type: integer 
	Parameter C_S_AXI_ADDR_WIDTH bound to: 6 - type: integer 
	Parameter C_S_AXI_AWUSER_WIDTH bound to: 0 - type: integer 
	Parameter C_S_AXI_ARUSER_WIDTH bound to: 0 - type: integer 
	Parameter C_S_AXI_WUSER_WIDTH bound to: 0 - type: integer 
	Parameter C_S_AXI_RUSER_WIDTH bound to: 0 - type: integer 
	Parameter C_S_AXI_BUSER_WIDTH bound to: 0 - type: integer 
	Parameter C_S00_FIFO_DEPTH bound to: 65536 - type: integer 
	Parameter C_S00_FIFO_FULL_THRESH bound to: 65436 - type: integer 
	Parameter C_S00_FIFO_EMPTY_THRESH bound to: 100 - type: integer 
WARNING: [Synth 8-506] null port 'S_AXI_AWUSER' ignored [c:/Users/Robert/xilinx_projects/Injector_Characterization/Injector_Characterization.srcs/sources_1/bd/Injector_Characterization/ipshared/0beb/hdl/TestMultiReg_v1_0_S00_AXI.vhd:76]
WARNING: [Synth 8-506] null port 'S_AXI_WUSER' ignored [c:/Users/Robert/xilinx_projects/Injector_Characterization/Injector_Characterization.srcs/sources_1/bd/Injector_Characterization/ipshared/0beb/hdl/TestMultiReg_v1_0_S00_AXI.vhd:95]
WARNING: [Synth 8-506] null port 'S_AXI_BUSER' ignored [c:/Users/Robert/xilinx_projects/Injector_Characterization/Injector_Characterization.srcs/sources_1/bd/Injector_Characterization/ipshared/0beb/hdl/TestMultiReg_v1_0_S00_AXI.vhd:109]
WARNING: [Synth 8-506] null port 'S_AXI_ARUSER' ignored [c:/Users/Robert/xilinx_projects/Injector_Characterization/Injector_Characterization.srcs/sources_1/bd/Injector_Characterization/ipshared/0beb/hdl/TestMultiReg_v1_0_S00_AXI.vhd:146]
WARNING: [Synth 8-506] null port 'S_AXI_RUSER' ignored [c:/Users/Robert/xilinx_projects/Injector_Characterization/Injector_Characterization.srcs/sources_1/bd/Injector_Characterization/ipshared/0beb/hdl/TestMultiReg_v1_0_S00_AXI.vhd:167]
	Parameter C_S00_FIFO_DEPTH bound to: 65536 - type: integer 
	Parameter C_S00_FIFO_FULL_THRESH bound to: 65436 - type: integer 
	Parameter C_S00_FIFO_EMPTY_THRESH bound to: 100 - type: integer 
INFO: [Synth 8-3491] module 'fifo_injector' declared at 'c:/Users/Robert/xilinx_projects/Injector_Characterization/Injector_Characterization.srcs/sources_1/bd/Injector_Characterization/ipshared/0beb/src/fifo_injector.vhd:30' bound to instance 'fifo_inst' of component 'fifo_injector' [c:/Users/Robert/xilinx_projects/Injector_Characterization/Injector_Characterization.srcs/sources_1/bd/Injector_Characterization/ipshared/0beb/hdl/TestMultiReg_v1_0_S00_AXI.vhd:703]
INFO: [Synth 8-638] synthesizing module 'fifo_injector' [c:/Users/Robert/xilinx_projects/Injector_Characterization/Injector_Characterization.srcs/sources_1/bd/Injector_Characterization/ipshared/0beb/src/fifo_injector.vhd:55]
	Parameter C_S00_FIFO_DEPTH bound to: 65536 - type: integer 
	Parameter C_S00_FIFO_FULL_THRESH bound to: 65436 - type: integer 
	Parameter C_S00_FIFO_EMPTY_THRESH bound to: 100 - type: integer 
	Parameter FIFO_MEMORY_TYPE bound to: block - type: string 
	Parameter FIFO_WRITE_DEPTH bound to: 65536 - type: integer 
	Parameter RELATED_CLOCKS bound to: 0 - type: integer 
	Parameter WRITE_DATA_WIDTH bound to: 32 - type: integer 
	Parameter READ_MODE bound to: std - type: string 
	Parameter FIFO_READ_LATENCY bound to: 1 - type: integer 
	Parameter FULL_RESET_VALUE bound to: 0 - type: integer 
	Parameter USE_ADV_FEATURES bound to: 0707 - type: string 
	Parameter READ_DATA_WIDTH bound to: 32 - type: integer 
	Parameter CDC_SYNC_STAGES bound to: 2 - type: integer 
	Parameter WR_DATA_COUNT_WIDTH bound to: 1 - type: integer 
	Parameter PROG_FULL_THRESH bound to: 65436 - type: integer 
	Parameter RD_DATA_COUNT_WIDTH bound to: 1 - type: integer 
	Parameter PROG_EMPTY_THRESH bound to: 100 - type: integer 
	Parameter DOUT_RESET_VALUE bound to: 0 - type: string 
	Parameter ECC_MODE bound to: no_ecc - type: string 
	Parameter WAKEUP_TIME bound to: 0 - type: integer 
INFO: [Synth 8-3491] module 'xpm_fifo_async' declared at 'C:/Xilinx/Vivado/2018.2/data/ip/xpm/xpm_fifo/hdl/xpm_fifo.sv:1937' bound to instance 'xpm_fifo_async_inst' of component 'xpm_fifo_async' [c:/Users/Robert/xilinx_projects/Injector_Characterization/Injector_Characterization.srcs/sources_1/bd/Injector_Characterization/ipshared/0beb/src/fifo_injector.vhd:92]
INFO: [Synth 8-6157] synthesizing module 'xpm_fifo_async' [C:/Xilinx/Vivado/2018.2/data/ip/xpm/xpm_fifo/hdl/xpm_fifo.sv:1937]
	Parameter FIFO_MEMORY_TYPE bound to: block - type: string 
	Parameter ECC_MODE bound to: no_ecc - type: string 
	Parameter RELATED_CLOCKS bound to: 0 - type: integer 
	Parameter FIFO_WRITE_DEPTH bound to: 65536 - type: integer 
	Parameter WRITE_DATA_WIDTH bound to: 32 - type: integer 
	Parameter WR_DATA_COUNT_WIDTH bound to: 1 - type: integer 
	Parameter PROG_FULL_THRESH bound to: 65436 - type: integer 
	Parameter FULL_RESET_VALUE bound to: 0 - type: integer 
	Parameter USE_ADV_FEATURES bound to: 0707 - type: string 
	Parameter READ_MODE bound to: std - type: string 
	Parameter FIFO_READ_LATENCY bound to: 1 - type: integer 
	Parameter READ_DATA_WIDTH bound to: 32 - type: integer 
	Parameter RD_DATA_COUNT_WIDTH bound to: 1 - type: integer 
	Parameter PROG_EMPTY_THRESH bound to: 100 - type: integer 
	Parameter DOUT_RESET_VALUE bound to: 0 - type: string 
	Parameter CDC_SYNC_STAGES bound to: 2 - type: integer 
	Parameter WAKEUP_TIME bound to: 0 - type: integer 
	Parameter P_FIFO_MEMORY_TYPE bound to: 2 - type: integer 
	Parameter P_COMMON_CLOCK bound to: 0 - type: integer 
	Parameter P_ECC_MODE bound to: 0 - type: integer 
	Parameter P_READ_MODE bound to: 0 - type: integer 
	Parameter P_WAKEUP_TIME bound to: 2 - type: integer 
INFO: [Synth 8-6157] synthesizing module 'xpm_fifo_base' [C:/Xilinx/Vivado/2018.2/data/ip/xpm/xpm_fifo/hdl/xpm_fifo.sv:56]
WARNING: [Synth 8-6104] Input port 'value' has an internal driver [C:/Xilinx/Vivado/2018.2/data/ip/xpm/xpm_fifo/hdl/xpm_fifo.sv:124]
WARNING: [Synth 8-6104] Input port 'value' has an internal driver [C:/Xilinx/Vivado/2018.2/data/ip/xpm/xpm_fifo/hdl/xpm_fifo.sv:126]
WARNING: [Synth 8-6104] Input port 'value' has an internal driver [C:/Xilinx/Vivado/2018.2/data/ip/xpm/xpm_fifo/hdl/xpm_fifo.sv:126]
WARNING: [Synth 8-6104] Input port 'value' has an internal driver [C:/Xilinx/Vivado/2018.2/data/ip/xpm/xpm_fifo/hdl/xpm_fifo.sv:126]
WARNING: [Synth 8-6104] Input port 'value' has an internal driver [C:/Xilinx/Vivado/2018.2/data/ip/xpm/xpm_fifo/hdl/xpm_fifo.sv:126]
WARNING: [Synth 8-6104] Input port 'value' has an internal driver [C:/Xilinx/Vivado/2018.2/data/ip/xpm/xpm_fifo/hdl/xpm_fifo.sv:126]
WARNING: [Synth 8-6104] Input port 'value' has an internal driver [C:/Xilinx/Vivado/2018.2/data/ip/xpm/xpm_fifo/hdl/xpm_fifo.sv:126]
WARNING: [Synth 8-6104] Input port 'value' has an internal driver [C:/Xilinx/Vivado/2018.2/data/ip/xpm/xpm_fifo/hdl/xpm_fifo.sv:126]
WARNING: [Synth 8-6104] Input port 'value' has an internal driver [C:/Xilinx/Vivado/2018.2/data/ip/xpm/xpm_fifo/hdl/xpm_fifo.sv:126]
WARNING: [Synth 8-6104] Input port 'value' has an internal driver [C:/Xilinx/Vivado/2018.2/data/ip/xpm/xpm_fifo/hdl/xpm_fifo.sv:126]
WARNING: [Synth 8-6104] Input port 'value' has an internal driver [C:/Xilinx/Vivado/2018.2/data/ip/xpm/xpm_fifo/hdl/xpm_fifo.sv:126]
WARNING: [Synth 8-6104] Input port 'value' has an internal driver [C:/Xilinx/Vivado/2018.2/data/ip/xpm/xpm_fifo/hdl/xpm_fifo.sv:126]
WARNING: [Synth 8-6104] Input port 'value' has an internal driver [C:/Xilinx/Vivado/2018.2/data/ip/xpm/xpm_fifo/hdl/xpm_fifo.sv:126]
WARNING: [Synth 8-6104] Input port 'value' has an internal driver [C:/Xilinx/Vivado/2018.2/data/ip/xpm/xpm_fifo/hdl/xpm_fifo.sv:126]
WARNING: [Synth 8-6104] Input port 'value' has an internal driver [C:/Xilinx/Vivado/2018.2/data/ip/xpm/xpm_fifo/hdl/xpm_fifo.sv:126]
WARNING: [Synth 8-6104] Input port 'value' has an internal driver [C:/Xilinx/Vivado/2018.2/data/ip/xpm/xpm_fifo/hdl/xpm_fifo.sv:126]
WARNING: [Synth 8-6104] Input port 'value' has an internal driver [C:/Xilinx/Vivado/2018.2/data/ip/xpm/xpm_fifo/hdl/xpm_fifo.sv:126]
WARNING: [Synth 8-6104] Input port 'value' has an internal driver [C:/Xilinx/Vivado/2018.2/data/ip/xpm/xpm_fifo/hdl/xpm_fifo.sv:124]
WARNING: [Synth 8-6104] Input port 'value' has an internal driver [C:/Xilinx/Vivado/2018.2/data/ip/xpm/xpm_fifo/hdl/xpm_fifo.sv:126]
WARNING: [Synth 8-6104] Input port 'value' has an internal driver [C:/Xilinx/Vivado/2018.2/data/ip/xpm/xpm_fifo/hdl/xpm_fifo.sv:126]
WARNING: [Synth 8-6104] Input port 'value' has an internal driver [C:/Xilinx/Vivado/2018.2/data/ip/xpm/xpm_fifo/hdl/xpm_fifo.sv:126]
WARNING: [Synth 8-6104] Input port 'value' has an internal driver [C:/Xilinx/Vivado/2018.2/data/ip/xpm/xpm_fifo/hdl/xpm_fifo.sv:126]
WARNING: [Synth 8-6104] Input port 'value' has an internal driver [C:/Xilinx/Vivado/2018.2/data/ip/xpm/xpm_fifo/hdl/xpm_fifo.sv:126]
WARNING: [Synth 8-6104] Input port 'value' has an internal driver [C:/Xilinx/Vivado/2018.2/data/ip/xpm/xpm_fifo/hdl/xpm_fifo.sv:126]
WARNING: [Synth 8-6104] Input port 'value' has an internal driver [C:/Xilinx/Vivado/2018.2/data/ip/xpm/xpm_fifo/hdl/xpm_fifo.sv:126]
WARNING: [Synth 8-6104] Input port 'value' has an internal driver [C:/Xilinx/Vivado/2018.2/data/ip/xpm/xpm_fifo/hdl/xpm_fifo.sv:126]
WARNING: [Synth 8-6104] Input port 'value' has an internal driver [C:/Xilinx/Vivado/2018.2/data/ip/xpm/xpm_fifo/hdl/xpm_fifo.sv:126]
WARNING: [Synth 8-6104] Input port 'value' has an internal driver [C:/Xilinx/Vivado/2018.2/data/ip/xpm/xpm_fifo/hdl/xpm_fifo.sv:126]
WARNING: [Synth 8-6104] Input port 'value' has an internal driver [C:/Xilinx/Vivado/2018.2/data/ip/xpm/xpm_fifo/hdl/xpm_fifo.sv:126]
WARNING: [Synth 8-6104] Input port 'value' has an internal driver [C:/Xilinx/Vivado/2018.2/data/ip/xpm/xpm_fifo/hdl/xpm_fifo.sv:126]
WARNING: [Synth 8-6104] Input port 'value' has an internal driver [C:/Xilinx/Vivado/2018.2/data/ip/xpm/xpm_fifo/hdl/xpm_fifo.sv:126]
WARNING: [Synth 8-6104] Input port 'value' has an internal driver [C:/Xilinx/Vivado/2018.2/data/ip/xpm/xpm_fifo/hdl/xpm_fifo.sv:126]
WARNING: [Synth 8-6104] Input port 'value' has an internal driver [C:/Xilinx/Vivado/2018.2/data/ip/xpm/xpm_fifo/hdl/xpm_fifo.sv:126]
WARNING: [Synth 8-6104] Input port 'value' has an internal driver [C:/Xilinx/Vivado/2018.2/data/ip/xpm/xpm_fifo/hdl/xpm_fifo.sv:126]
WARNING: [Synth 8-6104] Input port 'value' has an internal driver [C:/Xilinx/Vivado/2018.2/data/ip/xpm/xpm_fifo/hdl/xpm_fifo.sv:124]
WARNING: [Synth 8-6104] Input port 'value' has an internal driver [C:/Xilinx/Vivado/2018.2/data/ip/xpm/xpm_fifo/hdl/xpm_fifo.sv:126]
WARNING: [Synth 8-6104] Input port 'value' has an internal driver [C:/Xilinx/Vivado/2018.2/data/ip/xpm/xpm_fifo/hdl/xpm_fifo.sv:126]
WARNING: [Synth 8-6104] Input port 'value' has an internal driver [C:/Xilinx/Vivado/2018.2/data/ip/xpm/xpm_fifo/hdl/xpm_fifo.sv:126]
WARNING: [Synth 8-6104] Input port 'value' has an internal driver [C:/Xilinx/Vivado/2018.2/data/ip/xpm/xpm_fifo/hdl/xpm_fifo.sv:126]
WARNING: [Synth 8-6104] Input port 'value' has an internal driver [C:/Xilinx/Vivado/2018.2/data/ip/xpm/xpm_fifo/hdl/xpm_fifo.sv:126]
WARNING: [Synth 8-6104] Input port 'value' has an internal driver [C:/Xilinx/Vivado/2018.2/data/ip/xpm/xpm_fifo/hdl/xpm_fifo.sv:126]
WARNING: [Synth 8-6104] Input port 'value' has an internal driver [C:/Xilinx/Vivado/2018.2/data/ip/xpm/xpm_fifo/hdl/xpm_fifo.sv:126]
WARNING: [Synth 8-6104] Input port 'value' has an internal driver [C:/Xilinx/Vivado/2018.2/data/ip/xpm/xpm_fifo/hdl/xpm_fifo.sv:126]
WARNING: [Synth 8-6104] Input port 'value' has an internal driver [C:/Xilinx/Vivado/2018.2/data/ip/xpm/xpm_fifo/hdl/xpm_fifo.sv:126]
WARNING: [Synth 8-6104] Input port 'value' has an internal driver [C:/Xilinx/Vivado/2018.2/data/ip/xpm/xpm_fifo/hdl/xpm_fifo.sv:126]
WARNING: [Synth 8-6104] Input port 'value' has an internal driver [C:/Xilinx/Vivado/2018.2/data/ip/xpm/xpm_fifo/hdl/xpm_fifo.sv:126]
WARNING: [Synth 8-6104] Input port 'value' has an internal driver [C:/Xilinx/Vivado/2018.2/data/ip/xpm/xpm_fifo/hdl/xpm_fifo.sv:126]
WARNING: [Synth 8-6104] Input port 'value' has an internal driver [C:/Xilinx/Vivado/2018.2/data/ip/xpm/xpm_fifo/hdl/xpm_fifo.sv:126]
WARNING: [Synth 8-6104] Input port 'value' has an internal driver [C:/Xilinx/Vivado/2018.2/data/ip/xpm/xpm_fifo/hdl/xpm_fifo.sv:126]
WARNING: [Synth 8-6104] Input port 'value' has an internal driver [C:/Xilinx/Vivado/2018.2/data/ip/xpm/xpm_fifo/hdl/xpm_fifo.sv:126]
WARNING: [Synth 8-6104] Input port 'value' has an internal driver [C:/Xilinx/Vivado/2018.2/data/ip/xpm/xpm_fifo/hdl/xpm_fifo.sv:126]
WARNING: [Synth 8-6104] Input port 'value' has an internal driver [C:/Xilinx/Vivado/2018.2/data/ip/xpm/xpm_fifo/hdl/xpm_fifo.sv:124]
WARNING: [Synth 8-6104] Input port 'value' has an internal driver [C:/Xilinx/Vivado/2018.2/data/ip/xpm/xpm_fifo/hdl/xpm_fifo.sv:126]
WARNING: [Synth 8-6104] Input port 'value' has an internal driver [C:/Xilinx/Vivado/2018.2/data/ip/xpm/xpm_fifo/hdl/xpm_fifo.sv:126]
WARNING: [Synth 8-6104] Input port 'value' has an internal driver [C:/Xilinx/Vivado/2018.2/data/ip/xpm/xpm_fifo/hdl/xpm_fifo.sv:126]
WARNING: [Synth 8-6104] Input port 'value' has an internal driver [C:/Xilinx/Vivado/2018.2/data/ip/xpm/xpm_fifo/hdl/xpm_fifo.sv:126]
WARNING: [Synth 8-6104] Input port 'value' has an internal driver [C:/Xilinx/Vivado/2018.2/data/ip/xpm/xpm_fifo/hdl/xpm_fifo.sv:126]
WARNING: [Synth 8-6104] Input port 'value' has an internal driver [C:/Xilinx/Vivado/2018.2/data/ip/xpm/xpm_fifo/hdl/xpm_fifo.sv:126]
WARNING: [Synth 8-6104] Input port 'value' has an internal driver [C:/Xilinx/Vivado/2018.2/data/ip/xpm/xpm_fifo/hdl/xpm_fifo.sv:126]
WARNING: [Synth 8-6104] Input port 'value' has an internal driver [C:/Xilinx/Vivado/2018.2/data/ip/xpm/xpm_fifo/hdl/xpm_fifo.sv:126]
WARNING: [Synth 8-6104] Input port 'value' has an internal driver [C:/Xilinx/Vivado/2018.2/data/ip/xpm/xpm_fifo/hdl/xpm_fifo.sv:126]
WARNING: [Synth 8-6104] Input port 'value' has an internal driver [C:/Xilinx/Vivado/2018.2/data/ip/xpm/xpm_fifo/hdl/xpm_fifo.sv:126]
WARNING: [Synth 8-6104] Input port 'value' has an internal driver [C:/Xilinx/Vivado/2018.2/data/ip/xpm/xpm_fifo/hdl/xpm_fifo.sv:126]
WARNING: [Synth 8-6104] Input port 'value' has an internal driver [C:/Xilinx/Vivado/2018.2/data/ip/xpm/xpm_fifo/hdl/xpm_fifo.sv:126]
WARNING: [Synth 8-6104] Input port 'value' has an internal driver [C:/Xilinx/Vivado/2018.2/data/ip/xpm/xpm_fifo/hdl/xpm_fifo.sv:126]
WARNING: [Synth 8-6104] Input port 'value' has an internal driver [C:/Xilinx/Vivado/2018.2/data/ip/xpm/xpm_fifo/hdl/xpm_fifo.sv:126]
WARNING: [Synth 8-6104] Input port 'value' has an internal driver [C:/Xilinx/Vivado/2018.2/data/ip/xpm/xpm_fifo/hdl/xpm_fifo.sv:126]
WARNING: [Synth 8-6104] Input port 'value' has an internal driver [C:/Xilinx/Vivado/2018.2/data/ip/xpm/xpm_fifo/hdl/xpm_fifo.sv:126]
	Parameter COMMON_CLOCK bound to: 0 - type: integer 
	Parameter RELATED_CLOCKS bound to: 0 - type: integer 
	Parameter FIFO_MEMORY_TYPE bound to: 2 - type: integer 
	Parameter ECC_MODE bound to: 0 - type: integer 
	Parameter FIFO_WRITE_DEPTH bound to: 65536 - type: integer 
	Parameter WRITE_DATA_WIDTH bound to: 32 - type: integer 
	Parameter WR_DATA_COUNT_WIDTH bound to: 1 - type: integer 
	Parameter PROG_FULL_THRESH bound to: 65436 - type: integer 
	Parameter USE_ADV_FEATURES bound to: 0707 - type: string 
	Parameter READ_MODE bound to: 0 - type: integer 
	Parameter FIFO_READ_LATENCY bound to: 1 - type: integer 
	Parameter READ_DATA_WIDTH bound to: 32 - type: integer 
	Parameter RD_DATA_COUNT_WIDTH bound to: 1 - type: integer 
	Parameter PROG_EMPTY_THRESH bound to: 100 - type: integer 
	Parameter DOUT_RESET_VALUE bound to: 0 - type: string 
	Parameter CDC_DEST_SYNC_FF bound to: 2 - type: integer 
	Parameter FULL_RESET_VALUE bound to: 0 - type: integer 
	Parameter REMOVE_WR_RD_PROT_LOGIC bound to: 0 - type: integer 
	Parameter WAKEUP_TIME bound to: 0 - type: integer 
	Parameter VERSION bound to: 0 - type: integer 
	Parameter SIM_ASSERT_CHK bound to: 0 - type: integer 
	Parameter FIFO_MEM_TYPE bound to: 2 - type: integer 
	Parameter RD_MODE bound to: 0 - type: integer 
	Parameter ENABLE_ECC bound to: 0 - type: integer 
	Parameter FIFO_READ_DEPTH bound to: 65536 - type: integer 
	Parameter FIFO_SIZE bound to: 2097152 - type: integer 
	Parameter WR_PNTR_WIDTH bound to: 16 - type: integer 
	Parameter RD_PNTR_WIDTH bound to: 16 - type: integer 
	Parameter FULL_RST_VAL bound to: 1'b0 
	Parameter WR_RD_RATIO bound to: 0 - type: integer 
	Parameter PF_THRESH_ADJ bound to: 65436 - type: integer 
	Parameter PE_THRESH_ADJ bound to: 100 - type: integer 
	Parameter PF_THRESH_MIN bound to: 5 - type: integer 
	Parameter PF_THRESH_MAX bound to: 65533 - type: integer 
	Parameter PE_THRESH_MIN bound to: 3 - type: integer 
	Parameter PE_THRESH_MAX bound to: 65533 - type: integer 
	Parameter WR_DC_WIDTH_EXT bound to: 17 - type: integer 
	Parameter RD_DC_WIDTH_EXT bound to: 17 - type: integer 
	Parameter RD_LATENCY bound to: 1 - type: integer 
	Parameter EN_ADV_FEATURE bound to: 16'b0000011100000111 
	Parameter EN_OF bound to: 1'b1 
	Parameter EN_PF bound to: 1'b1 
	Parameter EN_WDC bound to: 1'b1 
	Parameter EN_AF bound to: 1'b0 
	Parameter EN_WACK bound to: 1'b0 
	Parameter FG_EQ_ASYM_DOUT bound to: 1'b0 
	Parameter EN_UF bound to: 1'b1 
	Parameter EN_PE bound to: 1'b1 
	Parameter EN_RDC bound to: 1'b1 
	Parameter EN_AE bound to: 1'b0 
	Parameter EN_DVLD bound to: 1'b0 
WARNING: [Synth 8-6104] Input port 'value' has an internal driver [C:/Xilinx/Vivado/2018.2/data/ip/xpm/xpm_fifo/hdl/xpm_fifo.sv:124]
WARNING: [Synth 8-6104] Input port 'value' has an internal driver [C:/Xilinx/Vivado/2018.2/data/ip/xpm/xpm_fifo/hdl/xpm_fifo.sv:126]
WARNING: [Synth 8-6104] Input port 'value' has an internal driver [C:/Xilinx/Vivado/2018.2/data/ip/xpm/xpm_fifo/hdl/xpm_fifo.sv:126]
WARNING: [Synth 8-6104] Input port 'value' has an internal driver [C:/Xilinx/Vivado/2018.2/data/ip/xpm/xpm_fifo/hdl/xpm_fifo.sv:126]
WARNING: [Synth 8-6104] Input port 'value' has an internal driver [C:/Xilinx/Vivado/2018.2/data/ip/xpm/xpm_fifo/hdl/xpm_fifo.sv:126]
WARNING: [Synth 8-6104] Input port 'value' has an internal driver [C:/Xilinx/Vivado/2018.2/data/ip/xpm/xpm_fifo/hdl/xpm_fifo.sv:126]
WARNING: [Synth 8-6104] Input port 'value' has an internal driver [C:/Xilinx/Vivado/2018.2/data/ip/xpm/xpm_fifo/hdl/xpm_fifo.sv:126]
WARNING: [Synth 8-6104] Input port 'value' has an internal driver [C:/Xilinx/Vivado/2018.2/data/ip/xpm/xpm_fifo/hdl/xpm_fifo.sv:126]
WARNING: [Synth 8-6104] Input port 'value' has an internal driver [C:/Xilinx/Vivado/2018.2/data/ip/xpm/xpm_fifo/hdl/xpm_fifo.sv:126]
WARNING: [Synth 8-6104] Input port 'value' has an internal driver [C:/Xilinx/Vivado/2018.2/data/ip/xpm/xpm_fifo/hdl/xpm_fifo.sv:126]
WARNING: [Synth 8-6104] Input port 'value' has an internal driver [C:/Xilinx/Vivado/2018.2/data/ip/xpm/xpm_fifo/hdl/xpm_fifo.sv:126]
WARNING: [Synth 8-6104] Input port 'value' has an internal driver [C:/Xilinx/Vivado/2018.2/data/ip/xpm/xpm_fifo/hdl/xpm_fifo.sv:126]
WARNING: [Synth 8-6104] Input port 'value' has an internal driver [C:/Xilinx/Vivado/2018.2/data/ip/xpm/xpm_fifo/hdl/xpm_fifo.sv:126]
WARNING: [Synth 8-6104] Input port 'value' has an internal driver [C:/Xilinx/Vivado/2018.2/data/ip/xpm/xpm_fifo/hdl/xpm_fifo.sv:126]
WARNING: [Synth 8-6104] Input port 'value' has an internal driver [C:/Xilinx/Vivado/2018.2/data/ip/xpm/xpm_fifo/hdl/xpm_fifo.sv:126]
WARNING: [Synth 8-6104] Input port 'value' has an internal driver [C:/Xilinx/Vivado/2018.2/data/ip/xpm/xpm_fifo/hdl/xpm_fifo.sv:126]
WARNING: [Synth 8-6104] Input port 'value' has an internal driver [C:/Xilinx/Vivado/2018.2/data/ip/xpm/xpm_fifo/hdl/xpm_fifo.sv:126]
INFO: [Synth 8-6157] synthesizing module 'xpm_memory_base' [C:/Xilinx/Vivado/2018.2/data/ip/xpm/xpm_memory/hdl/xpm_memory.sv:57]
	Parameter MEMORY_TYPE bound to: 1 - type: integer 
	Parameter MEMORY_SIZE bound to: 2097152 - type: integer 
	Parameter MEMORY_PRIMITIVE bound to: 2 - type: integer 
	Parameter CLOCKING_MODE bound to: 1 - type: integer 
	Parameter ECC_MODE bound to: 0 - type: integer 
	Parameter MEMORY_INIT_FILE bound to: none - type: string 
	Parameter MEMORY_INIT_PARAM bound to: (null) - type: string 
	Parameter USE_MEM_INIT bound to: 1 - type: integer 
	Parameter MEMORY_OPTIMIZATION bound to: true - type: string 
	Parameter WAKEUP_TIME bound to: 0 - type: integer 
	Parameter AUTO_SLEEP_TIME bound to: 0 - type: integer 
	Parameter MESSAGE_CONTROL bound to: 0 - type: integer 
	Parameter VERSION bound to: 0 - type: integer 
	Parameter USE_EMBEDDED_CONSTRAINT bound to: 0 - type: integer 
	Parameter WRITE_DATA_WIDTH_A bound to: 32 - type: integer 
	Parameter READ_DATA_WIDTH_A bound to: 32 - type: integer 
	Parameter BYTE_WRITE_WIDTH_A bound to: 32 - type: integer 
	Parameter ADDR_WIDTH_A bound to: 16 - type: integer 
	Parameter READ_RESET_VALUE_A bound to: 0 - type: string 
	Parameter READ_LATENCY_A bound to: 2 - type: integer 
	Parameter WRITE_MODE_A bound to: 2 - type: integer 
	Parameter WRITE_DATA_WIDTH_B bound to: 32 - type: integer 
	Parameter READ_DATA_WIDTH_B bound to: 32 - type: integer 
	Parameter BYTE_WRITE_WIDTH_B bound to: 32 - type: integer 
	Parameter ADDR_WIDTH_B bound to: 16 - type: integer 
	Parameter READ_RESET_VALUE_B bound to: 0 - type: string 
	Parameter READ_LATENCY_B bound to: 1 - type: integer 
	Parameter WRITE_MODE_B bound to: 2 - type: integer 
	Parameter P_MEMORY_PRIMITIVE bound to: block - type: string 
	Parameter P_MIN_WIDTH_DATA_A bound to: 32 - type: integer 
	Parameter P_MIN_WIDTH_DATA_B bound to: 32 - type: integer 
	Parameter P_MIN_WIDTH_DATA bound to: 32 - type: integer 
	Parameter P_MIN_WIDTH_DATA_ECC bound to: 32 - type: integer 
	Parameter P_MAX_DEPTH_DATA bound to: 65536 - type: integer 
	Parameter P_ECC_MODE bound to: no_ecc - type: string 
	Parameter P_MEMORY_OPT bound to: yes - type: string 
	Parameter P_WIDTH_COL_WRITE_A bound to: 32 - type: integer 
	Parameter P_WIDTH_COL_WRITE_B bound to: 32 - type: integer 
	Parameter P_NUM_COLS_WRITE_A bound to: 1 - type: integer 
	Parameter P_NUM_COLS_WRITE_B bound to: 1 - type: integer 
	Parameter P_NUM_ROWS_WRITE_A bound to: 1 - type: integer 
	Parameter P_NUM_ROWS_WRITE_B bound to: 1 - type: integer 
	Parameter P_NUM_ROWS_READ_A bound to: 1 - type: integer 
	Parameter P_NUM_ROWS_READ_B bound to: 1 - type: integer 
	Parameter P_WIDTH_ADDR_WRITE_A bound to: 16 - type: integer 
	Parameter P_WIDTH_ADDR_WRITE_B bound to: 16 - type: integer 
	Parameter P_WIDTH_ADDR_READ_A bound to: 16 - type: integer 
	Parameter P_WIDTH_ADDR_READ_B bound to: 16 - type: integer 
	Parameter P_WIDTH_ADDR_LSB_WRITE_A bound to: 0 - type: integer 
	Parameter P_WIDTH_ADDR_LSB_WRITE_B bound to: 0 - type: integer 
	Parameter P_WIDTH_ADDR_LSB_READ_A bound to: 0 - type: integer 
	Parameter P_WIDTH_ADDR_LSB_READ_B bound to: 0 - type: integer 
	Parameter P_ENABLE_BYTE_WRITE_A bound to: 0 - type: integer 
	Parameter P_ENABLE_BYTE_WRITE_B bound to: 0 - type: integer 
	Parameter P_SDP_WRITE_MODE bound to: no - type: string 
	Parameter NUM_CHAR_LOC bound to: 0 - type: integer 
	Parameter MAX_NUM_CHAR bound to: 0 - type: integer 
	Parameter P_MIN_WIDTH_DATA_SHFT bound to: 32 - type: integer 
	Parameter P_MIN_WIDTH_DATA_LDW bound to: 4 - type: integer 
INFO: [Synth 8-6059] Synth Info: [XPM_MEMORY 20-2] MEMORY_INIT_FILE (none), MEMORY_INIT_PARAM together specify no memory initialization. Initial memory contents will be all 0's.   [C:/Xilinx/Vivado/2018.2/data/ip/xpm/xpm_memory/hdl/xpm_memory.sv:469]
INFO: [Synth 8-5772] Detected attribute (* rw_addr_collision = "no" *) on RAM gen_wr_a.gen_word_narrow.mem_reg 
INFO: [Synth 8-5772] Detected attribute (* ram_ecc = "no_ecc" *) on RAM gen_wr_a.gen_word_narrow.mem_reg 
INFO: [Synth 8-6155] done synthesizing module 'xpm_memory_base' (1#1) [C:/Xilinx/Vivado/2018.2/data/ip/xpm/xpm_memory/hdl/xpm_memory.sv:57]
INFO: [Synth 8-6157] synthesizing module 'xpm_cdc_gray' [C:/Xilinx/Vivado/2018.2/data/ip/xpm/xpm_cdc/hdl/xpm_cdc.sv:284]
	Parameter DEST_SYNC_FF bound to: 2 - type: integer 
	Parameter INIT_SYNC_FF bound to: 1 - type: integer 
	Parameter REG_OUTPUT bound to: 0 - type: integer 
	Parameter SIM_ASSERT_CHK bound to: 0 - type: integer 
	Parameter SIM_LOSSLESS_GRAY_CHK bound to: 0 - type: integer 
	Parameter VERSION bound to: 0 - type: integer 
	Parameter WIDTH bound to: 16 - type: integer 
INFO: [Synth 8-5534] Detected attribute (* ASYNC_REG = "TRUE" *) [C:/Xilinx/Vivado/2018.2/data/ip/xpm/xpm_cdc/hdl/xpm_cdc.sv:358]
WARNING: [Synth 8-6014] Unused sequential element dest_out_bin_ff_reg was removed.  [C:/Xilinx/Vivado/2018.2/data/ip/xpm/xpm_cdc/hdl/xpm_cdc.sv:417]
INFO: [Synth 8-6155] done synthesizing module 'xpm_cdc_gray' (2#1) [C:/Xilinx/Vivado/2018.2/data/ip/xpm/xpm_cdc/hdl/xpm_cdc.sv:284]
INFO: [Synth 8-6157] synthesizing module 'xpm_fifo_reg_vec' [C:/Xilinx/Vivado/2018.2/data/ip/xpm/xpm_fifo/hdl/xpm_fifo.sv:1733]
	Parameter REG_WIDTH bound to: 16 - type: integer 
INFO: [Synth 8-6155] done synthesizing module 'xpm_fifo_reg_vec' (3#1) [C:/Xilinx/Vivado/2018.2/data/ip/xpm/xpm_fifo/hdl/xpm_fifo.sv:1733]
INFO: [Synth 8-6157] synthesizing module 'xpm_cdc_gray__parameterized0' [C:/Xilinx/Vivado/2018.2/data/ip/xpm/xpm_cdc/hdl/xpm_cdc.sv:284]
	Parameter DEST_SYNC_FF bound to: 2 - type: integer 
	Parameter INIT_SYNC_FF bound to: 1 - type: integer 
	Parameter REG_OUTPUT bound to: 0 - type: integer 
	Parameter SIM_ASSERT_CHK bound to: 0 - type: integer 
	Parameter SIM_LOSSLESS_GRAY_CHK bound to: 0 - type: integer 
	Parameter VERSION bound to: 0 - type: integer 
	Parameter WIDTH bound to: 17 - type: integer 
WARNING: [Synth 8-6014] Unused sequential element dest_out_bin_ff_reg was removed.  [C:/Xilinx/Vivado/2018.2/data/ip/xpm/xpm_cdc/hdl/xpm_cdc.sv:417]
INFO: [Synth 8-6155] done synthesizing module 'xpm_cdc_gray__parameterized0' (3#1) [C:/Xilinx/Vivado/2018.2/data/ip/xpm/xpm_cdc/hdl/xpm_cdc.sv:284]
INFO: [Synth 8-6157] synthesizing module 'xpm_fifo_reg_vec__parameterized0' [C:/Xilinx/Vivado/2018.2/data/ip/xpm/xpm_fifo/hdl/xpm_fifo.sv:1733]
	Parameter REG_WIDTH bound to: 17 - type: integer 
INFO: [Synth 8-6155] done synthesizing module 'xpm_fifo_reg_vec__parameterized0' (3#1) [C:/Xilinx/Vivado/2018.2/data/ip/xpm/xpm_fifo/hdl/xpm_fifo.sv:1733]
INFO: [Synth 8-6157] synthesizing module 'xpm_fifo_rst' [C:/Xilinx/Vivado/2018.2/data/ip/xpm/xpm_fifo/hdl/xpm_fifo.sv:1478]
	Parameter COMMON_CLOCK bound to: 0 - type: integer 
	Parameter CDC_DEST_SYNC_FF bound to: 2 - type: integer 
	Parameter SIM_ASSERT_CHK bound to: 0 - type: integer 
INFO: [Synth 8-226] default block is never used [C:/Xilinx/Vivado/2018.2/data/ip/xpm/xpm_fifo/hdl/xpm_fifo.sv:1638]
INFO: [Synth 8-226] default block is never used [C:/Xilinx/Vivado/2018.2/data/ip/xpm/xpm_fifo/hdl/xpm_fifo.sv:1663]
INFO: [Synth 8-6157] synthesizing module 'xpm_cdc_sync_rst' [C:/Xilinx/Vivado/2018.2/data/ip/xpm/xpm_cdc/hdl/xpm_cdc.sv:1055]
	Parameter DEST_SYNC_FF bound to: 2 - type: integer 
	Parameter INIT bound to: 32'sb00000000000000000000000000000000 
	Parameter INIT_SYNC_FF bound to: 1 - type: integer 
	Parameter SIM_ASSERT_CHK bound to: 0 - type: integer 
	Parameter VERSION bound to: 0 - type: integer 
	Parameter DEF_VAL bound to: 1'b0 
INFO: [Synth 8-5534] Detected attribute (* ASYNC_REG = "TRUE" *) [C:/Xilinx/Vivado/2018.2/data/ip/xpm/xpm_cdc/hdl/xpm_cdc.sv:1107]
INFO: [Synth 8-6155] done synthesizing module 'xpm_cdc_sync_rst' (4#1) [C:/Xilinx/Vivado/2018.2/data/ip/xpm/xpm_cdc/hdl/xpm_cdc.sv:1055]
INFO: [Synth 8-6155] done synthesizing module 'xpm_fifo_rst' (5#1) [C:/Xilinx/Vivado/2018.2/data/ip/xpm/xpm_fifo/hdl/xpm_fifo.sv:1478]
INFO: [Synth 8-6157] synthesizing module 'xpm_fifo_reg_bit' [C:/Xilinx/Vivado/2018.2/data/ip/xpm/xpm_fifo/hdl/xpm_fifo.sv:1755]
	Parameter RST_VALUE bound to: 0 - type: integer 
INFO: [Synth 8-6155] done synthesizing module 'xpm_fifo_reg_bit' (6#1) [C:/Xilinx/Vivado/2018.2/data/ip/xpm/xpm_fifo/hdl/xpm_fifo.sv:1755]
INFO: [Synth 8-6157] synthesizing module 'xpm_counter_updn' [C:/Xilinx/Vivado/2018.2/data/ip/xpm/xpm_fifo/hdl/xpm_fifo.sv:1707]
	Parameter COUNTER_WIDTH bound to: 17 - type: integer 
	Parameter RESET_VALUE bound to: 0 - type: integer 
INFO: [Synth 8-6155] done synthesizing module 'xpm_counter_updn' (7#1) [C:/Xilinx/Vivado/2018.2/data/ip/xpm/xpm_fifo/hdl/xpm_fifo.sv:1707]
INFO: [Synth 8-6157] synthesizing module 'xpm_counter_updn__parameterized0' [C:/Xilinx/Vivado/2018.2/data/ip/xpm/xpm_fifo/hdl/xpm_fifo.sv:1707]
	Parameter COUNTER_WIDTH bound to: 16 - type: integer 
	Parameter RESET_VALUE bound to: 1 - type: integer 
INFO: [Synth 8-6155] done synthesizing module 'xpm_counter_updn__parameterized0' (7#1) [C:/Xilinx/Vivado/2018.2/data/ip/xpm/xpm_fifo/hdl/xpm_fifo.sv:1707]
INFO: [Synth 8-6157] synthesizing module 'xpm_counter_updn__parameterized1' [C:/Xilinx/Vivado/2018.2/data/ip/xpm/xpm_fifo/hdl/xpm_fifo.sv:1707]
	Parameter COUNTER_WIDTH bound to: 16 - type: integer 
	Parameter RESET_VALUE bound to: 2 - type: integer 
INFO: [Synth 8-6155] done synthesizing module 'xpm_counter_updn__parameterized1' (7#1) [C:/Xilinx/Vivado/2018.2/data/ip/xpm/xpm_fifo/hdl/xpm_fifo.sv:1707]
WARNING: [Synth 8-6104] Input port 'value' has an internal driver [C:/Xilinx/Vivado/2018.2/data/ip/xpm/xpm_fifo/hdl/xpm_fifo.sv:124]
WARNING: [Synth 8-6104] Input port 'value' has an internal driver [C:/Xilinx/Vivado/2018.2/data/ip/xpm/xpm_fifo/hdl/xpm_fifo.sv:126]
WARNING: [Synth 8-6104] Input port 'value' has an internal driver [C:/Xilinx/Vivado/2018.2/data/ip/xpm/xpm_fifo/hdl/xpm_fifo.sv:126]
WARNING: [Synth 8-6104] Input port 'value' has an internal driver [C:/Xilinx/Vivado/2018.2/data/ip/xpm/xpm_fifo/hdl/xpm_fifo.sv:126]
WARNING: [Synth 8-6104] Input port 'value' has an internal driver [C:/Xilinx/Vivado/2018.2/data/ip/xpm/xpm_fifo/hdl/xpm_fifo.sv:126]
WARNING: [Synth 8-6104] Input port 'value' has an internal driver [C:/Xilinx/Vivado/2018.2/data/ip/xpm/xpm_fifo/hdl/xpm_fifo.sv:126]
WARNING: [Synth 8-6104] Input port 'value' has an internal driver [C:/Xilinx/Vivado/2018.2/data/ip/xpm/xpm_fifo/hdl/xpm_fifo.sv:126]
WARNING: [Synth 8-6104] Input port 'value' has an internal driver [C:/Xilinx/Vivado/2018.2/data/ip/xpm/xpm_fifo/hdl/xpm_fifo.sv:126]
WARNING: [Synth 8-6104] Input port 'value' has an internal driver [C:/Xilinx/Vivado/2018.2/data/ip/xpm/xpm_fifo/hdl/xpm_fifo.sv:126]
WARNING: [Synth 8-6104] Input port 'value' has an internal driver [C:/Xilinx/Vivado/2018.2/data/ip/xpm/xpm_fifo/hdl/xpm_fifo.sv:126]
WARNING: [Synth 8-6104] Input port 'value' has an internal driver [C:/Xilinx/Vivado/2018.2/data/ip/xpm/xpm_fifo/hdl/xpm_fifo.sv:126]
WARNING: [Synth 8-6104] Input port 'value' has an internal driver [C:/Xilinx/Vivado/2018.2/data/ip/xpm/xpm_fifo/hdl/xpm_fifo.sv:126]
WARNING: [Synth 8-6104] Input port 'value' has an internal driver [C:/Xilinx/Vivado/2018.2/data/ip/xpm/xpm_fifo/hdl/xpm_fifo.sv:126]
WARNING: [Synth 8-6104] Input port 'value' has an internal driver [C:/Xilinx/Vivado/2018.2/data/ip/xpm/xpm_fifo/hdl/xpm_fifo.sv:126]
WARNING: [Synth 8-6104] Input port 'value' has an internal driver [C:/Xilinx/Vivado/2018.2/data/ip/xpm/xpm_fifo/hdl/xpm_fifo.sv:126]
INFO: [Common 17-14] Message 'Synth 8-6104' appears 100 times and further instances of the messages will be disabled. Use the Tcl command set_msg_config to change the current settings.
INFO: [Synth 8-5772] Detected attribute (* rw_addr_collision = "no" *) on RAM gen_wr_a.gen_word_narrow.mem_reg 
INFO: [Synth 8-6155] done synthesizing module 'xpm_fifo_base' (8#1) [C:/Xilinx/Vivado/2018.2/data/ip/xpm/xpm_fifo/hdl/xpm_fifo.sv:56]
INFO: [Synth 8-5772] Detected attribute (* rw_addr_collision = "no" *) on RAM gen_wr_a.gen_word_narrow.mem_reg 
INFO: [Synth 8-6155] done synthesizing module 'xpm_fifo_async' (9#1) [C:/Xilinx/Vivado/2018.2/data/ip/xpm/xpm_fifo/hdl/xpm_fifo.sv:1937]
INFO: [Synth 8-5772] Detected attribute (* rw_addr_collision = "no" *) on RAM gen_wr_a.gen_word_narrow.mem_reg 
INFO: [Synth 8-256] done synthesizing module 'fifo_injector' (10#1) [c:/Users/Robert/xilinx_projects/Injector_Characterization/Injector_Characterization.srcs/sources_1/bd/Injector_Characterization/ipshared/0beb/src/fifo_injector.vhd:55]
INFO: [Synth 8-5772] Detected attribute (* rw_addr_collision = "no" *) on RAM gen_wr_a.gen_word_narrow.mem_reg 
INFO: [Synth 8-256] done synthesizing module 'TestMultiReg_v1_0_S00_AXI' (11#1) [c:/Users/Robert/xilinx_projects/Injector_Characterization/Injector_Characterization.srcs/sources_1/bd/Injector_Characterization/ipshared/0beb/hdl/TestMultiReg_v1_0_S00_AXI.vhd:177]
INFO: [Synth 8-5772] Detected attribute (* rw_addr_collision = "no" *) on RAM gen_wr_a.gen_word_narrow.mem_reg 
INFO: [Synth 8-256] done synthesizing module 'TestMultiReg_v1_0' (12#1) [c:/Users/Robert/xilinx_projects/Injector_Characterization/Injector_Characterization.srcs/sources_1/bd/Injector_Characterization/ipshared/0beb/hdl/TestMultiReg_v1_0.vhd:85]
INFO: [Synth 8-5772] Detected attribute (* rw_addr_collision = "no" *) on RAM gen_wr_a.gen_word_narrow.mem_reg 
INFO: [Synth 8-256] done synthesizing module 'Injector_Characterization_AXI_Injector_0_1' (13#1) [c:/Users/Robert/xilinx_projects/Injector_Characterization/Injector_Characterization.srcs/sources_1/bd/Injector_Characterization/ip/Injector_Characterization_AXI_Injector_0_1/synth/Injector_Characterization_AXI_Injector_0_1.vhd:107]
WARNING: [Synth 8-3331] design xpm_memory_base has unconnected port sleep
WARNING: [Synth 8-3331] design xpm_memory_base has unconnected port rsta
WARNING: [Synth 8-3331] design xpm_memory_base has unconnected port regcea
WARNING: [Synth 8-3331] design xpm_memory_base has unconnected port injectsbiterra
WARNING: [Synth 8-3331] design xpm_memory_base has unconnected port injectdbiterra
WARNING: [Synth 8-3331] design xpm_memory_base has unconnected port regceb
WARNING: [Synth 8-3331] design xpm_memory_base has unconnected port dinb[31]
WARNING: [Synth 8-3331] design xpm_memory_base has unconnected port dinb[30]
WARNING: [Synth 8-3331] design xpm_memory_base has unconnected port dinb[29]
WARNING: [Synth 8-3331] design xpm_memory_base has unconnected port dinb[28]
WARNING: [Synth 8-3331] design xpm_memory_base has unconnected port dinb[27]
WARNING: [Synth 8-3331] design xpm_memory_base has unconnected port dinb[26]
WARNING: [Synth 8-3331] design xpm_memory_base has unconnected port dinb[25]
WARNING: [Synth 8-3331] design xpm_memory_base has unconnected port dinb[24]
WARNING: [Synth 8-3331] design xpm_memory_base has unconnected port dinb[23]
WARNING: [Synth 8-3331] design xpm_memory_base has unconnected port dinb[22]
WARNING: [Synth 8-3331] design xpm_memory_base has unconnected port dinb[21]
WARNING: [Synth 8-3331] design xpm_memory_base has unconnected port dinb[20]
WARNING: [Synth 8-3331] design xpm_memory_base has unconnected port dinb[19]
WARNING: [Synth 8-3331] design xpm_memory_base has unconnected port dinb[18]
WARNING: [Synth 8-3331] design xpm_memory_base has unconnected port dinb[17]
WARNING: [Synth 8-3331] design xpm_memory_base has unconnected port dinb[16]
WARNING: [Synth 8-3331] design xpm_memory_base has unconnected port dinb[15]
WARNING: [Synth 8-3331] design xpm_memory_base has unconnected port dinb[14]
WARNING: [Synth 8-3331] design xpm_memory_base has unconnected port dinb[13]
WARNING: [Synth 8-3331] design xpm_memory_base has unconnected port dinb[12]
WARNING: [Synth 8-3331] design xpm_memory_base has unconnected port dinb[11]
WARNING: [Synth 8-3331] design xpm_memory_base has unconnected port dinb[10]
WARNING: [Synth 8-3331] design xpm_memory_base has unconnected port dinb[9]
WARNING: [Synth 8-3331] design xpm_memory_base has unconnected port dinb[8]
WARNING: [Synth 8-3331] design xpm_memory_base has unconnected port dinb[7]
WARNING: [Synth 8-3331] design xpm_memory_base has unconnected port dinb[6]
WARNING: [Synth 8-3331] design xpm_memory_base has unconnected port dinb[5]
WARNING: [Synth 8-3331] design xpm_memory_base has unconnected port dinb[4]
WARNING: [Synth 8-3331] design xpm_memory_base has unconnected port dinb[3]
WARNING: [Synth 8-3331] design xpm_memory_base has unconnected port dinb[2]
WARNING: [Synth 8-3331] design xpm_memory_base has unconnected port dinb[1]
WARNING: [Synth 8-3331] design xpm_memory_base has unconnected port dinb[0]
WARNING: [Synth 8-3331] design xpm_memory_base has unconnected port injectsbiterrb
WARNING: [Synth 8-3331] design xpm_memory_base has unconnected port injectdbiterrb
WARNING: [Synth 8-3331] design TestMultiReg_v1_0_S00_AXI has unconnected port S_AXI_AWSIZE[2]
WARNING: [Synth 8-3331] design TestMultiReg_v1_0_S00_AXI has unconnected port S_AXI_AWSIZE[1]
WARNING: [Synth 8-3331] design TestMultiReg_v1_0_S00_AXI has unconnected port S_AXI_AWSIZE[0]
WARNING: [Synth 8-3331] design TestMultiReg_v1_0_S00_AXI has unconnected port S_AXI_AWLOCK
WARNING: [Synth 8-3331] design TestMultiReg_v1_0_S00_AXI has unconnected port S_AXI_AWCACHE[3]
WARNING: [Synth 8-3331] design TestMultiReg_v1_0_S00_AXI has unconnected port S_AXI_AWCACHE[2]
WARNING: [Synth 8-3331] design TestMultiReg_v1_0_S00_AXI has unconnected port S_AXI_AWCACHE[1]
WARNING: [Synth 8-3331] design TestMultiReg_v1_0_S00_AXI has unconnected port S_AXI_AWCACHE[0]
WARNING: [Synth 8-3331] design TestMultiReg_v1_0_S00_AXI has unconnected port S_AXI_AWPROT[2]
WARNING: [Synth 8-3331] design TestMultiReg_v1_0_S00_AXI has unconnected port S_AXI_AWPROT[1]
WARNING: [Synth 8-3331] design TestMultiReg_v1_0_S00_AXI has unconnected port S_AXI_AWPROT[0]
WARNING: [Synth 8-3331] design TestMultiReg_v1_0_S00_AXI has unconnected port S_AXI_AWQOS[3]
WARNING: [Synth 8-3331] design TestMultiReg_v1_0_S00_AXI has unconnected port S_AXI_AWQOS[2]
WARNING: [Synth 8-3331] design TestMultiReg_v1_0_S00_AXI has unconnected port S_AXI_AWQOS[1]
WARNING: [Synth 8-3331] design TestMultiReg_v1_0_S00_AXI has unconnected port S_AXI_AWQOS[0]
WARNING: [Synth 8-3331] design TestMultiReg_v1_0_S00_AXI has unconnected port S_AXI_AWREGION[3]
WARNING: [Synth 8-3331] design TestMultiReg_v1_0_S00_AXI has unconnected port S_AXI_AWREGION[2]
WARNING: [Synth 8-3331] design TestMultiReg_v1_0_S00_AXI has unconnected port S_AXI_AWREGION[1]
WARNING: [Synth 8-3331] design TestMultiReg_v1_0_S00_AXI has unconnected port S_AXI_AWREGION[0]
WARNING: [Synth 8-3331] design TestMultiReg_v1_0_S00_AXI has unconnected port S_AXI_ARSIZE[2]
WARNING: [Synth 8-3331] design TestMultiReg_v1_0_S00_AXI has unconnected port S_AXI_ARSIZE[1]
WARNING: [Synth 8-3331] design TestMultiReg_v1_0_S00_AXI has unconnected port S_AXI_ARSIZE[0]
WARNING: [Synth 8-3331] design TestMultiReg_v1_0_S00_AXI has unconnected port S_AXI_ARLOCK
WARNING: [Synth 8-3331] design TestMultiReg_v1_0_S00_AXI has unconnected port S_AXI_ARCACHE[3]
WARNING: [Synth 8-3331] design TestMultiReg_v1_0_S00_AXI has unconnected port S_AXI_ARCACHE[2]
WARNING: [Synth 8-3331] design TestMultiReg_v1_0_S00_AXI has unconnected port S_AXI_ARCACHE[1]
WARNING: [Synth 8-3331] design TestMultiReg_v1_0_S00_AXI has unconnected port S_AXI_ARCACHE[0]
WARNING: [Synth 8-3331] design TestMultiReg_v1_0_S00_AXI has unconnected port S_AXI_ARPROT[2]
WARNING: [Synth 8-3331] design TestMultiReg_v1_0_S00_AXI has unconnected port S_AXI_ARPROT[1]
WARNING: [Synth 8-3331] design TestMultiReg_v1_0_S00_AXI has unconnected port S_AXI_ARPROT[0]
WARNING: [Synth 8-3331] design TestMultiReg_v1_0_S00_AXI has unconnected port S_AXI_ARQOS[3]
WARNING: [Synth 8-3331] design TestMultiReg_v1_0_S00_AXI has unconnected port S_AXI_ARQOS[2]
WARNING: [Synth 8-3331] design TestMultiReg_v1_0_S00_AXI has unconnected port S_AXI_ARQOS[1]
WARNING: [Synth 8-3331] design TestMultiReg_v1_0_S00_AXI has unconnected port S_AXI_ARQOS[0]
WARNING: [Synth 8-3331] design TestMultiReg_v1_0_S00_AXI has unconnected port S_AXI_ARREGION[3]
WARNING: [Synth 8-3331] design TestMultiReg_v1_0_S00_AXI has unconnected port S_AXI_ARREGION[2]
WARNING: [Synth 8-3331] design TestMultiReg_v1_0_S00_AXI has unconnected port S_AXI_ARREGION[1]
WARNING: [Synth 8-3331] design TestMultiReg_v1_0_S00_AXI has unconnected port S_AXI_ARREGION[0]
---------------------------------------------------------------------------------
Finished RTL Elaboration : Time (s): cpu = 00:00:08 ; elapsed = 00:00:09 . Memory (MB): peak = 505.457 ; gain = 229.387
---------------------------------------------------------------------------------

Report Check Netlist: 
+------+------------------+-------+---------+-------+------------------+
|      |Item              |Errors |Warnings |Status |Description       |
+------+------------------+-------+---------+-------+------------------+
|1     |multi_driven_nets |      0|        0|Passed |Multi driven nets |
+------+------------------+-------+---------+-------+------------------+
---------------------------------------------------------------------------------
Start Handling Custom Attributes
---------------------------------------------------------------------------------
---------------------------------------------------------------------------------
Finished Handling Custom Attributes : Time (s): cpu = 00:00:09 ; elapsed = 00:00:09 . Memory (MB): peak = 505.457 ; gain = 229.387
---------------------------------------------------------------------------------
---------------------------------------------------------------------------------
Finished RTL Optimization Phase 1 : Time (s): cpu = 00:00:09 ; elapsed = 00:00:09 . Memory (MB): peak = 505.457 ; gain = 229.387
---------------------------------------------------------------------------------
INFO: [Device 21-403] Loading part xc7z010clg400-1
INFO: [Project 1-570] Preparing netlist for logic optimization

Processing XDC Constraints
Initializing timing engine
Sourcing Tcl File [C:/Xilinx/Vivado/2018.2/data/ip/xpm/xpm_cdc/tcl/xpm_cdc_gray.tcl] for cell 'U0/TestMultiReg_v1_0_S00_AXI_inst/fifo_inst/xpm_fifo_async_inst/gnuram_async_fifo.xpm_fifo_base_inst/gen_cdc_pntr.rd_pntr_cdc_inst'
Finished Sourcing Tcl File [C:/Xilinx/Vivado/2018.2/data/ip/xpm/xpm_cdc/tcl/xpm_cdc_gray.tcl] for cell 'U0/TestMultiReg_v1_0_S00_AXI_inst/fifo_inst/xpm_fifo_async_inst/gnuram_async_fifo.xpm_fifo_base_inst/gen_cdc_pntr.rd_pntr_cdc_inst'
Sourcing Tcl File [C:/Xilinx/Vivado/2018.2/data/ip/xpm/xpm_cdc/tcl/xpm_cdc_gray.tcl] for cell 'U0/TestMultiReg_v1_0_S00_AXI_inst/fifo_inst/xpm_fifo_async_inst/gnuram_async_fifo.xpm_fifo_base_inst/gen_cdc_pntr.wr_pntr_cdc_inst'
Finished Sourcing Tcl File [C:/Xilinx/Vivado/2018.2/data/ip/xpm/xpm_cdc/tcl/xpm_cdc_gray.tcl] for cell 'U0/TestMultiReg_v1_0_S00_AXI_inst/fifo_inst/xpm_fifo_async_inst/gnuram_async_fifo.xpm_fifo_base_inst/gen_cdc_pntr.wr_pntr_cdc_inst'
Sourcing Tcl File [C:/Xilinx/Vivado/2018.2/data/ip/xpm/xpm_cdc/tcl/xpm_cdc_gray.tcl] for cell 'U0/TestMultiReg_v1_0_S00_AXI_inst/fifo_inst/xpm_fifo_async_inst/gnuram_async_fifo.xpm_fifo_base_inst/gen_cdc_pntr.rd_pntr_cdc_dc_inst'
Finished Sourcing Tcl File [C:/Xilinx/Vivado/2018.2/data/ip/xpm/xpm_cdc/tcl/xpm_cdc_gray.tcl] for cell 'U0/TestMultiReg_v1_0_S00_AXI_inst/fifo_inst/xpm_fifo_async_inst/gnuram_async_fifo.xpm_fifo_base_inst/gen_cdc_pntr.rd_pntr_cdc_dc_inst'
Sourcing Tcl File [C:/Xilinx/Vivado/2018.2/data/ip/xpm/xpm_cdc/tcl/xpm_cdc_gray.tcl] for cell 'U0/TestMultiReg_v1_0_S00_AXI_inst/fifo_inst/xpm_fifo_async_inst/gnuram_async_fifo.xpm_fifo_base_inst/gen_cdc_pntr.wr_pntr_cdc_dc_inst'
Finished Sourcing Tcl File [C:/Xilinx/Vivado/2018.2/data/ip/xpm/xpm_cdc/tcl/xpm_cdc_gray.tcl] for cell 'U0/TestMultiReg_v1_0_S00_AXI_inst/fifo_inst/xpm_fifo_async_inst/gnuram_async_fifo.xpm_fifo_base_inst/gen_cdc_pntr.wr_pntr_cdc_dc_inst'
INFO: [Project 1-236] Implementation specific constraints were found while reading constraint file [C:/Xilinx/Vivado/2018.2/data/ip/xpm/xpm_cdc/tcl/xpm_cdc_gray.tcl]. These constraints will be ignored for synthesis but will be used in implementation. Impacted constraints are listed in the file [.Xil/Injector_Characterization_AXI_Injector_0_1_propImpl.xdc].
Resolution: To avoid this warning, move constraints listed in [.Xil/Injector_Characterization_AXI_Injector_0_1_propImpl.xdc] to another XDC file and exclude this new file from synthesis with the used_in_synthesis property (File Properties dialog in GUI) and re-run elaboration/synthesis.
Sourcing Tcl File [C:/Xilinx/Vivado/2018.2/data/ip/xpm/xpm_cdc/tcl/xpm_cdc_sync_rst.tcl] for cell 'U0/TestMultiReg_v1_0_S00_AXI_inst/fifo_inst/xpm_fifo_async_inst/gnuram_async_fifo.xpm_fifo_base_inst/xpm_fifo_rst_inst/gen_rst_ic.rrst_wr_inst'
Finished Sourcing Tcl File [C:/Xilinx/Vivado/2018.2/data/ip/xpm/xpm_cdc/tcl/xpm_cdc_sync_rst.tcl] for cell 'U0/TestMultiReg_v1_0_S00_AXI_inst/fifo_inst/xpm_fifo_async_inst/gnuram_async_fifo.xpm_fifo_base_inst/xpm_fifo_rst_inst/gen_rst_ic.rrst_wr_inst'
Sourcing Tcl File [C:/Xilinx/Vivado/2018.2/data/ip/xpm/xpm_cdc/tcl/xpm_cdc_sync_rst.tcl] for cell 'U0/TestMultiReg_v1_0_S00_AXI_inst/fifo_inst/xpm_fifo_async_inst/gnuram_async_fifo.xpm_fifo_base_inst/xpm_fifo_rst_inst/gen_rst_ic.wrst_rd_inst'
Finished Sourcing Tcl File [C:/Xilinx/Vivado/2018.2/data/ip/xpm/xpm_cdc/tcl/xpm_cdc_sync_rst.tcl] for cell 'U0/TestMultiReg_v1_0_S00_AXI_inst/fifo_inst/xpm_fifo_async_inst/gnuram_async_fifo.xpm_fifo_base_inst/xpm_fifo_rst_inst/gen_rst_ic.wrst_rd_inst'
Sourcing Tcl File [C:/Xilinx/Vivado/2018.2/data/ip/xpm/xpm_fifo/tcl/xpm_fifo_rst.tcl] for cell 'U0/TestMultiReg_v1_0_S00_AXI_inst/fifo_inst/xpm_fifo_async_inst/gnuram_async_fifo.xpm_fifo_base_inst'
Finished Sourcing Tcl File [C:/Xilinx/Vivado/2018.2/data/ip/xpm/xpm_fifo/tcl/xpm_fifo_rst.tcl] for cell 'U0/TestMultiReg_v1_0_S00_AXI_inst/fifo_inst/xpm_fifo_async_inst/gnuram_async_fifo.xpm_fifo_base_inst'
INFO: [Project 1-236] Implementation specific constraints were found while reading constraint file [C:/Xilinx/Vivado/2018.2/data/ip/xpm/xpm_fifo/tcl/xpm_fifo_rst.tcl]. These constraints will be ignored for synthesis but will be used in implementation. Impacted constraints are listed in the file [.Xil/Injector_Characterization_AXI_Injector_0_1_propImpl.xdc].
Resolution: To avoid this warning, move constraints listed in [.Xil/Injector_Characterization_AXI_Injector_0_1_propImpl.xdc] to another XDC file and exclude this new file from synthesis with the used_in_synthesis property (File Properties dialog in GUI) and re-run elaboration/synthesis.
Completed Processing XDC Constraints

INFO: [Project 1-111] Unisim Transformation Summary:
No Unisim elements were transformed.

Constraint Validation Runtime : Time (s): cpu = 00:00:00 ; elapsed = 00:00:00.025 . Memory (MB): peak = 786.750 ; gain = 0.340
---------------------------------------------------------------------------------
Finished Constraint Validation : Time (s): cpu = 00:00:18 ; elapsed = 00:00:20 . Memory (MB): peak = 786.750 ; gain = 510.680
---------------------------------------------------------------------------------
---------------------------------------------------------------------------------
Start Loading Part and Timing Information
---------------------------------------------------------------------------------
Loading part: xc7z010clg400-1
---------------------------------------------------------------------------------
Finished Loading Part and Timing Information : Time (s): cpu = 00:00:18 ; elapsed = 00:00:20 . Memory (MB): peak = 786.750 ; gain = 510.680
---------------------------------------------------------------------------------
---------------------------------------------------------------------------------
Start Applying 'set_property' XDC Constraints
---------------------------------------------------------------------------------
Applied set_property DONT_TOUCH = true for U0/TestMultiReg_v1_0_S00_AXI_inst/fifo_inst/xpm_fifo_async_inst/\gnuram_async_fifo.xpm_fifo_base_inst /\gen_cdc_pntr.rd_pntr_cdc_inst . (constraint file  auto generated constraint, line ).
Applied set_property DONT_TOUCH = true for U0/TestMultiReg_v1_0_S00_AXI_inst/fifo_inst/xpm_fifo_async_inst/\gnuram_async_fifo.xpm_fifo_base_inst /\gen_cdc_pntr.wr_pntr_cdc_inst . (constraint file  auto generated constraint, line ).
Applied set_property DONT_TOUCH = true for U0/TestMultiReg_v1_0_S00_AXI_inst/fifo_inst/xpm_fifo_async_inst/\gnuram_async_fifo.xpm_fifo_base_inst /\gen_cdc_pntr.rd_pntr_cdc_dc_inst . (constraint file  auto generated constraint, line ).
Applied set_property DONT_TOUCH = true for U0/TestMultiReg_v1_0_S00_AXI_inst/fifo_inst/xpm_fifo_async_inst/\gnuram_async_fifo.xpm_fifo_base_inst /\gen_cdc_pntr.wr_pntr_cdc_dc_inst . (constraint file  auto generated constraint, line ).
Applied set_property DONT_TOUCH = true for U0/TestMultiReg_v1_0_S00_AXI_inst/fifo_inst/xpm_fifo_async_inst/\gnuram_async_fifo.xpm_fifo_base_inst /xpm_fifo_rst_inst/\gen_rst_ic.rrst_wr_inst . (constraint file  auto generated constraint, line ).
Applied set_property DONT_TOUCH = true for U0/TestMultiReg_v1_0_S00_AXI_inst/fifo_inst/xpm_fifo_async_inst/\gnuram_async_fifo.xpm_fifo_base_inst /xpm_fifo_rst_inst/\gen_rst_ic.wrst_rd_inst . (constraint file  auto generated constraint, line ).
Applied set_property DONT_TOUCH = true for U0/TestMultiReg_v1_0_S00_AXI_inst/fifo_inst/xpm_fifo_async_inst/\gnuram_async_fifo.xpm_fifo_base_inst . (constraint file  auto generated constraint, line ).
---------------------------------------------------------------------------------
Finished applying 'set_property' XDC Constraints : Time (s): cpu = 00:00:18 ; elapsed = 00:00:20 . Memory (MB): peak = 786.750 ; gain = 510.680
---------------------------------------------------------------------------------
INFO: [Synth 8-802] inferred FSM for state register 'gen_rst_ic.curr_wrst_state_reg' in module 'xpm_fifo_rst'
INFO: [Synth 8-802] inferred FSM for state register 'gen_rst_ic.curr_rrst_state_reg' in module 'xpm_fifo_rst'
INFO: [Synth 8-5544] ROM "gen_rst_ic.rst_seq_reentered" won't be mapped to Block RAM because address size (3) smaller than threshold (5)
INFO: [Synth 8-5544] ROM "gen_rst_ic.fifo_wr_rst_i" won't be mapped to Block RAM because address size (3) smaller than threshold (5)
INFO: [Synth 8-5544] ROM "gen_rst_ic.wr_rst_busy_i" won't be mapped to Block RAM because address size (3) smaller than threshold (5)
INFO: [Synth 8-5544] ROM "gen_rst_ic.next_wrst_state" won't be mapped to Block RAM because address size (1) smaller than threshold (5)
INFO: [Synth 8-5544] ROM "gen_rst_ic.next_wrst_state" won't be mapped to Block RAM because address size (1) smaller than threshold (5)
INFO: [Synth 8-5544] ROM "gen_rst_ic.next_wrst_state" won't be mapped to Block RAM because address size (1) smaller than threshold (5)
INFO: [Synth 8-5544] ROM "gen_rst_ic.next_wrst_state" won't be mapped to Block RAM because address size (1) smaller than threshold (5)
INFO: [Synth 8-5544] ROM "gen_rst_ic.next_rrst_state" won't be mapped to Block RAM because address size (1) smaller than threshold (5)
INFO: [Synth 8-5544] ROM "gen_rst_ic.next_rrst_state" won't be mapped to Block RAM because address size (1) smaller than threshold (5)
INFO: [Synth 8-5818] HDL ADVISOR - The operator resource <adder> is shared. To prevent sharing consider applying a KEEP on the output of the operator [C:/Xilinx/Vivado/2018.2/data/ip/xpm/xpm_fifo/hdl/xpm_fifo.sv:827]
INFO: [Synth 8-5546] ROM "aw_wrap_en" won't be mapped to RAM because it is too sparse
INFO: [Synth 8-5546] ROM "ar_wrap_en" won't be mapped to RAM because it is too sparse
INFO: [Synth 8-5544] ROM "wr_en_reg" won't be mapped to Block RAM because address size (4) smaller than threshold (5)
INFO: [Synth 8-5544] ROM "ledOutput" won't be mapped to Block RAM because address size (4) smaller than threshold (5)
INFO: [Synth 8-5546] ROM "reset_count" won't be mapped to RAM because it is too sparse
INFO: [Synth 8-5546] ROM "reset_fifo_mem" won't be mapped to RAM because it is too sparse
INFO: [Synth 8-5775] Found 'rw_addr_collision' attribute set to 'no' on SDP RAM gen_wr_a.gen_word_narrow.mem_reg. Setting write mode to NO_CHANGE 
---------------------------------------------------------------------------------------------------
                   State |                     New Encoding |                Previous Encoding 
---------------------------------------------------------------------------------------------------
               WRST_IDLE |                            00001 |                              000
                 WRST_IN |                            00010 |                              010
                WRST_OUT |                            00100 |                              111
               WRST_EXIT |                            01000 |                              110
            WRST_GO2IDLE |                            10000 |                              100
---------------------------------------------------------------------------------------------------
INFO: [Synth 8-3354] encoded FSM with state register 'gen_rst_ic.curr_wrst_state_reg' using encoding 'one-hot' in module 'xpm_fifo_rst'
---------------------------------------------------------------------------------------------------
                   State |                     New Encoding |                Previous Encoding 
---------------------------------------------------------------------------------------------------
               RRST_IDLE |                               00 |                               00
                 RRST_IN |                               01 |                               10
                RRST_OUT |                               10 |                               11
               RRST_EXIT |                               11 |                               01
---------------------------------------------------------------------------------------------------
INFO: [Synth 8-3354] encoded FSM with state register 'gen_rst_ic.curr_rrst_state_reg' using encoding 'sequential' in module 'xpm_fifo_rst'
---------------------------------------------------------------------------------
Finished RTL Optimization Phase 2 : Time (s): cpu = 00:00:20 ; elapsed = 00:00:22 . Memory (MB): peak = 786.750 ; gain = 510.680
---------------------------------------------------------------------------------

Report RTL Partitions: 
+-+--------------+------------+----------+
| |RTL Partition |Replication |Instances |
+-+--------------+------------+----------+
+-+--------------+------------+----------+
---------------------------------------------------------------------------------
Start RTL Component Statistics 
---------------------------------------------------------------------------------
Detailed RTL Component Info : 
+---Adders : 
	   4 Input     17 Bit       Adders := 2     
	   2 Input     17 Bit       Adders := 1     
	   3 Input     17 Bit       Adders := 2     
	   4 Input     16 Bit       Adders := 3     
	   3 Input     16 Bit       Adders := 1     
	   2 Input      8 Bit       Adders := 3     
	   3 Input      6 Bit       Adders := 2     
	   2 Input      4 Bit       Adders := 2     
+---XORs : 
	   2 Input     17 Bit         XORs := 2     
	   2 Input     16 Bit         XORs := 2     
	   2 Input      6 Bit         XORs := 2     
	   2 Input      1 Bit         XORs := 62    
+---Registers : 
	               32 Bit    Registers := 5     
	               17 Bit    Registers := 13    
	               16 Bit    Registers := 12    
	                8 Bit    Registers := 7     
	                6 Bit    Registers := 2     
	                2 Bit    Registers := 7     
	                1 Bit    Registers := 30    
+---RAMs : 
	            2048K Bit         RAMs := 1     
+---Muxes : 
	   2 Input     32 Bit        Muxes := 6     
	   4 Input      8 Bit        Muxes := 1     
	   2 Input      7 Bit        Muxes := 1     
	   2 Input      6 Bit        Muxes := 4     
	   4 Input      6 Bit        Muxes := 2     
	   5 Input      5 Bit        Muxes := 1     
	   2 Input      5 Bit        Muxes := 5     
	   2 Input      4 Bit        Muxes := 2     
	   4 Input      2 Bit        Muxes := 1     
	   2 Input      2 Bit        Muxes := 2     
	   5 Input      1 Bit        Muxes := 4     
	   4 Input      1 Bit        Muxes := 5     
	   2 Input      1 Bit        Muxes := 32    
---------------------------------------------------------------------------------
Finished RTL Component Statistics 
---------------------------------------------------------------------------------
---------------------------------------------------------------------------------
Start RTL Hierarchical Component Statistics 
---------------------------------------------------------------------------------
Hierarchical RTL Component report 
Module xpm_memory_base 
Detailed RTL Component Info : 
+---Registers : 
	               32 Bit    Registers := 1     
+---RAMs : 
	            2048K Bit         RAMs := 1     
Module xpm_cdc_gray 
Detailed RTL Component Info : 
+---XORs : 
	   2 Input     16 Bit         XORs := 1     
	   2 Input      1 Bit         XORs := 15    
+---Registers : 
	               16 Bit    Registers := 3     
Module xpm_fifo_reg_vec 
Detailed RTL Component Info : 
+---Registers : 
	               16 Bit    Registers := 1     
Module xpm_cdc_gray__parameterized0 
Detailed RTL Component Info : 
+---XORs : 
	   2 Input     17 Bit         XORs := 1     
	   2 Input      1 Bit         XORs := 16    
+---Registers : 
	               17 Bit    Registers := 3     
Module xpm_fifo_reg_vec__parameterized0 
Detailed RTL Component Info : 
+---Registers : 
	               17 Bit    Registers := 1     
Module xpm_cdc_sync_rst 
Detailed RTL Component Info : 
+---Registers : 
	                2 Bit    Registers := 1     
Module xpm_fifo_rst 
Detailed RTL Component Info : 
+---Registers : 
	                2 Bit    Registers := 1     
	                1 Bit    Registers := 4     
+---Muxes : 
	   5 Input      5 Bit        Muxes := 1     
	   2 Input      5 Bit        Muxes := 5     
	   4 Input      2 Bit        Muxes := 1     
	   2 Input      2 Bit        Muxes := 2     
	   5 Input      1 Bit        Muxes := 4     
	   4 Input      1 Bit        Muxes := 1     
Module xpm_fifo_reg_bit 
Detailed RTL Component Info : 
+---Registers : 
	                1 Bit    Registers := 1     
Module xpm_counter_updn 
Detailed RTL Component Info : 
+---Adders : 
	   4 Input     17 Bit       Adders := 1     
+---Registers : 
	               17 Bit    Registers := 1     
Module xpm_counter_updn__parameterized0 
Detailed RTL Component Info : 
+---Adders : 
	   4 Input     16 Bit       Adders := 1     
+---Registers : 
	               16 Bit    Registers := 1     
Module xpm_counter_updn__parameterized1 
Detailed RTL Component Info : 
+---Adders : 
	   4 Input     16 Bit       Adders := 1     
+---Registers : 
	               16 Bit    Registers := 1     
Module xpm_fifo_base 
Detailed RTL Component Info : 
+---Adders : 
	   2 Input     17 Bit       Adders := 1     
	   3 Input     17 Bit       Adders := 2     
	   3 Input     16 Bit       Adders := 1     
+---Registers : 
	               17 Bit    Registers := 3     
	               16 Bit    Registers := 1     
	                1 Bit    Registers := 7     
+---Muxes : 
	   2 Input      1 Bit        Muxes := 1     
Module TestMultiReg_v1_0_S00_AXI 
Detailed RTL Component Info : 
+---Adders : 
	   2 Input      8 Bit       Adders := 3     
	   3 Input      6 Bit       Adders := 2     
	   2 Input      4 Bit       Adders := 2     
+---XORs : 
	   2 Input      6 Bit         XORs := 2     
+---Registers : 
	               32 Bit    Registers := 4     
	                8 Bit    Registers := 7     
	                6 Bit    Registers := 2     
	                2 Bit    Registers := 4     
	                1 Bit    Registers := 17    
+---Muxes : 
	   2 Input     32 Bit        Muxes := 6     
	   4 Input      8 Bit        Muxes := 1     
	   2 Input      7 Bit        Muxes := 1     
	   2 Input      6 Bit        Muxes := 4     
	   4 Input      6 Bit        Muxes := 2     
	   2 Input      4 Bit        Muxes := 2     
	   2 Input      1 Bit        Muxes := 31    
	   4 Input      1 Bit        Muxes := 4     
---------------------------------------------------------------------------------
Finished RTL Hierarchical Component Statistics
---------------------------------------------------------------------------------
---------------------------------------------------------------------------------
Start Part Resource Summary
---------------------------------------------------------------------------------
Part Resources:
DSPs: 80 (col length:40)
BRAMs: 120 (col length: RAMB18 40 RAMB36 20)
---------------------------------------------------------------------------------
Finished Part Resource Summary
---------------------------------------------------------------------------------
---------------------------------------------------------------------------------
Start Cross Boundary and Area Optimization
---------------------------------------------------------------------------------
Warning: Parallel synthesis criteria is not met 
WARNING: [Synth 8-6014] Unused sequential element rst_d2_inst/d_out_reg was removed.  [C:/Xilinx/Vivado/2018.2/data/ip/xpm/xpm_fifo/hdl/xpm_fifo.sv:1766]
INFO: [Synth 8-4471] merging register 'U0/TestMultiReg_v1_0_S00_AXI_inst/axi_awlen_reg[7:0]' into 'U0/TestMultiReg_v1_0_S00_AXI_inst/axi_awlen_reg[7:0]' [c:/Users/Robert/xilinx_projects/Injector_Characterization/Injector_Characterization.srcs/sources_1/bd/Injector_Characterization/ipshared/0beb/hdl/TestMultiReg_v1_0_S00_AXI.vhd:312]
INFO: [Synth 8-4471] merging register 'U0/TestMultiReg_v1_0_S00_AXI_inst/axi_arlen_reg[7:0]' into 'U0/TestMultiReg_v1_0_S00_AXI_inst/axi_arlen_reg[7:0]' [c:/Users/Robert/xilinx_projects/Injector_Characterization/Injector_Characterization.srcs/sources_1/bd/Injector_Characterization/ipshared/0beb/hdl/TestMultiReg_v1_0_S00_AXI.vhd:313]
WARNING: [Synth 8-6014] Unused sequential element U0/TestMultiReg_v1_0_S00_AXI_inst/axi_awlen_reg was removed.  [c:/Users/Robert/xilinx_projects/Injector_Characterization/Injector_Characterization.srcs/sources_1/bd/Injector_Characterization/ipshared/0beb/hdl/TestMultiReg_v1_0_S00_AXI.vhd:312]
WARNING: [Synth 8-6014] Unused sequential element U0/TestMultiReg_v1_0_S00_AXI_inst/axi_arlen_reg was removed.  [c:/Users/Robert/xilinx_projects/Injector_Characterization/Injector_Characterization.srcs/sources_1/bd/Injector_Characterization/ipshared/0beb/hdl/TestMultiReg_v1_0_S00_AXI.vhd:313]
INFO: [Synth 8-5546] ROM "U0/TestMultiReg_v1_0_S00_AXI_inst/reset_count" won't be mapped to RAM because it is too sparse
INFO: [Synth 8-5546] ROM "U0/TestMultiReg_v1_0_S00_AXI_inst/reset_fifo_mem" won't be mapped to RAM because it is too sparse
WARNING: [Synth 8-3331] design xpm_memory_base has unconnected port rsta
WARNING: [Synth 8-3331] design xpm_memory_base has unconnected port regcea
WARNING: [Synth 8-3331] design xpm_memory_base has unconnected port injectsbiterra
WARNING: [Synth 8-3331] design xpm_memory_base has unconnected port injectdbiterra
WARNING: [Synth 8-3331] design xpm_memory_base has unconnected port regceb
WARNING: [Synth 8-3331] design xpm_memory_base has unconnected port dinb[31]
WARNING: [Synth 8-3331] design xpm_memory_base has unconnected port dinb[30]
WARNING: [Synth 8-3331] design xpm_memory_base has unconnected port dinb[29]
WARNING: [Synth 8-3331] design xpm_memory_base has unconnected port dinb[28]
WARNING: [Synth 8-3331] design xpm_memory_base has unconnected port dinb[27]
WARNING: [Synth 8-3331] design xpm_memory_base has unconnected port dinb[26]
WARNING: [Synth 8-3331] design xpm_memory_base has unconnected port dinb[25]
WARNING: [Synth 8-3331] design xpm_memory_base has unconnected port dinb[24]
WARNING: [Synth 8-3331] design xpm_memory_base has unconnected port dinb[23]
WARNING: [Synth 8-3331] design xpm_memory_base has unconnected port dinb[22]
WARNING: [Synth 8-3331] design xpm_memory_base has unconnected port dinb[21]
WARNING: [Synth 8-3331] design xpm_memory_base has unconnected port dinb[20]
WARNING: [Synth 8-3331] design xpm_memory_base has unconnected port dinb[19]
WARNING: [Synth 8-3331] design xpm_memory_base has unconnected port dinb[18]
WARNING: [Synth 8-3331] design xpm_memory_base has unconnected port dinb[17]
WARNING: [Synth 8-3331] design xpm_memory_base has unconnected port dinb[16]
WARNING: [Synth 8-3331] design xpm_memory_base has unconnected port dinb[15]
INFO: [Common 17-14] Message 'Synth 8-3331' appears 100 times and further instances of the messages will be disabled. Use the Tcl command set_msg_config to change the current settings.
INFO: [Synth 8-5775] Found 'rw_addr_collision' attribute set to 'no' on SDP RAM gen_wr_a.gen_word_narrow.mem_reg. Setting write mode to NO_CHANGE 
INFO: [Synth 8-5775] Found 'rw_addr_collision' attribute set to 'no' on SDP RAM gen_wr_a.gen_word_narrow.mem_reg. Setting write mode to NO_CHANGE 
INFO: [Synth 8-5775] Found 'rw_addr_collision' attribute set to 'no' on SDP RAM gen_wr_a.gen_word_narrow.mem_reg. Setting write mode to NO_CHANGE 
INFO: [Synth 8-5775] Found 'rw_addr_collision' attribute set to 'no' on SDP RAM gen_wr_a.gen_word_narrow.mem_reg. Setting write mode to NO_CHANGE 
INFO: [Synth 8-3886] merging instance 'U0/TestMultiReg_v1_0_S00_AXI_inst/axi_rresp_reg[0]' (FDRE) to 'U0/TestMultiReg_v1_0_S00_AXI_inst/axi_rresp_reg[1]'
INFO: [Synth 8-3333] propagating constant 0 across sequential element (\U0/TestMultiReg_v1_0_S00_AXI_inst/axi_rresp_reg[1] )
INFO: [Synth 8-3886] merging instance 'U0/TestMultiReg_v1_0_S00_AXI_inst/axi_bresp_reg[0]' (FDRE) to 'U0/TestMultiReg_v1_0_S00_AXI_inst/axi_bresp_reg[1]'
INFO: [Synth 8-3333] propagating constant 0 across sequential element (\U0/TestMultiReg_v1_0_S00_AXI_inst/axi_bresp_reg[1] )
INFO: [Synth 8-3332] Sequential element (U0/TestMultiReg_v1_0_S00_AXI_inst/axi_awaddr_reg[1]) is unused and will be removed from module Injector_Characterization_AXI_Injector_0_1.
INFO: [Synth 8-3332] Sequential element (U0/TestMultiReg_v1_0_S00_AXI_inst/axi_awaddr_reg[0]) is unused and will be removed from module Injector_Characterization_AXI_Injector_0_1.
INFO: [Synth 8-3332] Sequential element (U0/TestMultiReg_v1_0_S00_AXI_inst/axi_araddr_reg[1]) is unused and will be removed from module Injector_Characterization_AXI_Injector_0_1.
INFO: [Synth 8-3332] Sequential element (U0/TestMultiReg_v1_0_S00_AXI_inst/axi_araddr_reg[0]) is unused and will be removed from module Injector_Characterization_AXI_Injector_0_1.
INFO: [Synth 8-3332] Sequential element (U0/TestMultiReg_v1_0_S00_AXI_inst/axi_bresp_reg[1]) is unused and will be removed from module Injector_Characterization_AXI_Injector_0_1.
INFO: [Synth 8-3332] Sequential element (U0/TestMultiReg_v1_0_S00_AXI_inst/axi_rresp_reg[1]) is unused and will be removed from module Injector_Characterization_AXI_Injector_0_1.
WARNING: [Synth 8-3332] Sequential element (gen_pf_ic_rc.gpf_ic.diff_pntr_pf_q_reg[2]) is unused and will be removed from module xpm_fifo_base.
WARNING: [Synth 8-3332] Sequential element (gen_pf_ic_rc.gpf_ic.diff_pntr_pf_q_reg[1]) is unused and will be removed from module xpm_fifo_base.
WARNING: [Synth 8-3332] Sequential element (gen_pf_ic_rc.gpf_ic.diff_pntr_pf_q_reg[0]) is unused and will be removed from module xpm_fifo_base.
WARNING: [Synth 8-3332] Sequential element (gwdc.wr_data_count_i_reg[15]) is unused and will be removed from module xpm_fifo_base.
WARNING: [Synth 8-3332] Sequential element (gwdc.wr_data_count_i_reg[14]) is unused and will be removed from module xpm_fifo_base.
WARNING: [Synth 8-3332] Sequential element (gwdc.wr_data_count_i_reg[13]) is unused and will be removed from module xpm_fifo_base.
WARNING: [Synth 8-3332] Sequential element (gwdc.wr_data_count_i_reg[12]) is unused and will be removed from module xpm_fifo_base.
WARNING: [Synth 8-3332] Sequential element (gwdc.wr_data_count_i_reg[11]) is unused and will be removed from module xpm_fifo_base.
WARNING: [Synth 8-3332] Sequential element (gwdc.wr_data_count_i_reg[10]) is unused and will be removed from module xpm_fifo_base.
WARNING: [Synth 8-3332] Sequential element (gwdc.wr_data_count_i_reg[9]) is unused and will be removed from module xpm_fifo_base.
WARNING: [Synth 8-3332] Sequential element (gwdc.wr_data_count_i_reg[8]) is unused and will be removed from module xpm_fifo_base.
WARNING: [Synth 8-3332] Sequential element (gwdc.wr_data_count_i_reg[7]) is unused and will be removed from module xpm_fifo_base.
WARNING: [Synth 8-3332] Sequential element (gwdc.wr_data_count_i_reg[6]) is unused and will be removed from module xpm_fifo_base.
WARNING: [Synth 8-3332] Sequential element (gwdc.wr_data_count_i_reg[5]) is unused and will be removed from module xpm_fifo_base.
WARNING: [Synth 8-3332] Sequential element (gwdc.wr_data_count_i_reg[4]) is unused and will be removed from module xpm_fifo_base.
WARNING: [Synth 8-3332] Sequential element (gwdc.wr_data_count_i_reg[3]) is unused and will be removed from module xpm_fifo_base.
WARNING: [Synth 8-3332] Sequential element (gwdc.wr_data_count_i_reg[2]) is unused and will be removed from module xpm_fifo_base.
WARNING: [Synth 8-3332] Sequential element (gwdc.wr_data_count_i_reg[1]) is unused and will be removed from module xpm_fifo_base.
WARNING: [Synth 8-3332] Sequential element (gwdc.wr_data_count_i_reg[0]) is unused and will be removed from module xpm_fifo_base.
WARNING: [Synth 8-3332] Sequential element (grdc.rd_data_count_i_reg[15]) is unused and will be removed from module xpm_fifo_base.
WARNING: [Synth 8-3332] Sequential element (grdc.rd_data_count_i_reg[14]) is unused and will be removed from module xpm_fifo_base.
WARNING: [Synth 8-3332] Sequential element (grdc.rd_data_count_i_reg[13]) is unused and will be removed from module xpm_fifo_base.
WARNING: [Synth 8-3332] Sequential element (grdc.rd_data_count_i_reg[12]) is unused and will be removed from module xpm_fifo_base.
WARNING: [Synth 8-3332] Sequential element (grdc.rd_data_count_i_reg[11]) is unused and will be removed from module xpm_fifo_base.
WARNING: [Synth 8-3332] Sequential element (grdc.rd_data_count_i_reg[10]) is unused and will be removed from module xpm_fifo_base.
WARNING: [Synth 8-3332] Sequential element (grdc.rd_data_count_i_reg[9]) is unused and will be removed from module xpm_fifo_base.
WARNING: [Synth 8-3332] Sequential element (grdc.rd_data_count_i_reg[8]) is unused and will be removed from module xpm_fifo_base.
WARNING: [Synth 8-3332] Sequential element (grdc.rd_data_count_i_reg[7]) is unused and will be removed from module xpm_fifo_base.
WARNING: [Synth 8-3332] Sequential element (grdc.rd_data_count_i_reg[6]) is unused and will be removed from module xpm_fifo_base.
WARNING: [Synth 8-3332] Sequential element (grdc.rd_data_count_i_reg[5]) is unused and will be removed from module xpm_fifo_base.
WARNING: [Synth 8-3332] Sequential element (grdc.rd_data_count_i_reg[4]) is unused and will be removed from module xpm_fifo_base.
WARNING: [Synth 8-3332] Sequential element (grdc.rd_data_count_i_reg[3]) is unused and will be removed from module xpm_fifo_base.
WARNING: [Synth 8-3332] Sequential element (grdc.rd_data_count_i_reg[2]) is unused and will be removed from module xpm_fifo_base.
WARNING: [Synth 8-3332] Sequential element (grdc.rd_data_count_i_reg[1]) is unused and will be removed from module xpm_fifo_base.
WARNING: [Synth 8-3332] Sequential element (grdc.rd_data_count_i_reg[0]) is unused and will be removed from module xpm_fifo_base.
---------------------------------------------------------------------------------
Finished Cross Boundary and Area Optimization : Time (s): cpu = 00:00:22 ; elapsed = 00:00:25 . Memory (MB): peak = 786.750 ; gain = 510.680
---------------------------------------------------------------------------------
INFO: [Synth 8-5775] Found 'rw_addr_collision' attribute set to 'no' on SDP RAM gen_wr_a.gen_word_narrow.mem_reg. Setting write mode to NO_CHANGE 
WARNING: [Synth 8-5835] Resources of type BRAM have been overutilized. Used = 128, Available = 120. Will try to implement using LUT-RAM. 
WARNING: [Synth 8-3463] Infeasible ramstyle = block set for RAM gen_wr_a.gen_word_narrow.mem_reg,trying to implement using LUTRAM
WARNING: [Synth 8-3463] Infeasible ramstyle = block set for RAM gen_wr_a.gen_word_narrow.mem_reg,trying to implement using LUTRAM
---------------------------------------------------------------------------------
Start ROM, RAM, DSP and Shift Register Reporting
---------------------------------------------------------------------------------

Distributed RAM: Preliminary Mapping  Report (see note below)
+-----------------------------------------------------------------------------------------------------------------------------------------+----------------------------------+-----------+----------------------+-----------------------------------+
|Module Name                                                                                                                              | RTL Object                       | Inference | Size (Depth x Width) | Primitives                        | 
+-----------------------------------------------------------------------------------------------------------------------------------------+----------------------------------+-----------+----------------------+-----------------------------------+
|\U0/TestMultiReg_v1_0_S00_AXI_inst/fifo_inst/xpm_fifo_async_inst/gnuram_async_fifo.xpm_fifo_base_inst /\gen_sdpram.xpm_memory_base_inst  | gen_wr_a.gen_word_narrow.mem_reg | Implied   | 64 K x 32            | RAM64X1D x 2048  RAM64M x 10240   | 
+-----------------------------------------------------------------------------------------------------------------------------------------+----------------------------------+-----------+----------------------+-----------------------------------+

Note: The table above is a preliminary report that shows the Distributed RAMs at the current stage of the synthesis flow. Some Distributed RAMs may be reimplemented as non Distributed RAM primitives later in the synthesis flow. Multiple instantiated RAMs are reported only once.
---------------------------------------------------------------------------------
Finished ROM, RAM, DSP and Shift Register Reporting
---------------------------------------------------------------------------------

Report RTL Partitions: 
+-+--------------+------------+----------+
| |RTL Partition |Replication |Instances |
+-+--------------+------------+----------+
+-+--------------+------------+----------+
---------------------------------------------------------------------------------
Start Applying XDC Timing Constraints
---------------------------------------------------------------------------------
---------------------------------------------------------------------------------
Finished Applying XDC Timing Constraints : Time (s): cpu = 00:00:36 ; elapsed = 00:00:39 . Memory (MB): peak = 850.887 ; gain = 574.816
---------------------------------------------------------------------------------
---------------------------------------------------------------------------------
Start Timing Optimization
---------------------------------------------------------------------------------
---------------------------------------------------------------------------------
Finished Timing Optimization : Time (s): cpu = 00:00:43 ; elapsed = 00:00:47 . Memory (MB): peak = 924.016 ; gain = 647.945
---------------------------------------------------------------------------------
---------------------------------------------------------------------------------
Start ROM, RAM, DSP and Shift Register Reporting
---------------------------------------------------------------------------------

Distributed RAM: Final Mapping  Report
+-----------------------------------------------------------------------------------------------------------------------------------------+----------------------------------+-----------+----------------------+-----------------------------------+
|Module Name                                                                                                                              | RTL Object                       | Inference | Size (Depth x Width) | Primitives                        | 
+-----------------------------------------------------------------------------------------------------------------------------------------+----------------------------------+-----------+----------------------+-----------------------------------+
|\U0/TestMultiReg_v1_0_S00_AXI_inst/fifo_inst/xpm_fifo_async_inst/gnuram_async_fifo.xpm_fifo_base_inst /\gen_sdpram.xpm_memory_base_inst  | gen_wr_a.gen_word_narrow.mem_reg | Implied   | 64 K x 32            | RAM64X1D x 2048  RAM64M x 10240   | 
+-----------------------------------------------------------------------------------------------------------------------------------------+----------------------------------+-----------+----------------------+-----------------------------------+

---------------------------------------------------------------------------------
Finished ROM, RAM, DSP and Shift Register Reporting
---------------------------------------------------------------------------------

Report RTL Partitions: 
+-+--------------+------------+----------+
| |RTL Partition |Replication |Instances |
+-+--------------+------------+----------+
+-+--------------+------------+----------+
---------------------------------------------------------------------------------
Start Technology Mapping
---------------------------------------------------------------------------------
---------------------------------------------------------------------------------
Finished Technology Mapping : Time (s): cpu = 00:01:16 ; elapsed = 00:01:20 . Memory (MB): peak = 1318.672 ; gain = 1042.602
---------------------------------------------------------------------------------

Report RTL Partitions: 
+-+--------------+------------+----------+
| |RTL Partition |Replication |Instances |
+-+--------------+------------+----------+
+-+--------------+------------+----------+
---------------------------------------------------------------------------------
Start IO Insertion
---------------------------------------------------------------------------------
---------------------------------------------------------------------------------
Start Flattening Before IO Insertion
---------------------------------------------------------------------------------
---------------------------------------------------------------------------------
Finished Flattening Before IO Insertion
---------------------------------------------------------------------------------
---------------------------------------------------------------------------------
Start Final Netlist Cleanup
---------------------------------------------------------------------------------
---------------------------------------------------------------------------------
Finished Final Netlist Cleanup
---------------------------------------------------------------------------------
---------------------------------------------------------------------------------
Finished IO Insertion : Time (s): cpu = 00:01:22 ; elapsed = 00:01:26 . Memory (MB): peak = 1318.672 ; gain = 1042.602
---------------------------------------------------------------------------------

Report Check Netlist: 
+------+------------------+-------+---------+-------+------------------+
|      |Item              |Errors |Warnings |Status |Description       |
+------+------------------+-------+---------+-------+------------------+
|1     |multi_driven_nets |      0|        0|Passed |Multi driven nets |
+------+------------------+-------+---------+-------+------------------+
---------------------------------------------------------------------------------
Start Renaming Generated Instances
---------------------------------------------------------------------------------
---------------------------------------------------------------------------------
Finished Renaming Generated Instances : Time (s): cpu = 00:01:23 ; elapsed = 00:01:27 . Memory (MB): peak = 1318.672 ; gain = 1042.602
---------------------------------------------------------------------------------

Report RTL Partitions: 
+-+--------------+------------+----------+
| |RTL Partition |Replication |Instances |
+-+--------------+------------+----------+
+-+--------------+------------+----------+
---------------------------------------------------------------------------------
Start Rebuilding User Hierarchy
---------------------------------------------------------------------------------
---------------------------------------------------------------------------------
Finished Rebuilding User Hierarchy : Time (s): cpu = 00:01:26 ; elapsed = 00:01:30 . Memory (MB): peak = 1318.672 ; gain = 1042.602
---------------------------------------------------------------------------------
---------------------------------------------------------------------------------
Start Renaming Generated Ports
---------------------------------------------------------------------------------
---------------------------------------------------------------------------------
Finished Renaming Generated Ports : Time (s): cpu = 00:01:26 ; elapsed = 00:01:30 . Memory (MB): peak = 1318.672 ; gain = 1042.602
---------------------------------------------------------------------------------
---------------------------------------------------------------------------------
Start Handling Custom Attributes
---------------------------------------------------------------------------------
---------------------------------------------------------------------------------
Finished Handling Custom Attributes : Time (s): cpu = 00:02:38 ; elapsed = 00:02:43 . Memory (MB): peak = 1318.672 ; gain = 1042.602
---------------------------------------------------------------------------------
---------------------------------------------------------------------------------
Start Renaming Generated Nets
---------------------------------------------------------------------------------
---------------------------------------------------------------------------------
Finished Renaming Generated Nets : Time (s): cpu = 00:02:38 ; elapsed = 00:02:43 . Memory (MB): peak = 1318.672 ; gain = 1042.602
---------------------------------------------------------------------------------
---------------------------------------------------------------------------------
Start Writing Synthesis Report
---------------------------------------------------------------------------------

Report BlackBoxes: 
+-+--------------+----------+
| |BlackBox name |Instances |
+-+--------------+----------+
+-+--------------+----------+

Report Cell Usage: 
+------+---------+------+
|      |Cell     |Count |
+------+---------+------+
|1     |CARRY4   |    50|
|2     |LUT1     |     3|
|3     |LUT2     |   323|
|4     |LUT3     |   214|
|5     |LUT4     | 12502|
|6     |LUT5     |  4879|
|7     |LUT6     | 16287|
|8     |MUXF7    |  4352|
|9     |MUXF8    |  2176|
|10    |RAM64M   | 10240|
|11    |RAM64X1D |  2048|
|12    |FDRE     |   594|
|13    |FDSE     |    38|
+------+---------+------+

Report Instance Areas: 
+------+-------------------------------------------------+-----------------------------------+------+
|      |Instance                                         |Module                             |Cells |
+------+-------------------------------------------------+-----------------------------------+------+
|1     |top                                              |                                   | 53706|
|2     |  U0                                             |TestMultiReg_v1_0                  | 53706|
|3     |    TestMultiReg_v1_0_S00_AXI_inst               |TestMultiReg_v1_0_S00_AXI          | 53706|
|4     |      fifo_inst                                  |fifo_injector                      | 53326|
|5     |        xpm_fifo_async_inst                      |xpm_fifo_async                     | 53326|
|6     |          \gnuram_async_fifo.xpm_fifo_base_inst  |xpm_fifo_base                      | 53321|
|7     |            \gen_sdpram.xpm_memory_base_inst     |xpm_memory_base                    | 52621|
|8     |            \gen_cdc_pntr.wr_pntr_cdc_inst       |xpm_cdc_gray__1                    |    78|
|9     |            \gen_cdc_pntr.wr_pntr_cdc_dc_inst    |xpm_cdc_gray__parameterized0__1    |    83|
|10    |            \gen_cdc_pntr.rd_pntr_cdc_inst       |xpm_cdc_gray                       |    78|
|11    |            \gen_cdc_pntr.rd_pntr_cdc_dc_inst    |xpm_cdc_gray__parameterized0       |    83|
|12    |            \gen_cdc_pntr.rpw_gray_reg           |xpm_fifo_reg_vec                   |    31|
|13    |            \gen_cdc_pntr.rpw_gray_reg_dc        |xpm_fifo_reg_vec__parameterized0   |    17|
|14    |            \gen_cdc_pntr.wpr_gray_reg           |xpm_fifo_reg_vec_0                 |    35|
|15    |            \gen_cdc_pntr.wpr_gray_reg_dc        |xpm_fifo_reg_vec__parameterized0_1 |    39|
|16    |            rdp_inst                             |xpm_counter_updn                   |    41|
|17    |            rdpp1_inst                           |xpm_counter_updn__parameterized0   |    22|
|18    |            rst_d1_inst                          |xpm_fifo_reg_bit                   |     7|
|19    |            wrp_inst                             |xpm_counter_updn_2                 |    44|
|20    |            wrpp1_inst                           |xpm_counter_updn__parameterized0_3 |    41|
|21    |            wrpp2_inst                           |xpm_counter_updn__parameterized1   |    21|
|22    |            xpm_fifo_rst_inst                    |xpm_fifo_rst                       |    33|
|23    |              \gen_rst_ic.wrst_rd_inst           |xpm_cdc_sync_rst__1                |     2|
|24    |              \gen_rst_ic.rrst_wr_inst           |xpm_cdc_sync_rst                   |     2|
+------+-------------------------------------------------+-----------------------------------+------+
---------------------------------------------------------------------------------
Finished Writing Synthesis Report : Time (s): cpu = 00:02:38 ; elapsed = 00:02:43 . Memory (MB): peak = 1318.672 ; gain = 1042.602
---------------------------------------------------------------------------------
Synthesis finished with 0 errors, 0 critical warnings and 118 warnings.
Synthesis Optimization Runtime : Time (s): cpu = 00:02:23 ; elapsed = 00:02:35 . Memory (MB): peak = 1318.672 ; gain = 761.309
Synthesis Optimization Complete : Time (s): cpu = 00:02:38 ; elapsed = 00:02:43 . Memory (MB): peak = 1318.672 ; gain = 1042.602
INFO: [Project 1-571] Translating synthesized netlist
INFO: [Netlist 29-17] Analyzing 18866 Unisim elements for replacement
INFO: [Netlist 29-28] Unisim Transformation completed in 10 CPU seconds
WARNING: [Netlist 29-101] Netlist 'Injector_Characterization_AXI_Injector_0_1' is not ideal for floorplanning, since the cellview 'xpm_memory_base' contains a large number of primitives.  Please consider enabling hierarchy in synthesis if you want to do floorplanning.
INFO: [Project 1-570] Preparing netlist for logic optimization
INFO: [Opt 31-138] Pushed 0 inverter(s) to 0 load pin(s).
INFO: [Project 1-111] Unisim Transformation Summary:
  A total of 12288 instances were transformed.
  RAM64M => RAM64M (RAMD64E, RAMD64E, RAMD64E, RAMD64E): 10240 instances
  RAM64X1D => RAM64X1D (RAMD64E, RAMD64E): 2048 instances

INFO: [Common 17-83] Releasing license: Synthesis
106 Infos, 259 Warnings, 0 Critical Warnings and 0 Errors encountered.
synth_design completed successfully
synth_design: Time (s): cpu = 00:03:16 ; elapsed = 00:03:21 . Memory (MB): peak = 1318.672 ; gain = 1048.410
INFO: [Common 17-600] The following parameters have non-default value.
tcl.collectionResultDisplayLimit
WARNING: [Constraints 18-5210] No constraint will be written out.
INFO: [Common 17-1381] The checkpoint 'C:/Users/Robert/xilinx_projects/Injector_Characterization/Injector_Characterization.runs/Injector_Characterization_AXI_Injector_0_1_synth_1/Injector_Characterization_AXI_Injector_0_1.dcp' has been generated.
write_checkpoint: Time (s): cpu = 00:00:19 ; elapsed = 00:00:15 . Memory (MB): peak = 1318.672 ; gain = 0.000
write_vhdl: Time (s): cpu = 00:00:08 ; elapsed = 00:00:08 . Memory (MB): peak = 1318.672 ; gain = 0.000
