Exception at PC 0x00007FFDC30AE132
Attemped to write at address 0x00007FFE0E284AA4
Printing stacktrace...

[0]  [0x00007FFDC30AE132]
[1]  [0x00007FFDC30AE132]
[2]  [0x00007FFDC30AE194]
[3]  [0x00007FFDC2CFD0D7]
[4]  [0x00007FFDC2BE2BCA]
[5]  [0x00007FFDC2BE2FD1]
[6]  [0x00007FFDC30AEB2F]
[7]  [0x00007FFDC2F6C19D]
[8]  [0x00007FFDC2F65942]
[9]  [0x00007FFDC2F65AB5]
[10] (RtlActivateActivationContextUnsafeFast+0x123) [0x00007FFE45134053]
[11] (LdrShutdownProcess+0x125) [0x00007FFE45140A05]
[12] (RtlExitUserProcess+0xd8) [0x00007FFE451408C8]
[13] (FatalExit+0xa) [0x00007FFE431FB19A]
[14] (exit+0x75) [0x00007FFE425C9CE5]
[15] (initterm_e+0x235) [0x00007FFE425CA345]
[16]  [0x00000000004014CD]
[17]  [0x000000000040151B]
[18] (BaseThreadInitThunk+0x14) [0x00007FFE431F3034]
[19] (RtlUserThreadStart+0x21) [0x00007FFE45171461]
Done
