INFO: [VRFC 10-2263] Analyzing Verilog file "D:/depot/Projects/ETF_2021/SystemILATest/SystemILATest.srcs/sources_1/bd/SystemILATest/ip/SystemILATest_processing_system7_0_0/sim/SystemILATest_processing_system7_0_0.v" into library xil_defaultlib
INFO: [VRFC 10-311] analyzing module SystemILATest_processing_system7_0_0
INFO: [VRFC 10-2263] Analyzing Verilog file "D:/depot/Projects/ETF_2021/SystemILATest/SystemILATest.srcs/sources_1/bd/SystemILATest/sim/SystemILATest.v" into library xil_defaultlib
INFO: [VRFC 10-311] analyzing module SystemILATest
INFO: [VRFC 10-311] analyzing module SystemILATest_ps7_0_axi_periph_0
INFO: [VRFC 10-311] analyzing module s00_couplers_imp_LQ9YNT
INFO: [VRFC 10-2263] Analyzing Verilog file "D:/depot/Projects/ETF_2021/SystemILATest/SystemILATest.srcs/sources_1/bd/SystemILATest/ip/SystemILATest_clk_wiz_0_0/SystemILATest_clk_wiz_0_0_clk_wiz.v" into library xil_defaultlib
INFO: [VRFC 10-311] analyzing module SystemILATest_clk_wiz_0_0_clk_wiz
INFO: [VRFC 10-2263] Analyzing Verilog file "D:/depot/Projects/ETF_2021/SystemILATest/SystemILATest.srcs/sources_1/bd/SystemILATest/ip/SystemILATest_clk_wiz_0_0/SystemILATest_clk_wiz_0_0.v" into library xil_defaultlib
INFO: [VRFC 10-311] analyzing module SystemILATest_clk_wiz_0_0
INFO: [VRFC 10-2263] Analyzing Verilog file "D:/depot/Projects/ETF_2021/SystemILATest/SystemILATest.srcs/sources_1/bd/SystemILATest/ip/SystemILATest_util_reduced_logic_0_0/sim/SystemILATest_util_reduced_logic_0_0.v" into library xil_defaultlib
INFO: [VRFC 10-311] analyzing module SystemILATest_util_reduced_logic_0_0
INFO: [VRFC 10-2263] Analyzing Verilog file "D:/depot/Projects/ETF_2021/SystemILATest/SystemILATest.srcs/sources_1/bd/SystemILATest/ip/SystemILATest_util_reduced_logic_1_0/sim/SystemILATest_util_reduced_logic_1_0.v" into library xil_defaultlib
INFO: [VRFC 10-311] analyzing module SystemILATest_util_reduced_logic_1_0
INFO: [VRFC 10-2263] Analyzing Verilog file "D:/depot/Projects/ETF_2021/SystemILATest/SystemILATest.srcs/sources_1/bd/SystemILATest/ip/SystemILATest_system_ila_0_0/bd_0/sim/bd_fa42.v" into library xil_defaultlib
INFO: [VRFC 10-311] analyzing module bd_fa42
INFO: [VRFC 10-2263] Analyzing Verilog file "D:/depot/Projects/ETF_2021/SystemILATest/SystemILATest.srcs/sources_1/bd/SystemILATest/ip/SystemILATest_system_ila_0_0/bd_0/ip/ip_0/sim/bd_fa42_ila_lib_0.v" into library xil_defaultlib
INFO: [VRFC 10-311] analyzing module bd_fa42_ila_lib_0
INFO: [VRFC 10-2263] Analyzing Verilog file "D:/depot/Projects/ETF_2021/SystemILATest/SystemILATest.srcs/sources_1/bd/SystemILATest/ip/SystemILATest_system_ila_0_0/bd_0/ip/ip_1/bd_fa42_g_inst_0_gigantic_mux.v" into library xil_defaultlib
INFO: [VRFC 10-311] analyzing module bd_fa42_g_inst_0_gigantic_mux
INFO: [VRFC 10-2263] Analyzing Verilog file "D:/depot/Projects/ETF_2021/SystemILATest/SystemILATest.srcs/sources_1/bd/SystemILATest/ip/SystemILATest_system_ila_0_0/bd_0/ip/ip_1/sim/bd_fa42_g_inst_0.v" into library xil_defaultlib
INFO: [VRFC 10-311] analyzing module bd_fa42_g_inst_0
INFO: [VRFC 10-2263] Analyzing Verilog file "D:/depot/Projects/ETF_2021/SystemILATest/SystemILATest.srcs/sources_1/bd/SystemILATest/ip/SystemILATest_system_ila_0_0/bd_0/ip/ip_2/sim/bd_fa42_slot_0_aw_0.v" into library xil_defaultlib
INFO: [VRFC 10-311] analyzing module bd_fa42_slot_0_aw_0
INFO: [VRFC 10-2263] Analyzing Verilog file "D:/depot/Projects/ETF_2021/SystemILATest/SystemILATest.srcs/sources_1/bd/SystemILATest/ip/SystemILATest_system_ila_0_0/bd_0/ip/ip_3/sim/bd_fa42_slot_0_w_0.v" into library xil_defaultlib
INFO: [VRFC 10-311] analyzing module bd_fa42_slot_0_w_0
INFO: [VRFC 10-2263] Analyzing Verilog file "D:/depot/Projects/ETF_2021/SystemILATest/SystemILATest.srcs/sources_1/bd/SystemILATest/ip/SystemILATest_system_ila_0_0/bd_0/ip/ip_4/sim/bd_fa42_slot_0_b_0.v" into library xil_defaultlib
INFO: [VRFC 10-311] analyzing module bd_fa42_slot_0_b_0
INFO: [VRFC 10-2263] Analyzing Verilog file "D:/depot/Projects/ETF_2021/SystemILATest/SystemILATest.srcs/sources_1/bd/SystemILATest/ip/SystemILATest_system_ila_0_0/bd_0/ip/ip_5/sim/bd_fa42_slot_0_ar_0.v" into library xil_defaultlib
INFO: [VRFC 10-311] analyzing module bd_fa42_slot_0_ar_0
INFO: [VRFC 10-2263] Analyzing Verilog file "D:/depot/Projects/ETF_2021/SystemILATest/SystemILATest.srcs/sources_1/bd/SystemILATest/ip/SystemILATest_system_ila_0_0/bd_0/ip/ip_6/sim/bd_fa42_slot_0_r_0.v" into library xil_defaultlib
INFO: [VRFC 10-311] analyzing module bd_fa42_slot_0_r_0
INFO: [VRFC 10-2263] Analyzing Verilog file "D:/depot/Projects/ETF_2021/SystemILATest/SystemILATest.srcs/sources_1/bd/SystemILATest/ip/SystemILATest_system_ila_0_0/sim/SystemILATest_system_ila_0_0.v" into library xil_defaultlib
INFO: [VRFC 10-311] analyzing module SystemILATest_system_ila_0_0
INFO: [VRFC 10-2263] Analyzing Verilog file "D:/depot/Projects/ETF_2021/SystemILATest/SystemILATest.srcs/sources_1/bd/SystemILATest/ip/SystemILATest_auto_pc_0/sim/SystemILATest_auto_pc_0.v" into library xil_defaultlib
INFO: [VRFC 10-311] analyzing module SystemILATest_auto_pc_0
INFO: [VRFC 10-2263] Analyzing Verilog file "D:/depot/Projects/ETF_2021/SystemILATest/SystemILATest.srcs/sources_1/bd/SystemILATest/hdl/SystemILATest_wrapper.v" into library xil_defaultlib
INFO: [VRFC 10-311] analyzing module SystemILATest_wrapper
INFO: [VRFC 10-163] Analyzing VHDL file "D:/depot/Projects/ETF_2021/SystemILATest/SystemILATest.srcs/sources_1/bd/SystemILATest/ipshared/50e6/hdl/TestMultiReg_v1_0_S00_AXI.vhd" into library xil_defaultlib
INFO: [VRFC 10-307] analyzing entity TestMultiReg_v1_0_S00_AXI
INFO: [VRFC 10-163] Analyzing VHDL file "D:/depot/Projects/ETF_2021/SystemILATest/SystemILATest.srcs/sources_1/bd/SystemILATest/ipshared/50e6/src/fifo_injector.vhd" into library xil_defaultlib
INFO: [VRFC 10-307] analyzing entity fifo_injector
INFO: [VRFC 10-163] Analyzing VHDL file "D:/depot/Projects/ETF_2021/SystemILATest/SystemILATest.srcs/sources_1/bd/SystemILATest/ipshared/50e6/hdl/TestMultiReg_v1_0.vhd" into library xil_defaultlib
INFO: [VRFC 10-307] analyzing entity TestMultiReg_v1_0
INFO: [VRFC 10-163] Analyzing VHDL file "D:/depot/Projects/ETF_2021/SystemILATest/SystemILATest.srcs/sources_1/bd/SystemILATest/ip/SystemILATest_AXI_Injector_0_0/sim/SystemILATest_AXI_Injector_0_0.vhd" into library xil_defaultlib
INFO: [VRFC 10-307] analyzing entity SystemILATest_AXI_Injector_0_0
